[0.971s] Invoking command in '/home/sberk/Desktop/paralel/src/sequential': CMAKE_PREFIX_PATH=/home/sberk/Desktop/paralel/install/sift_interfaces:/home/sberk/Desktop/paralel/install/paralel:/opt/ros/jazzy/opt/gz_sim_vendor:/opt/ros/jazzy/opt/gz_sensors_vendor:/opt/ros/jazzy/opt/gz_physics_vendor:/opt/ros/jazzy/opt/sdformat_vendor:/opt/ros/jazzy/opt/gz_gui_vendor:/opt/ros/jazzy/opt/gz_transport_vendor:/opt/ros/jazzy/opt/gz_rendering_vendor:/opt/ros/jazzy/opt/gz_plugin_vendor:/opt/ros/jazzy/opt/gz_fuel_tools_vendor:/opt/ros/jazzy/opt/gz_msgs_vendor:/opt/ros/jazzy/opt/gz_common_vendor:/opt/ros/jazzy/opt/gz_math_vendor:/opt/ros/jazzy/opt/gz_utils_vendor:/opt/ros/jazzy/opt/gz_tools_vendor:/opt/ros/jazzy/opt/gz_ogre_next_vendor:/opt/ros/jazzy/opt/gz_dartsim_vendor:/opt/ros/jazzy/opt/gz_cmake_vendor DEBUGINFOD_URLS=https://debuginfod.ubuntu.com PYTHONPATH=/home/sberk/Desktop/paralel/build/sequential/prefix_override:/usr/lib/python3/dist-packages/colcon_core/task/python/colcon_distutils_commands:/home/sberk/Desktop/paralel/install/sequential/lib/python3.12/site-packages:/home/sberk/Desktop/paralel/install/sift_interfaces/lib/python3.12/site-packages:/home/sberk/Desktop/paralel/install/sequential/lib/python3.12/site-packages:/home/sberk/Desktop/paralel/install/parallel/lib/python3.12/site-packages:/opt/ros/jazzy/lib/python3.12/site-packages VIRTUAL_ENV_PROMPT=(venv-ardupilot) /usr/bin/python3 -W ignore:setup.py install is deprecated -W ignore:easy_install command is deprecated setup.py egg_info --egg-base ../../build/sequential build --build-base /home/sberk/Desktop/paralel/build/sequential/build install --record /home/sberk/Desktop/paralel/build/sequential/install.log --single-version-externally-managed install_data
[1.299s] running egg_info
[1.323s] writing ../../build/sequential/sequential.egg-info/PKG-INFO
[1.323s] writing dependency_links to ../../build/sequential/sequential.egg-info/dependency_links.txt
[1.323s] writing entry points to ../../build/sequential/sequential.egg-info/entry_points.txt
[1.323s] writing requirements to ../../build/sequential/sequential.egg-info/requires.txt
[1.323s] writing top-level names to ../../build/sequential/sequential.egg-info/top_level.txt
[1.375s] reading manifest file '../../build/sequential/sequential.egg-info/SOURCES.txt'
[1.376s] writing manifest file '../../build/sequential/sequential.egg-info/SOURCES.txt'
[1.376s] running build
[1.376s] running build_py
[1.376s] copying sequential/flann_subscriber.py -> /home/sberk/Desktop/paralel/build/sequential/build/lib/sequential
[1.376s] running install
[1.385s] running install_lib
[1.410s] copying /home/sberk/Desktop/paralel/build/sequential/build/lib/sequential/flann_subscriber.py -> /home/sberk/Desktop/paralel/install/sequential/lib/python3.12/site-packages/sequential
[1.411s] byte-compiling /home/sberk/Desktop/paralel/install/sequential/lib/python3.12/site-packages/sequential/flann_subscriber.py to flann_subscriber.cpython-312.pyc
[1.417s] running install_data
[1.417s] running install_egg_info
[1.442s] removing '/home/sberk/Desktop/paralel/install/sequential/lib/python3.12/site-packages/sequential-0.0.1-py3.12.egg-info' (and everything under it)
[1.442s] Copying ../../build/sequential/sequential.egg-info to /home/sberk/Desktop/paralel/install/sequential/lib/python3.12/site-packages/sequential-0.0.1-py3.12.egg-info
[1.447s] running install_scripts
[1.621s] Installing flann_subscriber script to /home/sberk/Desktop/paralel/install/sequential/lib/sequential
[1.621s] Installing sift_publisher script to /home/sberk/Desktop/paralel/install/sequential/lib/sequential
[1.622s] writing list of installed files to '/home/sberk/Desktop/paralel/build/sequential/install.log'
[1.658s] Invoked command in '/home/sberk/Desktop/paralel/src/sequential' returned '0': CMAKE_PREFIX_PATH=/home/sberk/Desktop/paralel/install/sift_interfaces:/home/sberk/Desktop/paralel/install/paralel:/opt/ros/jazzy/opt/gz_sim_vendor:/opt/ros/jazzy/opt/gz_sensors_vendor:/opt/ros/jazzy/opt/gz_physics_vendor:/opt/ros/jazzy/opt/sdformat_vendor:/opt/ros/jazzy/opt/gz_gui_vendor:/opt/ros/jazzy/opt/gz_transport_vendor:/opt/ros/jazzy/opt/gz_rendering_vendor:/opt/ros/jazzy/opt/gz_plugin_vendor:/opt/ros/jazzy/opt/gz_fuel_tools_vendor:/opt/ros/jazzy/opt/gz_msgs_vendor:/opt/ros/jazzy/opt/gz_common_vendor:/opt/ros/jazzy/opt/gz_math_vendor:/opt/ros/jazzy/opt/gz_utils_vendor:/opt/ros/jazzy/opt/gz_tools_vendor:/opt/ros/jazzy/opt/gz_ogre_next_vendor:/opt/ros/jazzy/opt/gz_dartsim_vendor:/opt/ros/jazzy/opt/gz_cmake_vendor DEBUGINFOD_URLS=https://debuginfod.ubuntu.com PYTHONPATH=/home/sberk/Desktop/paralel/build/sequential/prefix_override:/usr/lib/python3/dist-packages/colcon_core/task/python/colcon_distutils_commands:/home/sberk/Desktop/paralel/install/sequential/lib/python3.12/site-packages:/home/sberk/Desktop/paralel/install/sift_interfaces/lib/python3.12/site-packages:/home/sberk/Desktop/paralel/install/sequential/lib/python3.12/site-packages:/home/sberk/Desktop/paralel/install/parallel/lib/python3.12/site-packages:/opt/ros/jazzy/lib/python3.12/site-packages VIRTUAL_ENV_PROMPT=(venv-ardupilot) /usr/bin/python3 -W ignore:setup.py install is deprecated -W ignore:easy_install command is deprecated setup.py egg_info --egg-base ../../build/sequential build --build-base /home/sberk/Desktop/paralel/build/sequential/build install --record /home/sberk/Desktop/paralel/build/sequential/install.log --single-version-externally-managed install_data
