[0.035s] Invoking command in '/home/sberk/Desktop/paralel/build/paralel': CMAKE_PREFIX_PATH=/home/sberk/Desktop/paralel/install/sift_interfaces:/home/sberk/Desktop/paralel/install/paralel:/opt/ros/jazzy/opt/gz_sim_vendor:/opt/ros/jazzy/opt/gz_sensors_vendor:/opt/ros/jazzy/opt/gz_physics_vendor:/opt/ros/jazzy/opt/sdformat_vendor:/opt/ros/jazzy/opt/gz_gui_vendor:/opt/ros/jazzy/opt/gz_transport_vendor:/opt/ros/jazzy/opt/gz_rendering_vendor:/opt/ros/jazzy/opt/gz_plugin_vendor:/opt/ros/jazzy/opt/gz_fuel_tools_vendor:/opt/ros/jazzy/opt/gz_msgs_vendor:/opt/ros/jazzy/opt/gz_common_vendor:/opt/ros/jazzy/opt/gz_math_vendor:/opt/ros/jazzy/opt/gz_utils_vendor:/opt/ros/jazzy/opt/gz_tools_vendor:/opt/ros/jazzy/opt/gz_ogre_next_vendor:/opt/ros/jazzy/opt/gz_dartsim_vendor:/opt/ros/jazzy/opt/gz_cmake_vendor:/home/sberk/Desktop/paralel/install/sequential:/home/sberk/Desktop/paralel/install/parallel:/opt/ros/jazzy DEBUGINFOD_URLS=https://debuginfod.ubuntu.com PYTHONPATH=/home/sberk/Desktop/paralel/install/sift_interfaces/lib/python3.12/site-packages:/home/sberk/Desktop/paralel/install/sequential/lib/python3.12/site-packages:/home/sberk/Desktop/paralel/install/parallel/lib/python3.12/site-packages:/opt/ros/jazzy/lib/python3.12/site-packages VIRTUAL_ENV_PROMPT=(venv-ardupilot) /usr/bin/cmake --build /home/sberk/Desktop/paralel/build/paralel -- -j8 -l8
[0.111s] [ 20%] Building CUDA object CMakeFiles/paralel_cuda_kernels.dir/src/cuda_kernels.cu.o
[3.110s] /tmp/tmpxft_00005d08_00000000-6_cuda_kernels.cudafe1.cpp:1:3: warning: style of line directive is a GCC extension
[3.110s]     1 | # 1 "/home/sberk/Desktop/paralel/src/paralel/src/cuda_kernels.cu"
[3.110s]       |   ^
[3.110s] /home/sberk/Desktop/paralel/src/paralel/src/cuda_kernels.cu:2:3: warning: style of line directive is a GCC extension
[3.110s]     2 |  * cuda_kernels.cu
[3.110s]       |   ^
[3.110s] /home/sberk/Desktop/paralel/src/paralel/src/cuda_kernels.cu:2:3: warning: style of line directive is a GCC extension
[3.110s]     2 |  * cuda_kernels.cu
[3.111s]       |   ^
[3.111s] /home/sberk/Desktop/paralel/src/paralel/src/cuda_kernels.cu:2:3: warning: style of line directive is a GCC extension
[3.111s]     2 |  * cuda_kernels.cu
[3.111s]       |   ^
[3.111s] /home/sberk/Desktop/paralel/src/paralel/src/cuda_kernels.cu:2:3: warning: style of line directive is a GCC extension
[3.111s]     2 |  * cuda_kernels.cu
[3.111s]       |   ^
[3.111s] /home/sberk/Desktop/paralel/src/paralel/src/cuda_kernels.cu:2:3: warning: style of line directive is a GCC extension
[3.112s]     2 |  * cuda_kernels.cu
[3.112s]       |   ^
[3.112s] /home/sberk/Desktop/paralel/src/paralel/src/cuda_kernels.cu:2:3: warning: style of line directive is a GCC extension
[3.112s]     2 |  * cuda_kernels.cu
[3.112s]       |   ^
[3.112s] /home/sberk/Desktop/paralel/src/paralel/src/cuda_kernels.cu:3:3: warning: style of line directive is a GCC extension
[3.112s]     3 |  * ─────────────────────────────────────────────────────────────────────────────
[3.112s]       |   ^
[3.112s] /home/sberk/Desktop/paralel/src/paralel/src/cuda_kernels.cu:6:3: warning: style of line directive is a GCC extension
[3.113s]     6 |  * Optimised CUDA-aware data path:
[3.113s]       |   ^
[3.113s] /home/sberk/Desktop/paralel/src/paralel/src/cuda_kernels.cu:1:3: warning: style of line directive is a GCC extension
[3.113s]     1 | /**
[3.113s]       |   ^ 
[3.207s] /home/sberk/Desktop/paralel/src/paralel/include/paralel/cuda_kernels.hpp:27:3: warning: style of line directive is a GCC extension
[3.207s]    27 | 
[3.207s]       |   ^ 
[3.207s] /home/sberk/Desktop/paralel/src/paralel/include/paralel/cuda_kernels.hpp:29:3: warning: style of line directive is a GCC extension
[3.207s]    29 | 
[3.208s]       |   ^ 
[3.208s] /home/sberk/Desktop/paralel/src/paralel/include/paralel/cuda_kernels.hpp:45:3: warning: style of line directive is a GCC extension
[3.208s]    45 |     const cv::Mat & descriptors,
[3.209s]       |   ^ 
[3.210s] /home/sberk/Desktop/paralel/src/paralel/include/paralel/cuda_kernels.hpp:55:3: warning: style of line directive is a GCC extension
[3.211s]    55 |     // For each query keypoint that PASSED the ratio test:
[3.212s]       |   ^ 
[3.212s] /home/sberk/Desktop/paralel/src/paralel/include/paralel/cuda_kernels.hpp:57:3: warning: style of line directive is a GCC extension
[3.213s]    57 |     std::vector<int> train_idx;   // matched index into train/large feature set
[3.214s]       |   ^ 
[3.214s] /home/sberk/Desktop/paralel/src/paralel/include/paralel/cuda_kernels.hpp:58:3: warning: style of line directive is a GCC extension
[3.214s]    58 |     int   total_query   = 0;      // number of query descriptors examined
[3.215s]       |   ^ 
[3.215s] /home/sberk/Desktop/paralel/src/paralel/include/paralel/cuda_kernels.hpp:59:3: warning: style of line directive is a GCC extension
[3.215s]    59 |     int   good_matches  = 0;      // number that passed the ratio test
[3.215s]       |   ^ 
[3.216s] /home/sberk/Desktop/paralel/src/paralel/include/paralel/cuda_kernels.hpp:60:3: warning: style of line directive is a GCC extension
[3.216s]    60 | };
[3.216s]       |   ^ 
[3.216s] /home/sberk/Desktop/paralel/src/paralel/include/paralel/cuda_kernels.hpp:61:3: warning: style of line directive is a GCC extension
[3.216s]    61 | 
[3.216s]       |   ^ 
[3.216s] /home/sberk/Desktop/paralel/src/paralel/include/paralel/cuda_kernels.hpp:75:3: warning: style of line directive is a GCC extension
[3.216s]    75 |     const GpuFeatures & query,
[3.216s]       |   ^ 
[3.216s] /home/sberk/Desktop/paralel/src/paralel/include/paralel/cuda_kernels.hpp:81:3: warning: style of line directive is a GCC extension
[3.216s]    81 | 
[3.217s]       |   ^ 
[3.217s] /home/sberk/Desktop/paralel/src/paralel/include/paralel/cuda_kernels.hpp:83:3: warning: style of line directive is a GCC extension
[3.217s]    83 |     const std::vector<std::vector<cv::DMatch>> & knn_matches,
[3.217s]       |   ^ 
[3.217s] /home/sberk/Desktop/paralel/src/paralel/include/paralel/cuda_kernels.hpp:88:3: warning: style of line directive is a GCC extension
[3.217s]    88 | 
[3.217s]       |   ^ 
[3.217s] /home/sberk/Desktop/paralel/src/paralel/include/paralel/cuda_kernels.hpp:90:3: warning: style of line directive is a GCC extension
[3.217s] /home/sberk/Desktop/paralel/src/paralel/include/paralel/gpu_feature_bus.hpp:27:3: warning: style of line directive is a GCC extension
[3.217s]    27 | 
[3.217s]       |   ^ 
[3.217s] /home/sberk/Desktop/paralel/src/paralel/include/paralel/gpu_feature_bus.hpp:36:3: warning: style of line directive is a GCC extension
[3.218s]    36 |     // Device buffers (VRAM-resident)
[3.218s]       |   ^ 
[3.218s] /home/sberk/Desktop/paralel/src/paralel/include/paralel/gpu_feature_bus.hpp:38:3: warning: style of line directive is a GCC extension
[3.218s]    38 |     float * d_kp_x        = nullptr;   // N, device memory
[3.218s]       |   ^ 
[3.218s] /home/sberk/Desktop/paralel/src/paralel/include/paralel/gpu_feature_bus.hpp:39:3: warning: style of line directive is a GCC extension
[3.218s]    39 |     float * d_kp_y        = nullptr;   // N, device memory
[3.218s]       |   ^ 
[3.218s] /home/sberk/Desktop/paralel/src/paralel/include/paralel/gpu_feature_bus.hpp:40:3: warning: style of line directive is a GCC extension
[3.218s]    40 |     float * d_kp_size     = nullptr;   // N, device memory
[3.218s]       |   ^ 
[3.218s] /home/sberk/Desktop/paralel/src/paralel/include/paralel/gpu_feature_bus.hpp:41:3: warning: style of line directive is a GCC extension
[3.219s]    41 |     float * d_kp_angle    = nullptr;   // N, device memory
[3.219s]       |   ^ 
[3.219s] /home/sberk/Desktop/paralel/src/paralel/include/paralel/gpu_feature_bus.hpp:42:3: warning: style of line directive is a GCC extension
[3.219s]    42 | 
[3.219s]       |   ^ 
[3.219s] /home/sberk/Desktop/paralel/src/paralel/include/paralel/gpu_feature_bus.hpp:44:3: warning: style of line directive is a GCC extension
[3.219s]    44 |     int     descriptor_dim = 128;
[3.219s]       |   ^ 
[3.219s] /home/sberk/Desktop/paralel/src/paralel/include/paralel/gpu_feature_bus.hpp:45:3: warning: style of line directive is a GCC extension
[3.220s]    45 |     int     height = 0;
[3.220s]       |   ^ 
[3.220s] /home/sberk/Desktop/paralel/src/paralel/include/paralel/gpu_feature_bus.hpp:46:3: warning: style of line directive is a GCC extension
[3.220s]    46 |     int     width  = 0;
[3.220s]       |   ^ 
[3.220s] /home/sberk/Desktop/paralel/src/paralel/include/paralel/gpu_feature_bus.hpp:47:3: warning: style of line directive is a GCC extension
[3.220s]    47 | 
[3.221s]       |   ^ 
[3.221s] /home/sberk/Desktop/paralel/src/paralel/include/paralel/gpu_feature_bus.hpp:49:3: warning: style of line directive is a GCC extension
[3.221s]    49 | 
[3.221s]       |   ^ 
[3.221s] /home/sberk/Desktop/paralel/src/paralel/include/paralel/gpu_feature_bus.hpp:52:3: warning: style of line directive is a GCC extension
[3.221s]    52 | 
[3.221s]       |   ^ 
[3.222s] /home/sberk/Desktop/paralel/src/paralel/include/paralel/gpu_feature_bus.hpp:54:3: warning: style of line directive is a GCC extension
[3.222s]    54 | };
[3.222s]       |   ^ 
[3.222s] /home/sberk/Desktop/paralel/src/paralel/include/paralel/gpu_feature_bus.hpp:55:3: warning: style of line directive is a GCC extension
[3.222s]    55 | 
[3.222s]       |   ^ 
[3.222s] /home/sberk/Desktop/paralel/src/paralel/include/paralel/gpu_feature_bus.hpp:68:3: warning: style of line directive is a GCC extension
[3.223s]    68 | public:
[3.223s]       |   ^~
[3.223s] /home/sberk/Desktop/paralel/src/paralel/include/paralel/gpu_feature_bus.hpp:70:3: warning: style of line directive is a GCC extension
[3.223s]    70 | 
[3.223s]       |   ^ 
[3.223s] /home/sberk/Desktop/paralel/src/paralel/include/paralel/gpu_feature_bus.hpp:72:3: warning: style of line directive is a GCC extension
[3.224s]    72 |         {
[3.224s]       |   ^ 
[3.224s] /home/sberk/Desktop/paralel/src/paralel/include/paralel/gpu_feature_bus.hpp:73:3: warning: style of line directive is a GCC extension
[3.224s]    73 |             std::lock_guard<std::mutex> lk(mtx_);
[3.224s]       |   ^ 
[3.224s] /home/sberk/Desktop/paralel/src/paralel/include/paralel/gpu_feature_bus.hpp:74:3: warning: style of line directive is a GCC extension
[3.224s]    74 |             slots_[static_cast<int>(slot)] = std::move(features);
[3.224s]       |   ^ 
[3.224s] /home/sberk/Desktop/paralel/src/paralel/include/paralel/gpu_feature_bus.hpp:75:3: warning: style of line directive is a GCC extension
[3.224s]    75 |         }
[3.225s]       |   ^ 
[3.225s] /home/sberk/Desktop/paralel/src/paralel/include/paralel/gpu_feature_bus.hpp:76:3: warning: style of line directive is a GCC extension
[3.225s]    76 |         cv_.notify_all();
[3.225s]       |   ^ 
[3.225s] /home/sberk/Desktop/paralel/src/paralel/include/paralel/gpu_feature_bus.hpp:77:3: warning: style of line directive is a GCC extension
[3.225s]    77 |     }
[3.225s]       |   ^ 
[3.225s] /home/sberk/Desktop/paralel/src/paralel/include/paralel/gpu_feature_bus.hpp:78:3: warning: style of line directive is a GCC extension
[3.226s]    78 | 
[3.226s]       |   ^ 
[3.226s] /home/sberk/Desktop/paralel/src/paralel/include/paralel/gpu_feature_bus.hpp:82:3: warning: style of line directive is a GCC extension
[3.226s]    82 |         std::unique_lock<std::mutex> lk(mtx_);
[3.226s]       |   ^ 
[3.226s] /home/sberk/Desktop/paralel/src/paralel/include/paralel/gpu_feature_bus.hpp:83:3: warning: style of line directive is a GCC extension
[3.226s]    83 |         cv_.wait(lk, [this] {
[3.227s]       |   ^ 
[3.227s] /home/sberk/Desktop/paralel/src/paralel/include/paralel/gpu_feature_bus.hpp:84:3: warning: style of line directive is a GCC extension
[3.227s]    84 |             return slots_[0] != nullptr && slots_[1] != nullptr;
[3.227s]       |   ^ 
[3.227s] /home/sberk/Desktop/paralel/src/paralel/include/paralel/gpu_feature_bus.hpp:85:3: warning: style of line directive is a GCC extension
[3.228s]    85 |         });
[3.228s]       |   ^ 
[3.228s] /home/sberk/Desktop/paralel/src/paralel/include/paralel/gpu_feature_bus.hpp:86:3: warning: style of line directive is a GCC extension
[3.228s]    86 |         return {slots_[0], slots_[1]};
[3.228s]       |   ^ 
[3.228s] /home/sberk/Desktop/paralel/src/paralel/include/paralel/gpu_feature_bus.hpp:87:3: warning: style of line directive is a GCC extension
[3.228s]    87 |     }
[3.229s]       |   ^ 
[3.229s] /home/sberk/Desktop/paralel/src/paralel/include/paralel/gpu_feature_bus.hpp:88:3: warning: style of line directive is a GCC extension
[3.229s]    88 | 
[3.229s]       |   ^ 
[3.229s] /home/sberk/Desktop/paralel/src/paralel/include/paralel/gpu_feature_bus.hpp:91:3: warning: style of line directive is a GCC extension
[3.229s]    91 |     std::condition_variable cv_;
[3.229s]       |   ^ 
[3.229s] /home/sberk/Desktop/paralel/src/paralel/include/paralel/gpu_feature_bus.hpp:92:3: warning: style of line directive is a GCC extension
[3.229s]    92 |     std::shared_ptr<GpuFeatures> slots_[2];
[3.229s]       |   ^ 
[3.229s] /home/sberk/Desktop/paralel/src/paralel/include/paralel/gpu_feature_bus.hpp:93:3: warning: style of line directive is a GCC extension
[3.230s]    93 | };
[3.230s]       |   ^ 
[3.230s] /home/sberk/Desktop/paralel/src/paralel/include/paralel/gpu_feature_bus.hpp:94:3: warning: style of line directive is a GCC extension
[3.230s]    94 | 
[3.230s]       |   ^ 
[3.230s] /home/sberk/Desktop/paralel/src/paralel/include/paralel/gpu_feature_bus.hpp:96:3: warning: style of line directive is a GCC extension
[3.230s] /home/sberk/Desktop/paralel/src/paralel/src/cuda_kernels.cu:43:3: warning: style of line directive is a GCC extension
[3.230s]    43 | 
[3.230s]       |   ^ 
[3.231s] /home/sberk/Desktop/paralel/src/paralel/src/cuda_kernels.cu:70:3: warning: style of line directive is a GCC extension
[3.231s]    70 | static constexpr int QUERIES_PER_BLOCK = 8;   // = warps per block
[3.231s]       |   ^~
[3.231s] /home/sberk/Desktop/paralel/src/paralel/src/cuda_kernels.cu:71:3: warning: style of line directive is a GCC extension
[3.231s]    71 | static constexpr int TILE_T            = 64;  // train rows cached per tile
[3.231s]       |   ^~
[3.231s] /home/sberk/Desktop/paralel/src/paralel/src/cuda_kernels.cu:72:3: warning: style of line directive is a GCC extension
[3.231s]    72 | 
[3.232s]       |   ^ 
[3.232s] /home/sberk/Desktop/paralel/src/paralel/src/cuda_kernels.cu:74:3: warning: style of line directive is a GCC extension
[3.232s]    74 |     const float * __restrict__ d_query,   // Nq x 128
[3.232s]       |   ^ 
[3.232s] /home/sberk/Desktop/paralel/src/paralel/src/cuda_kernels.cu:75:3: warning: style of line directive is a GCC extension
[3.232s]    75 |     const float * __restrict__ d_train,   // Nt x 128
[3.232s]       |   ^ 
[3.232s] /home/sberk/Desktop/paralel/src/paralel/src/cuda_kernels.cu:76:3: warning: style of line directive is a GCC extension
[3.233s]    76 |     int Nq, int Nt,
[3.233s]       |   ^ 
[3.233s] /home/sberk/Desktop/paralel/src/paralel/src/cuda_kernels.cu:77:3: warning: style of line directive is a GCC extension
[3.233s]    77 |     float ratio_sq,
[3.233s]       |   ^ 
[3.233s] /home/sberk/Desktop/paralel/src/paralel/src/cuda_kernels.cu:78:3: warning: style of line directive is a GCC extension
[3.233s]    78 |     int * __restrict__ d_train_idx,
[3.233s]       |   ^ 
[3.233s] /home/sberk/Desktop/paralel/src/paralel/src/cuda_kernels.cu:79:3: warning: style of line directive is a GCC extension
[3.233s]    79 |     unsigned char * __restrict__ d_pass)
[3.233s]       |   ^ 
[3.233s] /home/sberk/Desktop/paralel/src/paralel/src/cuda_kernels.cu:185:3: warning: style of line directive is a GCC extension
[3.234s]   185 | }
[3.234s]       |   ^  
[3.234s] /home/sberk/Desktop/paralel/src/paralel/src/cuda_kernels.cu:153:3: warning: style of line directive is a GCC extension
[3.234s]   153 |     const unsigned char * __restrict__ d_bgr,
[3.234s]       |   ^ ~
[3.234s] /home/sberk/Desktop/paralel/src/paralel/src/cuda_kernels.cu:154:3: warning: style of line directive is a GCC extension
[3.234s]   154 |     unsigned char       * __restrict__ d_gray,
[3.234s]       |   ^ ~
[3.234s] /home/sberk/Desktop/paralel/src/paralel/src/cuda_kernels.cu:155:3: warning: style of line directive is a GCC extension
[3.234s]   155 |     int width, int height)
[3.234s]       |   ^ ~
[3.234s] /home/sberk/Desktop/paralel/src/paralel/src/cuda_kernels.cu:182:3: warning: style of line directive is a GCC extension
[3.235s]   182 |     int i = blockIdx.x * blockDim.x + threadIdx.x;
[3.235s]       |   ^ ~
[3.235s] /home/sberk/Desktop/paralel/src/paralel/src/cuda_kernels.cu:176:3: warning: style of line directive is a GCC extension
[3.235s]   176 |     const float * __restrict__ d_dist1,
[3.235s]       |   ^ ~
[3.235s] /home/sberk/Desktop/paralel/src/paralel/src/cuda_kernels.cu:177:3: warning: style of line directive is a GCC extension
[3.235s]   177 |     const float * __restrict__ d_dist2,
[3.235s]       |   ^ ~
[3.235s] /home/sberk/Desktop/paralel/src/paralel/src/cuda_kernels.cu:178:3: warning: style of line directive is a GCC extension
[3.235s]   178 |     unsigned char * __restrict__ d_mask,
[3.236s]       |   ^ ~
[3.236s] /home/sberk/Desktop/paralel/src/paralel/src/cuda_kernels.cu:179:3: warning: style of line directive is a GCC extension
[3.236s]   179 |     int N,
[3.236s]       |   ^ ~
[3.236s] /home/sberk/Desktop/paralel/src/paralel/src/cuda_kernels.cu:180:3: warning: style of line directive is a GCC extension
[3.237s]   180 |     float ratio)
[3.237s]       |   ^ ~
[3.237s] /home/sberk/Desktop/paralel/src/paralel/src/cuda_kernels.cu:193:3: warning: style of line directive is a GCC extension
[3.237s]   193 |     if (!f) return;
[3.237s]       |   ^ ~
[3.237s] /home/sberk/Desktop/paralel/src/paralel/src/cuda_kernels.cu:189:3: warning: style of line directive is a GCC extension
[3.237s]   189 | 
[3.238s]       |   ^  
[3.238s] /home/sberk/Desktop/paralel/src/paralel/src/cuda_kernels.cu:192:3: warning: style of line directive is a GCC extension
[3.238s]   192 | {
[3.238s]       |   ^  
[3.238s] /home/sberk/Desktop/paralel/src/paralel/src/cuda_kernels.cu:193:3: warning: style of line directive is a GCC extension
[3.238s]   193 |     if (!f) return;
[3.238s]       |   ^ ~
[3.238s] /home/sberk/Desktop/paralel/src/paralel/src/cuda_kernels.cu:194:3: warning: style of line directive is a GCC extension
[3.239s]   194 |     if (f->d_descriptors) cudaFree(f->d_descriptors);
[3.239s]       |   ^ ~
[3.239s] /home/sberk/Desktop/paralel/src/paralel/src/cuda_kernels.cu:195:3: warning: style of line directive is a GCC extension
[3.239s]   195 |     if (f->d_kp_x)        cudaFree(f->d_kp_x);
[3.239s]       |   ^ ~
[3.239s] /home/sberk/Desktop/paralel/src/paralel/src/cuda_kernels.cu:196:3: warning: style of line directive is a GCC extension
[3.239s]   196 |     if (f->d_kp_y)        cudaFree(f->d_kp_y);
[3.240s]       |   ^ ~
[3.240s] /home/sberk/Desktop/paralel/src/paralel/src/cuda_kernels.cu:197:3: warning: style of line directive is a GCC extension
[3.240s]   197 |     if (f->d_kp_size)     cudaFree(f->d_kp_size);
[3.240s]       |   ^ ~
[3.240s] /home/sberk/Desktop/paralel/src/paralel/src/cuda_kernels.cu:198:3: warning: style of line directive is a GCC extension
[3.240s]   198 |     if (f->d_kp_angle)    cudaFree(f->d_kp_angle);
[3.240s]       |   ^ ~
[3.240s] /home/sberk/Desktop/paralel/src/paralel/src/cuda_kernels.cu:199:3: warning: style of line directive is a GCC extension
[3.241s]   199 |     delete f;
[3.241s]       |   ^ ~
[3.241s] /home/sberk/Desktop/paralel/src/paralel/src/cuda_kernels.cu:200:3: warning: style of line directive is a GCC extension
[3.241s]   200 | }
[3.241s]       |   ^  
[3.241s] /home/sberk/Desktop/paralel/src/paralel/src/cuda_kernels.cu:201:3: warning: style of line directive is a GCC extension
[3.241s]   201 | 
[3.241s]       |   ^  
[3.241s] /home/sberk/Desktop/paralel/src/paralel/src/cuda_kernels.cu:204:3: warning: style of line directive is a GCC extension
[3.242s]   204 |     const cv::Mat & descriptors,
[3.242s]       |   ^ ~
[3.242s] /home/sberk/Desktop/paralel/src/paralel/src/cuda_kernels.cu:205:3: warning: style of line directive is a GCC extension
[3.242s]   205 |     const std::vector<cv::KeyPoint> & keypoints,
[3.242s]       |   ^ ~
[3.242s] /home/sberk/Desktop/paralel/src/paralel/src/cuda_kernels.cu:206:3: warning: style of line directive is a GCC extension
[3.242s]   206 |     const std::string & image_name,
[3.242s]       |   ^ ~
[3.243s] /home/sberk/Desktop/paralel/src/paralel/src/cuda_kernels.cu:207:3: warning: style of line directive is a GCC extension
[3.243s]   207 |     int height, int width)
[3.243s]       |   ^ ~
[3.243s] /home/sberk/Desktop/paralel/src/paralel/src/cuda_kernels.cu:208:3: warning: style of line directive is a GCC extension
[3.243s]   208 | {
[3.243s]       |   ^  
[3.243s] /home/sberk/Desktop/paralel/src/paralel/src/cuda_kernels.cu:209:3: warning: style of line directive is a GCC extension
[3.243s]   209 |     const int N = static_cast<int>(keypoints.size());
[3.243s]       |   ^ ~
[3.244s] /home/sberk/Desktop/paralel/src/paralel/src/cuda_kernels.cu:210:3: warning: style of line directive is a GCC extension
[3.244s]   210 | 
[3.244s]       |   ^  
[3.244s] /home/sberk/Desktop/paralel/src/paralel/src/cuda_kernels.cu:212:3: warning: style of line directive is a GCC extension
[3.244s]   212 |     gf->num_keypoints  = N;
[3.244s]       |   ^ ~
[3.244s] /home/sberk/Desktop/paralel/src/paralel/src/cuda_kernels.cu:213:3: warning: style of line directive is a GCC extension
[3.244s]   213 |     gf->descriptor_dim = DESC_DIM;
[3.244s]       |   ^ ~
[3.245s] /home/sberk/Desktop/paralel/src/paralel/src/cuda_kernels.cu:214:3: warning: style of line directive is a GCC extension
[3.245s]   214 |     gf->height         = height;
[3.245s]       |   ^ ~
[3.245s] /home/sberk/Desktop/paralel/src/paralel/src/cuda_kernels.cu:215:3: warning: style of line directive is a GCC extension
[3.245s]   215 |     gf->width          = width;
[3.245s]       |   ^ ~
[3.245s] /home/sberk/Desktop/paralel/src/paralel/src/cuda_kernels.cu:216:3: warning: style of line directive is a GCC extension
[3.245s]   216 |     gf->image_name     = image_name;
[3.246s]       |   ^ ~
[3.246s] /home/sberk/Desktop/paralel/src/paralel/src/cuda_kernels.cu:217:3: warning: style of line directive is a GCC extension
[3.246s]   217 | 
[3.246s]       |   ^  
[3.246s] /home/sberk/Desktop/paralel/src/paralel/src/cuda_kernels.cu:219:3: warning: style of line directive is a GCC extension
[3.246s]   219 | 
[3.246s]       |   ^  
[3.246s] /home/sberk/Desktop/paralel/src/paralel/src/cuda_kernels.cu:221:3: warning: style of line directive is a GCC extension
[3.247s]   221 |     const size_t kp_bytes   = static_cast<size_t>(N) * sizeof(float);
[3.247s]       |   ^ ~
[3.247s] /home/sberk/Desktop/paralel/src/paralel/src/cuda_kernels.cu:222:3: warning: style of line directive is a GCC extension
[3.247s]   222 | 
[3.247s]       |   ^  
[3.247s] /home/sberk/Desktop/paralel/src/paralel/src/cuda_kernels.cu:225:3: warning: style of line directive is a GCC extension
[3.247s]   225 |     CUDA_CHECK(cudaMalloc(&gf->d_kp_x,    kp_bytes));
[3.247s]       |   ^ ~
[3.248s] /home/sberk/Desktop/paralel/src/paralel/src/cuda_kernels.cu:226:3: warning: style of line directive is a GCC extension
[3.248s]   226 |     CUDA_CHECK(cudaMalloc(&gf->d_kp_y,    kp_bytes));
[3.248s]       |   ^ ~
[3.248s] /home/sberk/Desktop/paralel/src/paralel/src/cuda_kernels.cu:227:3: warning: style of line directive is a GCC extension
[3.248s]   227 |     CUDA_CHECK(cudaMalloc(&gf->d_kp_size, kp_bytes));
[3.248s]       |   ^ ~
[3.248s] /home/sberk/Desktop/paralel/src/paralel/src/cuda_kernels.cu:228:3: warning: style of line directive is a GCC extension
[3.248s]   228 |     CUDA_CHECK(cudaMalloc(&gf->d_kp_angle, kp_bytes));
[3.248s]       |   ^ ~
[3.249s] /home/sberk/Desktop/paralel/src/paralel/src/cuda_kernels.cu:229:3: warning: style of line directive is a GCC extension
[3.249s]   229 | 
[3.249s]       |   ^  
[3.249s] /home/sberk/Desktop/paralel/src/paralel/src/cuda_kernels.cu:232:3: warning: style of line directive is a GCC extension
[3.249s]   232 |     for (int i = 0; i < N; ++i) {
[3.249s]       |   ^ ~
[3.249s] /home/sberk/Desktop/paralel/src/paralel/src/cuda_kernels.cu:233:3: warning: style of line directive is a GCC extension
[3.249s]   233 |         kx[i] = keypoints[i].pt.x;
[3.250s]       |   ^  
[3.250s] /home/sberk/Desktop/paralel/src/paralel/src/cuda_kernels.cu:234:3: warning: style of line directive is a GCC extension
[3.250s]   234 |         ky[i] = keypoints[i].pt.y;
[3.250s]       |   ^  
[3.250s] /home/sberk/Desktop/paralel/src/paralel/src/cuda_kernels.cu:235:3: warning: style of line directive is a GCC extension
[3.250s]   235 |         ks[i] = keypoints[i].size;
[3.250s]       |   ^  
[3.250s] /home/sberk/Desktop/paralel/src/paralel/src/cuda_kernels.cu:236:3: warning: style of line directive is a GCC extension
[3.250s]   236 |         ka[i] = keypoints[i].angle;
[3.251s]       |   ^  
[3.251s] /home/sberk/Desktop/paralel/src/paralel/src/cuda_kernels.cu:237:3: warning: style of line directive is a GCC extension
[3.251s]   237 |     }
[3.251s]       |   ^ ~
[3.251s] /home/sberk/Desktop/paralel/src/paralel/src/cuda_kernels.cu:238:3: warning: style of line directive is a GCC extension
[3.251s]   238 | 
[3.251s]       |   ^  
[3.251s] /home/sberk/Desktop/paralel/src/paralel/src/cuda_kernels.cu:241:3: warning: style of line directive is a GCC extension
[3.252s]   241 |     if (desc.type() != CV_32F) desc.convertTo(desc, CV_32F);
[3.252s]       |   ^ ~
[3.252s] /home/sberk/Desktop/paralel/src/paralel/src/cuda_kernels.cu:242:3: warning: style of line directive is a GCC extension
[3.252s]   242 |     if (!desc.isContinuous())  desc = desc.clone();
[3.252s]       |   ^ ~
[3.252s] /home/sberk/Desktop/paralel/src/paralel/src/cuda_kernels.cu:242:3: warning: style of line directive is a GCC extension
[3.252s]   242 |     if (!desc.isContinuous())  desc = desc.clone();
[3.252s]       |   ^ ~
[3.253s] /home/sberk/Desktop/paralel/src/paralel/src/cuda_kernels.cu:243:3: warning: style of line directive is a GCC extension
[3.253s]   243 | 
[3.253s]       |   ^  
[3.253s] /home/sberk/Desktop/paralel/src/paralel/src/cuda_kernels.cu:247:3: warning: style of line directive is a GCC extension
[3.253s]   247 |     CUDA_CHECK(cudaStreamCreate(&stream));
[3.253s]       |   ^ ~
[3.253s] /home/sberk/Desktop/paralel/src/paralel/src/cuda_kernels.cu:248:3: warning: style of line directive is a GCC extension
[3.254s]   248 |     CUDA_CHECK(cudaMemcpyAsync(gf->d_descriptors, desc.ptr<float>(0),
[3.254s]       |   ^ ~
[3.254s] /home/sberk/Desktop/paralel/src/paralel/src/cuda_kernels.cu:249:3: warning: style of line directive is a GCC extension
[3.254s]   249 |                                desc_bytes, cudaMemcpyHostToDevice, stream));
[3.254s]       |   ^  
[3.254s] /home/sberk/Desktop/paralel/src/paralel/src/cuda_kernels.cu:251:3: warning: style of line directive is a GCC extension
[3.254s]   251 |                                cudaMemcpyHostToDevice, stream));
[3.254s]       |   ^  
[3.254s] /home/sberk/Desktop/paralel/src/paralel/src/cuda_kernels.cu:253:3: warning: style of line directive is a GCC extension
[3.255s]   253 |                                cudaMemcpyHostToDevice, stream));
[3.255s]       |   ^  
[3.255s] /home/sberk/Desktop/paralel/src/paralel/src/cuda_kernels.cu:255:3: warning: style of line directive is a GCC extension
[3.255s]   255 |                                cudaMemcpyHostToDevice, stream));
[3.255s]       |   ^  
[3.255s] /home/sberk/Desktop/paralel/src/paralel/src/cuda_kernels.cu:257:3: warning: style of line directive is a GCC extension
[3.255s]   257 |                                cudaMemcpyHostToDevice, stream));
[3.255s]       |   ^  
[3.255s] /home/sberk/Desktop/paralel/src/paralel/src/cuda_kernels.cu:259:3: warning: style of line directive is a GCC extension
[3.256s]   259 |     CUDA_CHECK(cudaStreamDestroy(stream));
[3.256s]       |   ^ ~
[3.256s] /home/sberk/Desktop/paralel/src/paralel/src/cuda_kernels.cu:260:3: warning: style of line directive is a GCC extension
[3.256s]   260 | 
[3.256s]       |   ^  
[3.256s] /home/sberk/Desktop/paralel/src/paralel/src/cuda_kernels.cu:262:3: warning: style of line directive is a GCC extension
[3.256s]   262 | }
[3.256s]       |   ^  
[3.256s] /home/sberk/Desktop/paralel/src/paralel/src/cuda_kernels.cu:263:3: warning: style of line directive is a GCC extension
[3.256s]   263 | 
[3.256s]       |   ^  
[3.257s] /home/sberk/Desktop/paralel/src/paralel/src/cuda_kernels.cu:266:3: warning: style of line directive is a GCC extension
[3.257s]   266 |     const GpuFeatures & query,
[3.257s]       |   ^ ~
[3.257s] /home/sberk/Desktop/paralel/src/paralel/src/cuda_kernels.cu:267:3: warning: style of line directive is a GCC extension
[3.257s]   267 |     const GpuFeatures & train,
[3.257s]       |   ^ ~
[3.257s] /home/sberk/Desktop/paralel/src/paralel/src/cuda_kernels.cu:268:3: warning: style of line directive is a GCC extension
[3.257s]   268 |     float ratio)
[3.257s]       |   ^ ~
[3.258s] /home/sberk/Desktop/paralel/src/paralel/src/cuda_kernels.cu:269:3: warning: style of line directive is a GCC extension
[3.258s]   269 | {
[3.258s]       |   ^  
[3.258s] /home/sberk/Desktop/paralel/src/paralel/src/cuda_kernels.cu:270:3: warning: style of line directive is a GCC extension
[3.258s]   270 |     GpuMatchResult out;
[3.258s]       |   ^ ~
[3.258s] /home/sberk/Desktop/paralel/src/paralel/src/cuda_kernels.cu:271:3: warning: style of line directive is a GCC extension
[3.258s]   271 |     out.total_query = query.num_keypoints;
[3.258s]       |   ^ ~
[3.259s] /home/sberk/Desktop/paralel/src/paralel/src/cuda_kernels.cu:272:3: warning: style of line directive is a GCC extension
[3.259s]   272 | 
[3.259s]       |   ^  
[3.259s] /home/sberk/Desktop/paralel/src/paralel/src/cuda_kernels.cu:274:3: warning: style of line directive is a GCC extension
[3.259s]   274 |     const int Nt = train.num_keypoints;
[3.259s]       |   ^ ~
[3.259s] /home/sberk/Desktop/paralel/src/paralel/src/cuda_kernels.cu:275:3: warning: style of line directive is a GCC extension
[3.259s]   275 |     if (Nq == 0 || Nt == 0) return out;
[3.259s]       |   ^ ~
[3.259s] /home/sberk/Desktop/paralel/src/paralel/src/cuda_kernels.cu:276:3: warning: style of line directive is a GCC extension
[3.260s]   276 | 
[3.260s]       |   ^  
[3.260s] /home/sberk/Desktop/paralel/src/paralel/src/cuda_kernels.cu:278:3: warning: style of line directive is a GCC extension
[3.260s]   278 |     unsigned char *d_pass      = nullptr;
[3.260s]       |   ^ ~
[3.260s] /home/sberk/Desktop/paralel/src/paralel/src/cuda_kernels.cu:279:3: warning: style of line directive is a GCC extension
[3.260s]   279 |     CUDA_CHECK(cudaMalloc(&d_train_idx, Nq * sizeof(int)));
[3.260s]       |   ^ ~
[3.260s] /home/sberk/Desktop/paralel/src/paralel/src/cuda_kernels.cu:280:3: warning: style of line directive is a GCC extension
[3.260s]   280 |     CUDA_CHECK(cudaMalloc(&d_pass,      Nq * sizeof(unsigned char)));
[3.260s]       |   ^ ~
[3.260s] /home/sberk/Desktop/paralel/src/paralel/src/cuda_kernels.cu:281:3: warning: style of line directive is a GCC extension
[3.260s]   281 | 
[3.260s]       |   ^  
[3.261s] /home/sberk/Desktop/paralel/src/paralel/src/cuda_kernels.cu:286:3: warning: style of line directive is a GCC extension
[3.261s]   286 |     const dim3 grid((Nq + QUERIES_PER_BLOCK - 1) / QUERIES_PER_BLOCK);
[3.261s]       |   ^ ~
[3.261s] /home/sberk/Desktop/paralel/src/paralel/src/cuda_kernels.cu:287:3: warning: style of line directive is a GCC extension
[3.261s]   287 | 
[3.261s]       |   ^  
[3.261s] /home/sberk/Desktop/paralel/src/paralel/src/cuda_kernels.cu:289:3: warning: style of line directive is a GCC extension
[3.261s]   289 | 
[3.261s]       |   ^  
[3.261s] /home/sberk/Desktop/paralel/src/paralel/src/cuda_kernels.cu:291:3: warning: style of line directive is a GCC extension
[3.261s]   291 |         query.d_descriptors, train.d_descriptors,
[3.261s]       |   ^  
[3.261s] /home/sberk/Desktop/paralel/src/paralel/src/cuda_kernels.cu:295:3: warning: style of line directive is a GCC extension
[3.261s]   295 |     CUDA_CHECK(cudaDeviceSynchronize());
[3.262s]       |   ^ ~
[3.262s] /home/sberk/Desktop/paralel/src/paralel/src/cuda_kernels.cu:296:3: warning: style of line directive is a GCC extension
[3.262s]   296 | 
[3.262s]       |   ^  
[3.262s] /home/sberk/Desktop/paralel/src/paralel/src/cuda_kernels.cu:299:3: warning: style of line directive is a GCC extension
[3.262s]   299 |     std::vector<unsigned char> h_pass(Nq);
[3.262s]       |   ^ ~
[3.262s] /home/sberk/Desktop/paralel/src/paralel/src/cuda_kernels.cu:300:3: warning: style of line directive is a GCC extension
[3.262s]   300 |     CUDA_CHECK(cudaMemcpy(h_train_idx.data(), d_train_idx,
[3.262s]       |   ^ ~
[3.262s] /home/sberk/Desktop/paralel/src/paralel/src/cuda_kernels.cu:301:3: warning: style of line directive is a GCC extension
[3.263s]   301 |                           Nq * sizeof(int), cudaMemcpyDeviceToHost));
[3.263s]       |   ^  
[3.263s] /home/sberk/Desktop/paralel/src/paralel/src/cuda_kernels.cu:303:3: warning: style of line directive is a GCC extension
[3.263s]   303 |                           Nq * sizeof(unsigned char), cudaMemcpyDeviceToHost));
[3.263s]       |   ^  
[3.263s] /home/sberk/Desktop/paralel/src/paralel/src/cuda_kernels.cu:306:3: warning: style of line directive is a GCC extension
[3.263s]   306 |     cudaFree(d_pass);
[3.263s]       |   ^ ~
[3.263s] /home/sberk/Desktop/paralel/src/paralel/src/cuda_kernels.cu:307:3: warning: style of line directive is a GCC extension
[3.263s]   307 | 
[3.263s]       |   ^  
[3.264s] /home/sberk/Desktop/paralel/src/paralel/src/cuda_kernels.cu:309:3: warning: style of line directive is a GCC extension
[3.264s]   309 |     out.train_idx.reserve(Nq);
[3.264s]       |   ^ ~
[3.264s] /home/sberk/Desktop/paralel/src/paralel/src/cuda_kernels.cu:310:3: warning: style of line directive is a GCC extension
[3.264s]   310 |     for (int q = 0; q < Nq; ++q) {
[3.264s]       |   ^ ~
[3.265s] /home/sberk/Desktop/paralel/src/paralel/src/cuda_kernels.cu:311:3: warning: style of line directive is a GCC extension
[3.265s]   311 |         if (h_pass[q] && h_train_idx[q] >= 0) {
[3.265s]       |   ^  
[3.265s] /home/sberk/Desktop/paralel/src/paralel/src/cuda_kernels.cu:312:3: warning: style of line directive is a GCC extension
[3.265s]   312 |             out.query_idx.push_back(q);
[3.265s]       |   ^  
[3.265s] /home/sberk/Desktop/paralel/src/paralel/src/cuda_kernels.cu:313:3: warning: style of line directive is a GCC extension
[3.265s]   313 |             out.train_idx.push_back(h_train_idx[q]);
[3.266s]       |   ^  
[3.266s] /home/sberk/Desktop/paralel/src/paralel/src/cuda_kernels.cu:314:3: warning: style of line directive is a GCC extension
[3.266s]   314 |         }
[3.266s]       |   ^  
[3.266s] /home/sberk/Desktop/paralel/src/paralel/src/cuda_kernels.cu:315:3: warning: style of line directive is a GCC extension
[3.266s]   315 |     }
[3.266s]       |   ^ ~
[3.266s] /home/sberk/Desktop/paralel/src/paralel/src/cuda_kernels.cu:316:3: warning: style of line directive is a GCC extension
[3.267s]   316 |     out.good_matches = static_cast<int>(out.query_idx.size());
[3.267s]       |   ^ ~
[3.267s] /home/sberk/Desktop/paralel/src/paralel/src/cuda_kernels.cu:317:3: warning: style of line directive is a GCC extension
[3.267s]   317 |     return out;
[3.267s]       |   ^ ~
[3.267s] /home/sberk/Desktop/paralel/src/paralel/src/cuda_kernels.cu:318:3: warning: style of line directive is a GCC extension
[3.267s]   318 | }
[3.267s]       |   ^  
[3.267s] /home/sberk/Desktop/paralel/src/paralel/src/cuda_kernels.cu:319:3: warning: style of line directive is a GCC extension
[3.268s]   319 | 
[3.268s]       |   ^  
[3.268s] /home/sberk/Desktop/paralel/src/paralel/src/cuda_kernels.cu:322:3: warning: style of line directive is a GCC extension
[3.268s]   322 | {
[3.268s]       |   ^  
[3.268s] /home/sberk/Desktop/paralel/src/paralel/src/cuda_kernels.cu:323:3: warning: style of line directive is a GCC extension
[3.268s]   323 |     if (bgr_img.empty() || bgr_img.channels() != 3) {
[3.268s]       |   ^ ~
[3.268s] /home/sberk/Desktop/paralel/src/paralel/src/cuda_kernels.cu:324:3: warning: style of line directive is a GCC extension
[3.269s]   324 |         throw std::invalid_argument("cuda_bgr_to_gray: expected non-empty 3-channel BGR image");
[3.269s]       |   ^  
[3.269s] /home/sberk/Desktop/paralel/src/paralel/src/cuda_kernels.cu:325:3: warning: style of line directive is a GCC extension
[3.269s]   325 |     }
[3.269s]       |   ^ ~
[3.269s] /home/sberk/Desktop/paralel/src/paralel/src/cuda_kernels.cu:326:3: warning: style of line directive is a GCC extension
[3.269s]   326 | 
[3.269s]       |   ^  
[3.270s] /home/sberk/Desktop/paralel/src/paralel/src/cuda_kernels.cu:328:3: warning: style of line directive is a GCC extension
[3.270s]   328 |     const int H = bgr_img.rows;
[3.270s]       |   ^ ~
[3.270s] /home/sberk/Desktop/paralel/src/paralel/src/cuda_kernels.cu:329:3: warning: style of line directive is a GCC extension
[3.270s]   329 |     const size_t bgr_bytes  = static_cast<size_t>(W) * H * 3;
[3.270s]       |   ^ ~
[3.270s] /home/sberk/Desktop/paralel/src/paralel/src/cuda_kernels.cu:330:3: warning: style of line directive is a GCC extension
[3.271s]   330 |     const size_t gray_bytes = static_cast<size_t>(W) * H;
[3.271s]       |   ^ ~
[3.271s] /home/sberk/Desktop/paralel/src/paralel/src/cuda_kernels.cu:331:3: warning: style of line directive is a GCC extension
[3.271s]   331 | 
[3.271s]       |   ^  
[3.271s] /home/sberk/Desktop/paralel/src/paralel/src/cuda_kernels.cu:333:3: warning: style of line directive is a GCC extension
[3.271s]   333 | 
[3.271s]       |   ^  
[3.272s] /home/sberk/Desktop/paralel/src/paralel/src/cuda_kernels.cu:335:3: warning: style of line directive is a GCC extension
[3.272s]   335 |     unsigned char *d_gray = nullptr;
[3.272s]       |   ^ ~
[3.272s] /home/sberk/Desktop/paralel/src/paralel/src/cuda_kernels.cu:336:3: warning: style of line directive is a GCC extension
[3.272s]   336 |     CUDA_CHECK(cudaMalloc(&d_bgr,  bgr_bytes));
[3.272s]       |   ^ ~
[3.272s] /home/sberk/Desktop/paralel/src/paralel/src/cuda_kernels.cu:337:3: warning: style of line directive is a GCC extension
[3.272s]   337 |     CUDA_CHECK(cudaMalloc(&d_gray, gray_bytes));
[3.272s]       |   ^ ~
[3.272s] /home/sberk/Desktop/paralel/src/paralel/src/cuda_kernels.cu:338:3: warning: style of line directive is a GCC extension
[3.273s]   338 | 
[3.273s]       |   ^  
[3.273s] /home/sberk/Desktop/paralel/src/paralel/src/cuda_kernels.cu:340:3: warning: style of line directive is a GCC extension
[3.273s]   340 | 
[3.273s]       |   ^  
[3.273s] /home/sberk/Desktop/paralel/src/paralel/src/cuda_kernels.cu:342:3: warning: style of line directive is a GCC extension
[3.273s]   342 |     dim3 grid((W + block.x - 1) / block.x,
[3.273s]       |   ^ ~
[3.273s] /home/sberk/Desktop/paralel/src/paralel/src/cuda_kernels.cu:343:3: warning: style of line directive is a GCC extension
[3.273s]   343 |               (H + block.y - 1) / block.y);
[3.273s]       |   ^  
[3.274s] /home/sberk/Desktop/paralel/src/paralel/src/cuda_kernels.cu:345:3: warning: style of line directive is a GCC extension
[3.274s]   345 |     CUDA_CHECK(cudaGetLastError());
[3.274s]       |   ^ ~
[3.274s] /home/sberk/Desktop/paralel/src/paralel/src/cuda_kernels.cu:346:3: warning: style of line directive is a GCC extension
[3.274s]   346 |     CUDA_CHECK(cudaDeviceSynchronize());
[3.274s]       |   ^ ~
[3.274s] /home/sberk/Desktop/paralel/src/paralel/src/cuda_kernels.cu:347:3: warning: style of line directive is a GCC extension
[3.274s]   347 | 
[3.274s]       |   ^  
[3.274s] /home/sberk/Desktop/paralel/src/paralel/src/cuda_kernels.cu:349:3: warning: style of line directive is a GCC extension
[3.275s]   349 |     CUDA_CHECK(cudaMemcpy(gray.data, d_gray, gray_bytes, cudaMemcpyDeviceToHost));
[3.275s]       |   ^ ~
[3.275s] /home/sberk/Desktop/paralel/src/paralel/src/cuda_kernels.cu:350:3: warning: style of line directive is a GCC extension
[3.275s]   350 | 
[3.275s]       |   ^  
[3.275s] /home/sberk/Desktop/paralel/src/paralel/src/cuda_kernels.cu:352:3: warning: style of line directive is a GCC extension
[3.275s]   352 |     cudaFree(d_gray);
[3.275s]       |   ^ ~
[3.275s] /home/sberk/Desktop/paralel/src/paralel/src/cuda_kernels.cu:353:3: warning: style of line directive is a GCC extension
[3.275s]   353 | 
[3.275s]       |   ^  
[3.275s] /home/sberk/Desktop/paralel/src/paralel/src/cuda_kernels.cu:355:3: warning: style of line directive is a GCC extension
[3.275s]   355 | }
[3.276s]       |   ^  
[3.276s] /home/sberk/Desktop/paralel/src/paralel/src/cuda_kernels.cu:356:3: warning: style of line directive is a GCC extension
[3.276s]   356 | 
[3.276s]       |   ^  
[3.276s] /home/sberk/Desktop/paralel/src/paralel/src/cuda_kernels.cu:359:3: warning: style of line directive is a GCC extension
[3.276s]   359 |     const std::vector<std::vector<cv::DMatch>> & knn_matches,
[3.276s]       |   ^ ~
[3.276s] /home/sberk/Desktop/paralel/src/paralel/src/cuda_kernels.cu:360:3: warning: style of line directive is a GCC extension
[3.276s]   360 |     float ratio)
[3.276s]       |   ^ ~
[3.276s] /home/sberk/Desktop/paralel/src/paralel/src/cuda_kernels.cu:361:3: warning: style of line directive is a GCC extension
[3.277s]   361 | {
[3.277s]       |   ^  
[3.277s] /home/sberk/Desktop/paralel/src/paralel/src/cuda_kernels.cu:362:3: warning: style of line directive is a GCC extension
[3.277s]   362 |     const int N = static_cast<int>(knn_matches.size());
[3.277s]       |   ^ ~
[3.277s] /home/sberk/Desktop/paralel/src/paralel/src/cuda_kernels.cu:363:3: warning: style of line directive is a GCC extension
[3.277s]   363 |     std::vector<bool> result(N, false);
[3.277s]       |   ^ ~
[3.277s] /home/sberk/Desktop/paralel/src/paralel/src/cuda_kernels.cu:364:3: warning: style of line directive is a GCC extension
[3.277s]   364 |     if (N == 0) return result;
[3.277s]       |   ^ ~
[3.278s] /home/sberk/Desktop/paralel/src/paralel/src/cuda_kernels.cu:365:3: warning: style of line directive is a GCC extension
[3.278s]   365 | 
[3.278s]       |   ^  
[3.278s] /home/sberk/Desktop/paralel/src/paralel/src/cuda_kernels.cu:367:3: warning: style of line directive is a GCC extension
[3.278s]   367 |     for (int i = 0; i < N; ++i) {
[3.278s]       |   ^ ~
[3.278s] /home/sberk/Desktop/paralel/src/paralel/src/cuda_kernels.cu:368:3: warning: style of line directive is a GCC extension
[3.278s]   368 |         if (knn_matches[i].size() >= 2) {
[3.278s]       |   ^  
[3.279s] /home/sberk/Desktop/paralel/src/paralel/src/cuda_kernels.cu:369:3: warning: style of line directive is a GCC extension
[3.279s]   369 |             h_dist1[i] = knn_matches[i][0].distance;
[3.279s]       |   ^  
[3.279s] /home/sberk/Desktop/paralel/src/paralel/src/cuda_kernels.cu:370:3: warning: style of line directive is a GCC extension
[3.279s]   370 |             h_dist2[i] = knn_matches[i][1].distance;
[3.279s]       |   ^  
[3.279s] /home/sberk/Desktop/paralel/src/paralel/src/cuda_kernels.cu:371:3: warning: style of line directive is a GCC extension
[3.279s]   371 |         } else {
[3.279s]       |   ^  
[3.279s] /home/sberk/Desktop/paralel/src/paralel/src/cuda_kernels.cu:372:3: warning: style of line directive is a GCC extension
[3.280s]   372 |             h_dist1[i] = 1.0f;
[3.280s]       |   ^  
[3.280s] /home/sberk/Desktop/paralel/src/paralel/src/cuda_kernels.cu:373:3: warning: style of line directive is a GCC extension
[3.280s]   373 |             h_dist2[i] = 0.0f;
[3.280s]       |   ^  
[3.280s] /home/sberk/Desktop/paralel/src/paralel/src/cuda_kernels.cu:374:3: warning: style of line directive is a GCC extension
[3.280s]   374 |         }
[3.280s]       |   ^  
[3.280s] /home/sberk/Desktop/paralel/src/paralel/src/cuda_kernels.cu:375:3: warning: style of line directive is a GCC extension
[3.280s]   375 |     }
[3.280s]       |   ^ ~
[3.281s] /home/sberk/Desktop/paralel/src/paralel/src/cuda_kernels.cu:376:3: warning: style of line directive is a GCC extension
[3.281s]   376 | 
[3.281s]       |   ^  
[3.281s] /home/sberk/Desktop/paralel/src/paralel/src/cuda_kernels.cu:378:3: warning: style of line directive is a GCC extension
[3.281s]   378 |     float         *d_dist2 = nullptr;
[3.281s]       |   ^ ~
[3.281s] /home/sberk/Desktop/paralel/src/paralel/src/cuda_kernels.cu:379:3: warning: style of line directive is a GCC extension
[3.281s]   379 |     unsigned char *d_mask  = nullptr;
[3.281s]       |   ^ ~
[3.281s] /home/sberk/Desktop/paralel/src/paralel/src/cuda_kernels.cu:380:3: warning: style of line directive is a GCC extension
[3.281s]   380 |     CUDA_CHECK(cudaMalloc(&d_dist1, N * sizeof(float)));
[3.281s]       |   ^ ~
[3.282s] /home/sberk/Desktop/paralel/src/paralel/src/cuda_kernels.cu:381:3: warning: style of line directive is a GCC extension
[3.282s]   381 |     CUDA_CHECK(cudaMalloc(&d_dist2, N * sizeof(float)));
[3.282s]       |   ^ ~
[3.282s] /home/sberk/Desktop/paralel/src/paralel/src/cuda_kernels.cu:382:3: warning: style of line directive is a GCC extension
[3.282s]   382 |     CUDA_CHECK(cudaMalloc(&d_mask,  N * sizeof(unsigned char)));
[3.282s]       |   ^ ~
[3.282s] /home/sberk/Desktop/paralel/src/paralel/src/cuda_kernels.cu:383:3: warning: style of line directive is a GCC extension
[3.282s]   383 | 
[3.283s]       |   ^  
[3.283s] /home/sberk/Desktop/paralel/src/paralel/src/cuda_kernels.cu:385:3: warning: style of line directive is a GCC extension
[3.283s]   385 |     CUDA_CHECK(cudaMemcpy(d_dist2, h_dist2.data(), N * sizeof(float), cudaMemcpyHostToDevice));
[3.283s]       |   ^ ~
[3.283s] /home/sberk/Desktop/paralel/src/paralel/src/cuda_kernels.cu:386:3: warning: style of line directive is a GCC extension
[3.283s]   386 | 
[3.283s]       |   ^  
[3.283s] /home/sberk/Desktop/paralel/src/paralel/src/cuda_kernels.cu:388:3: warning: style of line directive is a GCC extension
[3.283s]   388 |     const int GRID  = (N + BLOCK - 1) / BLOCK;
[3.284s]       |   ^ ~
[3.284s] /home/sberk/Desktop/paralel/src/paralel/src/cuda_kernels.cu:389:3: warning: style of line directive is a GCC extension
[3.284s]   389 |     kernel_lowe_ratio<<<GRID, BLOCK>>>(d_dist1, d_dist2, d_mask, N, ratio);
[3.284s]       |   ^ ~
[3.284s] /home/sberk/Desktop/paralel/src/paralel/src/cuda_kernels.cu:390:3: warning: style of line directive is a GCC extension
[3.284s]   390 |     CUDA_CHECK(cudaGetLastError());
[3.284s]       |   ^ ~
[3.284s] /home/sberk/Desktop/paralel/src/paralel/src/cuda_kernels.cu:391:3: warning: style of line directive is a GCC extension
[3.284s]   391 |     CUDA_CHECK(cudaDeviceSynchronize());
[3.284s]       |   ^ ~
[3.285s] /home/sberk/Desktop/paralel/src/paralel/src/cuda_kernels.cu:392:3: warning: style of line directive is a GCC extension
[3.285s]   392 | 
[3.285s]       |   ^  
[3.285s] /home/sberk/Desktop/paralel/src/paralel/src/cuda_kernels.cu:394:3: warning: style of line directive is a GCC extension
[3.285s]   394 |     CUDA_CHECK(cudaMemcpy(h_mask.data(), d_mask, N * sizeof(unsigned char), cudaMemcpyDeviceToHost));
[3.285s]       |   ^ ~
[3.285s] /home/sberk/Desktop/paralel/src/paralel/src/cuda_kernels.cu:395:3: warning: style of line directive is a GCC extension
[3.285s]   395 | 
[3.285s]       |   ^  
[3.285s] /home/sberk/Desktop/paralel/src/paralel/src/cuda_kernels.cu:397:3: warning: style of line directive is a GCC extension
[3.285s]   397 |     cudaFree(d_dist2);
[3.286s]       |   ^ ~
[3.286s] /home/sberk/Desktop/paralel/src/paralel/src/cuda_kernels.cu:398:3: warning: style of line directive is a GCC extension
[3.286s]   398 |     cudaFree(d_mask);
[3.286s]       |   ^ ~
[3.286s] /home/sberk/Desktop/paralel/src/paralel/src/cuda_kernels.cu:399:3: warning: style of line directive is a GCC extension
[3.286s]   399 | 
[3.286s]       |   ^  
[3.286s] /home/sberk/Desktop/paralel/src/paralel/src/cuda_kernels.cu:401:3: warning: style of line directive is a GCC extension
[3.286s]   401 |     return result;
[3.286s]       |   ^ ~
[3.286s] /home/sberk/Desktop/paralel/src/paralel/src/cuda_kernels.cu:402:3: warning: style of line directive is a GCC extension
[3.286s]   402 | }
[3.286s]       |   ^  
[3.287s] /home/sberk/Desktop/paralel/src/paralel/src/cuda_kernels.cu:403:3: warning: style of line directive is a GCC extension
[3.287s]   403 | 
[3.287s]       |   ^  
[3.287s] /home/sberk/Desktop/paralel/src/paralel/src/cuda_kernels.cu:406:3: warning: style of line directive is a GCC extension
[3.287s]   406 | {
[3.287s]       |   ^  
[3.287s] /home/sberk/Desktop/paralel/src/paralel/src/cuda_kernels.cu:407:3: warning: style of line directive is a GCC extension
[3.287s]   407 |     int dev = 0;
[3.287s]       |   ^ ~
[3.288s] /home/sberk/Desktop/paralel/src/paralel/src/cuda_kernels.cu:408:3: warning: style of line directive is a GCC extension
[3.288s]   408 |     cudaDeviceProp prop{};
[3.288s]       |   ^ ~
[3.288s] /home/sberk/Desktop/paralel/src/paralel/src/cuda_kernels.cu:409:3: warning: style of line directive is a GCC extension
[3.288s]   409 |     cudaError_t e = cudaGetDeviceProperties(&prop, dev);
[3.288s]       |   ^ ~
[3.288s] /home/sberk/Desktop/paralel/src/paralel/src/cuda_kernels.cu:410:3: warning: style of line directive is a GCC extension
[3.289s]   410 |     if (e != cudaSuccess) return "CUDA device query failed";
[3.289s]       |   ^ ~
[3.289s] /home/sberk/Desktop/paralel/src/paralel/src/cuda_kernels.cu:411:3: warning: style of line directive is a GCC extension
[3.289s]   411 | 
[3.289s]       |   ^  
[3.289s] /home/sberk/Desktop/paralel/src/paralel/src/cuda_kernels.cu:413:3: warning: style of line directive is a GCC extension
[3.289s]   413 |     snprintf(buf, sizeof(buf),
[3.290s]       |   ^ ~
[3.290s] /home/sberk/Desktop/paralel/src/paralel/src/cuda_kernels.cu:414:3: warning: style of line directive is a GCC extension
[3.290s]   414 |              "%s  (sm_%d%d, %.0f MB, %d SMs, CUDA %d.%d)",
[3.290s]       |   ^  
[3.290s] /home/sberk/Desktop/paralel/src/paralel/src/cuda_kernels.cu:421:3: warning: style of line directive is a GCC extension
[3.290s]   421 | }
[3.290s]       |   ^  
[3.290s] /home/sberk/Desktop/paralel/src/paralel/src/cuda_kernels.cu:422:3: warning: style of line directive is a GCC extension
[3.290s]   422 | 
[3.290s]       |   ^  
[3.290s] /home/sberk/Desktop/paralel/src/paralel/src/cuda_kernels.cu:425:3: warning: style of line directive is a GCC extension
[3.291s] tmpxft_00005d08_00000000-6_cuda_kernels.cudafe1.stub.c:4:3: warning: style of line directive is a GCC extension
[3.291s] In file included from tmpxft_00005d08_00000000-6_cuda_kernels.cudafe1.stub.c:1:
[3.291s] /home/sberk/Desktop/paralel/src/paralel/src/cuda_kernels.cu:74:3: warning: style of line directive is a GCC extension
[3.291s]    74 |     const float * __restrict__ d_query,   // Nq x 128
[3.291s]       |   ^ 
[3.291s] /home/sberk/Desktop/paralel/src/paralel/src/cuda_kernels.cu:81:3: warning: style of line directive is a GCC extension
[3.291s]    81 |     const int lane    = threadIdx.x;                 // 0..31
[3.291s]       |   ^ ~
[3.291s] /home/sberk/Desktop/paralel/src/paralel/src/cuda_kernels.cu:147:3: warning: style of line directive is a GCC extension
[3.291s]   147 | 
[3.291s]       |   ^
[3.291s] /tmp/tmpxft_00005d08_00000000-6_cuda_kernels.cudafe1.stub.c:4:3: warning: style of line directive is a GCC extension
[3.292s]     4 | #define __NV_MODULE_ID _01fc8191_15_cuda_kernels_cu_a7bc02b3
[3.292s]       |   ^~~
[3.292s] /home/sberk/Desktop/paralel/src/paralel/src/cuda_kernels.cu:153:3: warning: style of line directive is a GCC extension
[3.292s]   153 |     const unsigned char * __restrict__ d_bgr,
[3.292s]       |   ^ ~
[3.292s] /home/sberk/Desktop/paralel/src/paralel/src/cuda_kernels.cu:157:3: warning: style of line directive is a GCC extension
[3.292s]   157 |     int x = blockIdx.x * blockDim.x + threadIdx.x;
[3.292s]       |   ^ ~
[3.292s] /home/sberk/Desktop/paralel/src/paralel/src/cuda_kernels.cu:171:3: warning: style of line directive is a GCC extension
[3.293s]   171 | 
[3.293s]       |   ^
[3.293s] /tmp/tmpxft_00005d08_00000000-6_cuda_kernels.cudafe1.stub.c:5:3: warning: style of line directive is a GCC extension
[3.293s]     5 | #define __NV_CUBIN_HANDLE_STORAGE__ extern
[3.293s]       |   ^~~
[3.293s] /home/sberk/Desktop/paralel/src/paralel/src/cuda_kernels.cu:176:3: warning: style of line directive is a GCC extension
[3.293s]   176 |     const float * __restrict__ d_dist1,
[3.293s]       |   ^ ~
[3.294s] /home/sberk/Desktop/paralel/src/paralel/src/cuda_kernels.cu:186:3: warning: style of line directive is a GCC extension
[3.294s]   186 | 
[3.294s]       |   ^
[3.294s] tmpxft_00005d08_00000000-6_cuda_kernels.cudafe1.stub.c:2:3: warning: style of line directive is a GCC extension
[4.685s] [ 40%] Linking CUDA static library libparalel_cuda_kernels.a
[4.729s] [ 40%] Built target paralel_cuda_kernels
[4.765s] [ 60%] Linking CUDA device code CMakeFiles/sift_pipeline.dir/cmake_device_link.o
[4.788s] nvlink warning : Skipping incompatible '/usr/lib/x86_64-linux-gnu/libdl.a' when searching for -ldl
[4.792s] nvlink warning : Skipping incompatible '/usr/lib/x86_64-linux-gnu/librt.a' when searching for -lrt
[4.792s] nvlink warning : Skipping incompatible '/usr/lib/x86_64-linux-gnu/libpthread.a' when searching for -lpthread
[4.838s] [ 80%] Linking CXX executable sift_pipeline
[5.768s] [100%] Built target sift_pipeline
[5.781s] Invoked command in '/home/sberk/Desktop/paralel/build/paralel' returned '0': CMAKE_PREFIX_PATH=/home/sberk/Desktop/paralel/install/sift_interfaces:/home/sberk/Desktop/paralel/install/paralel:/opt/ros/jazzy/opt/gz_sim_vendor:/opt/ros/jazzy/opt/gz_sensors_vendor:/opt/ros/jazzy/opt/gz_physics_vendor:/opt/ros/jazzy/opt/sdformat_vendor:/opt/ros/jazzy/opt/gz_gui_vendor:/opt/ros/jazzy/opt/gz_transport_vendor:/opt/ros/jazzy/opt/gz_rendering_vendor:/opt/ros/jazzy/opt/gz_plugin_vendor:/opt/ros/jazzy/opt/gz_fuel_tools_vendor:/opt/ros/jazzy/opt/gz_msgs_vendor:/opt/ros/jazzy/opt/gz_common_vendor:/opt/ros/jazzy/opt/gz_math_vendor:/opt/ros/jazzy/opt/gz_utils_vendor:/opt/ros/jazzy/opt/gz_tools_vendor:/opt/ros/jazzy/opt/gz_ogre_next_vendor:/opt/ros/jazzy/opt/gz_dartsim_vendor:/opt/ros/jazzy/opt/gz_cmake_vendor:/home/sberk/Desktop/paralel/install/sequential:/home/sberk/Desktop/paralel/install/parallel:/opt/ros/jazzy DEBUGINFOD_URLS=https://debuginfod.ubuntu.com PYTHONPATH=/home/sberk/Desktop/paralel/install/sift_interfaces/lib/python3.12/site-packages:/home/sberk/Desktop/paralel/install/sequential/lib/python3.12/site-packages:/home/sberk/Desktop/paralel/install/parallel/lib/python3.12/site-packages:/opt/ros/jazzy/lib/python3.12/site-packages VIRTUAL_ENV_PROMPT=(venv-ardupilot) /usr/bin/cmake --build /home/sberk/Desktop/paralel/build/paralel -- -j8 -l8
[5.795s] Invoking command in '/home/sberk/Desktop/paralel/build/paralel': CMAKE_PREFIX_PATH=/home/sberk/Desktop/paralel/install/sift_interfaces:/home/sberk/Desktop/paralel/install/paralel:/opt/ros/jazzy/opt/gz_sim_vendor:/opt/ros/jazzy/opt/gz_sensors_vendor:/opt/ros/jazzy/opt/gz_physics_vendor:/opt/ros/jazzy/opt/sdformat_vendor:/opt/ros/jazzy/opt/gz_gui_vendor:/opt/ros/jazzy/opt/gz_transport_vendor:/opt/ros/jazzy/opt/gz_rendering_vendor:/opt/ros/jazzy/opt/gz_plugin_vendor:/opt/ros/jazzy/opt/gz_fuel_tools_vendor:/opt/ros/jazzy/opt/gz_msgs_vendor:/opt/ros/jazzy/opt/gz_common_vendor:/opt/ros/jazzy/opt/gz_math_vendor:/opt/ros/jazzy/opt/gz_utils_vendor:/opt/ros/jazzy/opt/gz_tools_vendor:/opt/ros/jazzy/opt/gz_ogre_next_vendor:/opt/ros/jazzy/opt/gz_dartsim_vendor:/opt/ros/jazzy/opt/gz_cmake_vendor:/home/sberk/Desktop/paralel/install/sequential:/home/sberk/Desktop/paralel/install/parallel:/opt/ros/jazzy DEBUGINFOD_URLS=https://debuginfod.ubuntu.com PYTHONPATH=/home/sberk/Desktop/paralel/install/sift_interfaces/lib/python3.12/site-packages:/home/sberk/Desktop/paralel/install/sequential/lib/python3.12/site-packages:/home/sberk/Desktop/paralel/install/parallel/lib/python3.12/site-packages:/opt/ros/jazzy/lib/python3.12/site-packages VIRTUAL_ENV_PROMPT=(venv-ardupilot) /usr/bin/cmake --install /home/sberk/Desktop/paralel/build/paralel
[5.808s] -- Install configuration: ""
[5.808s] -- Installing: /home/sberk/Desktop/paralel/install/paralel/lib/paralel/sift_pipeline
[5.810s] -- Set non-toolchain portion of runtime path of "/home/sberk/Desktop/paralel/install/paralel/lib/paralel/sift_pipeline" to ""
[5.810s] -- Up-to-date: /home/sberk/Desktop/paralel/install/paralel/share/paralel/launch
[5.810s] -- Up-to-date: /home/sberk/Desktop/paralel/install/paralel/share/paralel/launch/sift_matching.launch.py
[5.810s] -- Up-to-date: /home/sberk/Desktop/paralel/install/paralel/include
[5.810s] -- Up-to-date: /home/sberk/Desktop/paralel/install/paralel/include/paralel
[5.811s] -- Up-to-date: /home/sberk/Desktop/paralel/install/paralel/include/paralel/cuda_kernels.hpp
[5.811s] -- Up-to-date: /home/sberk/Desktop/paralel/install/paralel/include/paralel/gpu_feature_bus.hpp
[5.811s] -- Up-to-date: /home/sberk/Desktop/paralel/install/paralel/include/paralel/perf_tracker.hpp
[5.811s] -- Up-to-date: /home/sberk/Desktop/paralel/install/paralel/share/ament_index/resource_index/package_run_dependencies/paralel
[5.811s] -- Up-to-date: /home/sberk/Desktop/paralel/install/paralel/share/ament_index/resource_index/parent_prefix_path/paralel
[5.811s] -- Up-to-date: /home/sberk/Desktop/paralel/install/paralel/share/paralel/environment/ament_prefix_path.sh
[5.811s] -- Up-to-date: /home/sberk/Desktop/paralel/install/paralel/share/paralel/environment/ament_prefix_path.dsv
[5.811s] -- Up-to-date: /home/sberk/Desktop/paralel/install/paralel/share/paralel/environment/path.sh
[5.811s] -- Up-to-date: /home/sberk/Desktop/paralel/install/paralel/share/paralel/environment/path.dsv
[5.811s] -- Up-to-date: /home/sberk/Desktop/paralel/install/paralel/share/paralel/local_setup.bash
[5.811s] -- Up-to-date: /home/sberk/Desktop/paralel/install/paralel/share/paralel/local_setup.sh
[5.812s] -- Up-to-date: /home/sberk/Desktop/paralel/install/paralel/share/paralel/local_setup.zsh
[5.812s] -- Up-to-date: /home/sberk/Desktop/paralel/install/paralel/share/paralel/local_setup.dsv
[5.812s] -- Installing: /home/sberk/Desktop/paralel/install/paralel/share/paralel/package.dsv
[5.812s] -- Up-to-date: /home/sberk/Desktop/paralel/install/paralel/share/ament_index/resource_index/packages/paralel
[5.813s] -- Up-to-date: /home/sberk/Desktop/paralel/install/paralel/share/paralel/cmake/paralelConfig.cmake
[5.813s] -- Up-to-date: /home/sberk/Desktop/paralel/install/paralel/share/paralel/cmake/paralelConfig-version.cmake
[5.813s] -- Up-to-date: /home/sberk/Desktop/paralel/install/paralel/share/paralel/package.xml
[5.813s] Invoked command in '/home/sberk/Desktop/paralel/build/paralel' returned '0': CMAKE_PREFIX_PATH=/home/sberk/Desktop/paralel/install/sift_interfaces:/home/sberk/Desktop/paralel/install/paralel:/opt/ros/jazzy/opt/gz_sim_vendor:/opt/ros/jazzy/opt/gz_sensors_vendor:/opt/ros/jazzy/opt/gz_physics_vendor:/opt/ros/jazzy/opt/sdformat_vendor:/opt/ros/jazzy/opt/gz_gui_vendor:/opt/ros/jazzy/opt/gz_transport_vendor:/opt/ros/jazzy/opt/gz_rendering_vendor:/opt/ros/jazzy/opt/gz_plugin_vendor:/opt/ros/jazzy/opt/gz_fuel_tools_vendor:/opt/ros/jazzy/opt/gz_msgs_vendor:/opt/ros/jazzy/opt/gz_common_vendor:/opt/ros/jazzy/opt/gz_math_vendor:/opt/ros/jazzy/opt/gz_utils_vendor:/opt/ros/jazzy/opt/gz_tools_vendor:/opt/ros/jazzy/opt/gz_ogre_next_vendor:/opt/ros/jazzy/opt/gz_dartsim_vendor:/opt/ros/jazzy/opt/gz_cmake_vendor:/home/sberk/Desktop/paralel/install/sequential:/home/sberk/Desktop/paralel/install/parallel:/opt/ros/jazzy DEBUGINFOD_URLS=https://debuginfod.ubuntu.com PYTHONPATH=/home/sberk/Desktop/paralel/install/sift_interfaces/lib/python3.12/site-packages:/home/sberk/Desktop/paralel/install/sequential/lib/python3.12/site-packages:/home/sberk/Desktop/paralel/install/parallel/lib/python3.12/site-packages:/opt/ros/jazzy/lib/python3.12/site-packages VIRTUAL_ENV_PROMPT=(venv-ardupilot) /usr/bin/cmake --install /home/sberk/Desktop/paralel/build/paralel
