running egg_info
creating ../../build/parallel/parallel.egg-info
writing ../../build/parallel/parallel.egg-info/PKG-INFO
writing dependency_links to ../../build/parallel/parallel.egg-info/dependency_links.txt
writing entry points to ../../build/parallel/parallel.egg-info/entry_points.txt
writing requirements to ../../build/parallel/parallel.egg-info/requires.txt
writing top-level names to ../../build/parallel/parallel.egg-info/top_level.txt
writing manifest file '../../build/parallel/parallel.egg-info/SOURCES.txt'
reading manifest file '../../build/parallel/parallel.egg-info/SOURCES.txt'
writing manifest file '../../build/parallel/parallel.egg-info/SOURCES.txt'
running build
running build_py
creating /home/sberk/Desktop/paralel/build/parallel/build
creating /home/sberk/Desktop/paralel/build/parallel/build/lib
creating /home/sberk/Desktop/paralel/build/parallel/build/lib/parallel
copying parallel/__init__.py -> /home/sberk/Desktop/paralel/build/parallel/build/lib/parallel
copying parallel/flann_subscriber.py -> /home/sberk/Desktop/paralel/build/parallel/build/lib/parallel
copying parallel/sift_publisher.py -> /home/sberk/Desktop/paralel/build/parallel/build/lib/parallel
running install
running install_lib
creating /home/sberk/Desktop/paralel/install/parallel/lib/python3.12/site-packages/parallel
copying /home/sberk/Desktop/paralel/build/parallel/build/lib/parallel/__init__.py -> /home/sberk/Desktop/paralel/install/parallel/lib/python3.12/site-packages/parallel
copying /home/sberk/Desktop/paralel/build/parallel/build/lib/parallel/flann_subscriber.py -> /home/sberk/Desktop/paralel/install/parallel/lib/python3.12/site-packages/parallel
copying /home/sberk/Desktop/paralel/build/parallel/build/lib/parallel/sift_publisher.py -> /home/sberk/Desktop/paralel/install/parallel/lib/python3.12/site-packages/parallel
byte-compiling /home/sberk/Desktop/paralel/install/parallel/lib/python3.12/site-packages/parallel/__init__.py to __init__.cpython-312.pyc
byte-compiling /home/sberk/Desktop/paralel/install/parallel/lib/python3.12/site-packages/parallel/flann_subscriber.py to flann_subscriber.cpython-312.pyc
byte-compiling /home/sberk/Desktop/paralel/install/parallel/lib/python3.12/site-packages/parallel/sift_publisher.py to sift_publisher.cpython-312.pyc
running install_data
creating /home/sberk/Desktop/paralel/install/parallel/share/ament_index
creating /home/sberk/Desktop/paralel/install/parallel/share/ament_index/resource_index
creating /home/sberk/Desktop/paralel/install/parallel/share/ament_index/resource_index/packages
copying resource/parallel -> /home/sberk/Desktop/paralel/install/parallel/share/ament_index/resource_index/packages
copying package.xml -> /home/sberk/Desktop/paralel/install/parallel/share/parallel
creating /home/sberk/Desktop/paralel/install/parallel/share/parallel/launch
copying launch/sift_matching.launch.py -> /home/sberk/Desktop/paralel/install/parallel/share/parallel/launch
running install_egg_info
Copying ../../build/parallel/parallel.egg-info to /home/sberk/Desktop/paralel/install/parallel/lib/python3.12/site-packages/parallel-0.0.1-py3.12.egg-info
running install_scripts
Installing flann_subscriber script to /home/sberk/Desktop/paralel/install/parallel/lib/parallel
Installing sift_publisher script to /home/sberk/Desktop/paralel/install/parallel/lib/parallel
writing list of installed files to '/home/sberk/Desktop/paralel/build/parallel/install.log'
