[1.634s] Invoking command in '/home/sberk/Desktop/paralel/src/parallel': DEBUGINFOD_URLS=https://debuginfod.ubuntu.com PYTHONPATH=/home/sberk/Desktop/paralel/build/parallel/prefix_override:/usr/lib/python3/dist-packages/colcon_core/task/python/colcon_distutils_commands:/home/sberk/Desktop/paralel/install/parallel/lib/python3.12/site-packages:/home/sberk/Desktop/paralel/install/sift_interfaces/lib/python3.12/site-packages:/home/sberk/Desktop/paralel/install/sequential/lib/python3.12/site-packages:/opt/ros/jazzy/lib/python3.12/site-packages VIRTUAL_ENV_PROMPT=(venv-ardupilot) /usr/bin/python3 -W ignore:setup.py install is deprecated -W ignore:easy_install command is deprecated setup.py egg_info --egg-base ../../build/parallel build --build-base /home/sberk/Desktop/paralel/build/parallel/build install --record /home/sberk/Desktop/paralel/build/parallel/install.log --single-version-externally-managed install_data
[1.993s] running egg_info
[1.993s] creating ../../build/parallel/parallel.egg-info
[2.025s] writing ../../build/parallel/parallel.egg-info/PKG-INFO
[2.025s] writing dependency_links to ../../build/parallel/parallel.egg-info/dependency_links.txt
[2.025s] writing entry points to ../../build/parallel/parallel.egg-info/entry_points.txt
[2.025s] writing requirements to ../../build/parallel/parallel.egg-info/requires.txt
[2.025s] writing top-level names to ../../build/parallel/parallel.egg-info/top_level.txt
[2.025s] writing manifest file '../../build/parallel/parallel.egg-info/SOURCES.txt'
[2.083s] reading manifest file '../../build/parallel/parallel.egg-info/SOURCES.txt'
[2.084s] writing manifest file '../../build/parallel/parallel.egg-info/SOURCES.txt'
[2.084s] running build
[2.084s] running build_py
[2.085s] creating /home/sberk/Desktop/paralel/build/parallel/build
[2.085s] creating /home/sberk/Desktop/paralel/build/parallel/build/lib
[2.085s] creating /home/sberk/Desktop/paralel/build/parallel/build/lib/parallel
[2.085s] copying parallel/__init__.py -> /home/sberk/Desktop/paralel/build/parallel/build/lib/parallel
[2.085s] copying parallel/flann_subscriber.py -> /home/sberk/Desktop/paralel/build/parallel/build/lib/parallel
[2.085s] copying parallel/sift_publisher.py -> /home/sberk/Desktop/paralel/build/parallel/build/lib/parallel
[2.085s] running install
[2.095s] running install_lib
[2.134s] creating /home/sberk/Desktop/paralel/install/parallel/lib/python3.12/site-packages/parallel
[2.134s] copying /home/sberk/Desktop/paralel/build/parallel/build/lib/parallel/__init__.py -> /home/sberk/Desktop/paralel/install/parallel/lib/python3.12/site-packages/parallel
[2.135s] copying /home/sberk/Desktop/paralel/build/parallel/build/lib/parallel/flann_subscriber.py -> /home/sberk/Desktop/paralel/install/parallel/lib/python3.12/site-packages/parallel
[2.135s] copying /home/sberk/Desktop/paralel/build/parallel/build/lib/parallel/sift_publisher.py -> /home/sberk/Desktop/paralel/install/parallel/lib/python3.12/site-packages/parallel
[2.135s] byte-compiling /home/sberk/Desktop/paralel/install/parallel/lib/python3.12/site-packages/parallel/__init__.py to __init__.cpython-312.pyc
[2.136s] byte-compiling /home/sberk/Desktop/paralel/install/parallel/lib/python3.12/site-packages/parallel/flann_subscriber.py to flann_subscriber.cpython-312.pyc
[2.136s] byte-compiling /home/sberk/Desktop/paralel/install/parallel/lib/python3.12/site-packages/parallel/sift_publisher.py to sift_publisher.cpython-312.pyc
[2.138s] running install_data
[2.139s] creating /home/sberk/Desktop/paralel/install/parallel/share/ament_index
[2.139s] creating /home/sberk/Desktop/paralel/install/parallel/share/ament_index/resource_index
[2.139s] creating /home/sberk/Desktop/paralel/install/parallel/share/ament_index/resource_index/packages
[2.139s] copying resource/parallel -> /home/sberk/Desktop/paralel/install/parallel/share/ament_index/resource_index/packages
[2.139s] copying package.xml -> /home/sberk/Desktop/paralel/install/parallel/share/parallel
[2.139s] creating /home/sberk/Desktop/paralel/install/parallel/share/parallel/launch
[2.139s] copying launch/sift_matching.launch.py -> /home/sberk/Desktop/paralel/install/parallel/share/parallel/launch
[2.140s] running install_egg_info
[2.180s] Copying ../../build/parallel/parallel.egg-info to /home/sberk/Desktop/paralel/install/parallel/lib/python3.12/site-packages/parallel-0.0.1-py3.12.egg-info
[2.181s] running install_scripts
[2.397s] Installing flann_subscriber script to /home/sberk/Desktop/paralel/install/parallel/lib/parallel
[2.397s] Installing sift_publisher script to /home/sberk/Desktop/paralel/install/parallel/lib/parallel
[2.397s] writing list of installed files to '/home/sberk/Desktop/paralel/build/parallel/install.log'
[2.465s] Invoked command in '/home/sberk/Desktop/paralel/src/parallel' returned '0': DEBUGINFOD_URLS=https://debuginfod.ubuntu.com PYTHONPATH=/home/sberk/Desktop/paralel/build/parallel/prefix_override:/usr/lib/python3/dist-packages/colcon_core/task/python/colcon_distutils_commands:/home/sberk/Desktop/paralel/install/parallel/lib/python3.12/site-packages:/home/sberk/Desktop/paralel/install/sift_interfaces/lib/python3.12/site-packages:/home/sberk/Desktop/paralel/install/sequential/lib/python3.12/site-packages:/opt/ros/jazzy/lib/python3.12/site-packages VIRTUAL_ENV_PROMPT=(venv-ardupilot) /usr/bin/python3 -W ignore:setup.py install is deprecated -W ignore:easy_install command is deprecated setup.py egg_info --egg-base ../../build/parallel build --build-base /home/sberk/Desktop/paralel/build/parallel/build install --record /home/sberk/Desktop/paralel/build/parallel/install.log --single-version-externally-managed install_data
