/tmp/tmpxft_000059aa_00000000-6_cuda_kernels.cudafe1.cpp:1:3: warning: style of line directive is a GCC extension
    1 | # 1 "/home/sberk/Desktop/paralel/src/paralel/src/cuda_kernels.cu"
      |   ^
/home/sberk/Desktop/paralel/src/paralel/src/cuda_kernels.cu:2:3: warning: style of line directive is a GCC extension
    2 |  * cuda_kernels.cu
      |   ^
/home/sberk/Desktop/paralel/src/paralel/src/cuda_kernels.cu:2:3: warning: style of line directive is a GCC extension
    2 |  * cuda_kernels.cu
      |   ^
/home/sberk/Desktop/paralel/src/paralel/src/cuda_kernels.cu:2:3: warning: style of line directive is a GCC extension
    2 |  * cuda_kernels.cu
      |   ^
/home/sberk/Desktop/paralel/src/paralel/src/cuda_kernels.cu:2:3: warning: style of line directive is a GCC extension
    2 |  * cuda_kernels.cu
      |   ^
/home/sberk/Desktop/paralel/src/paralel/src/cuda_kernels.cu:2:3: warning: style of line directive is a GCC extension
    2 |  * cuda_kernels.cu
      |   ^
/home/sberk/Desktop/paralel/src/paralel/src/cuda_kernels.cu:2:3: warning: style of line directive is a GCC extension
    2 |  * cuda_kernels.cu
      |   ^
/home/sberk/Desktop/paralel/src/paralel/src/cuda_kernels.cu:3:3: warning: style of line directive is a GCC extension
    3 |  * ─────────────────────────────────────────────────────────────────────────────
      |   ^
/home/sberk/Desktop/paralel/src/paralel/src/cuda_kernels.cu:6:3: warning: style of line directive is a GCC extension
    6 |  * Optimised CUDA-aware data path:
      |   ^
/home/sberk/Desktop/paralel/src/paralel/src/cuda_kernels.cu:1:3: warning: style of line directive is a GCC extension
    1 | /**
      |   ^ 
/home/sberk/Desktop/paralel/src/paralel/include/paralel/cuda_kernels.hpp:27:3: warning: style of line directive is a GCC extension
   27 | 
      |   ^ 
/home/sberk/Desktop/paralel/src/paralel/include/paralel/cuda_kernels.hpp:29:3: warning: style of line directive is a GCC extension
   29 | 
      |   ^ 
/home/sberk/Desktop/paralel/src/paralel/include/paralel/cuda_kernels.hpp:45:3: warning: style of line directive is a GCC extension
   45 |     const cv::Mat & descriptors,
      |   ^ 
/home/sberk/Desktop/paralel/src/paralel/include/paralel/cuda_kernels.hpp:55:3: warning: style of line directive is a GCC extension
   55 |     // For each query keypoint that PASSED the ratio test:
      |   ^ 
/home/sberk/Desktop/paralel/src/paralel/include/paralel/cuda_kernels.hpp:57:3: warning: style of line directive is a GCC extension
   57 |     std::vector<int> train_idx;   // matched index into train/large feature set
      |   ^ 
/home/sberk/Desktop/paralel/src/paralel/include/paralel/cuda_kernels.hpp:58:3: warning: style of line directive is a GCC extension
   58 |     int   total_query   = 0;      // number of query descriptors examined
      |   ^ 
/home/sberk/Desktop/paralel/src/paralel/include/paralel/cuda_kernels.hpp:59:3: warning: style of line directive is a GCC extension
   59 |     int   good_matches  = 0;      // number that passed the ratio test
      |   ^ 
/home/sberk/Desktop/paralel/src/paralel/include/paralel/cuda_kernels.hpp:60:3: warning: style of line directive is a GCC extension
   60 | };
      |   ^ 
/home/sberk/Desktop/paralel/src/paralel/include/paralel/cuda_kernels.hpp:61:3: warning: style of line directive is a GCC extension
   61 | 
      |   ^ 
/home/sberk/Desktop/paralel/src/paralel/include/paralel/cuda_kernels.hpp:75:3: warning: style of line directive is a GCC extension
   75 |     const GpuFeatures & query,
      |   ^ 
/home/sberk/Desktop/paralel/src/paralel/include/paralel/cuda_kernels.hpp:81:3: warning: style of line directive is a GCC extension
   81 | 
      |   ^ 
/home/sberk/Desktop/paralel/src/paralel/include/paralel/cuda_kernels.hpp:83:3: warning: style of line directive is a GCC extension
   83 |     const std::vector<std::vector<cv::DMatch>> & knn_matches,
      |   ^ 
/home/sberk/Desktop/paralel/src/paralel/include/paralel/cuda_kernels.hpp:88:3: warning: style of line directive is a GCC extension
   88 | 
      |   ^ 
/home/sberk/Desktop/paralel/src/paralel/include/paralel/cuda_kernels.hpp:90:3: warning: style of line directive is a GCC extension
/home/sberk/Desktop/paralel/src/paralel/include/paralel/gpu_feature_bus.hpp:27:3: warning: style of line directive is a GCC extension
   27 | 
      |   ^ 
/home/sberk/Desktop/paralel/src/paralel/include/paralel/gpu_feature_bus.hpp:36:3: warning: style of line directive is a GCC extension
   36 |     // Device buffers (VRAM-resident)
      |   ^ 
/home/sberk/Desktop/paralel/src/paralel/include/paralel/gpu_feature_bus.hpp:38:3: warning: style of line directive is a GCC extension
   38 |     float * d_kp_x        = nullptr;   // N, device memory
      |   ^ 
/home/sberk/Desktop/paralel/src/paralel/include/paralel/gpu_feature_bus.hpp:39:3: warning: style of line directive is a GCC extension
   39 |     float * d_kp_y        = nullptr;   // N, device memory
      |   ^ 
/home/sberk/Desktop/paralel/src/paralel/include/paralel/gpu_feature_bus.hpp:40:3: warning: style of line directive is a GCC extension
   40 |     float * d_kp_size     = nullptr;   // N, device memory
      |   ^ 
/home/sberk/Desktop/paralel/src/paralel/include/paralel/gpu_feature_bus.hpp:41:3: warning: style of line directive is a GCC extension
   41 |     float * d_kp_angle    = nullptr;   // N, device memory
      |   ^ 
/home/sberk/Desktop/paralel/src/paralel/include/paralel/gpu_feature_bus.hpp:42:3: warning: style of line directive is a GCC extension
   42 | 
      |   ^ 
/home/sberk/Desktop/paralel/src/paralel/include/paralel/gpu_feature_bus.hpp:44:3: warning: style of line directive is a GCC extension
   44 |     int     descriptor_dim = 128;
      |   ^ 
/home/sberk/Desktop/paralel/src/paralel/include/paralel/gpu_feature_bus.hpp:45:3: warning: style of line directive is a GCC extension
   45 |     int     height = 0;
      |   ^ 
/home/sberk/Desktop/paralel/src/paralel/include/paralel/gpu_feature_bus.hpp:46:3: warning: style of line directive is a GCC extension
   46 |     int     width  = 0;
      |   ^ 
/home/sberk/Desktop/paralel/src/paralel/include/paralel/gpu_feature_bus.hpp:47:3: warning: style of line directive is a GCC extension
   47 | 
      |   ^ 
/home/sberk/Desktop/paralel/src/paralel/include/paralel/gpu_feature_bus.hpp:49:3: warning: style of line directive is a GCC extension
   49 | 
      |   ^ 
/home/sberk/Desktop/paralel/src/paralel/include/paralel/gpu_feature_bus.hpp:52:3: warning: style of line directive is a GCC extension
   52 | 
      |   ^ 
/home/sberk/Desktop/paralel/src/paralel/include/paralel/gpu_feature_bus.hpp:54:3: warning: style of line directive is a GCC extension
   54 | };
      |   ^ 
/home/sberk/Desktop/paralel/src/paralel/include/paralel/gpu_feature_bus.hpp:55:3: warning: style of line directive is a GCC extension
   55 | 
      |   ^ 
/home/sberk/Desktop/paralel/src/paralel/include/paralel/gpu_feature_bus.hpp:68:3: warning: style of line directive is a GCC extension
   68 | public:
      |   ^~
/home/sberk/Desktop/paralel/src/paralel/include/paralel/gpu_feature_bus.hpp:70:3: warning: style of line directive is a GCC extension
   70 | 
      |   ^ 
/home/sberk/Desktop/paralel/src/paralel/include/paralel/gpu_feature_bus.hpp:72:3: warning: style of line directive is a GCC extension
   72 |         {
      |   ^ 
/home/sberk/Desktop/paralel/src/paralel/include/paralel/gpu_feature_bus.hpp:73:3: warning: style of line directive is a GCC extension
   73 |             std::lock_guard<std::mutex> lk(mtx_);
      |   ^ 
/home/sberk/Desktop/paralel/src/paralel/include/paralel/gpu_feature_bus.hpp:74:3: warning: style of line directive is a GCC extension
   74 |             slots_[static_cast<int>(slot)] = std::move(features);
      |   ^ 
/home/sberk/Desktop/paralel/src/paralel/include/paralel/gpu_feature_bus.hpp:75:3: warning: style of line directive is a GCC extension
   75 |         }
      |   ^ 
/home/sberk/Desktop/paralel/src/paralel/include/paralel/gpu_feature_bus.hpp:76:3: warning: style of line directive is a GCC extension
   76 |         cv_.notify_all();
      |   ^ 
/home/sberk/Desktop/paralel/src/paralel/include/paralel/gpu_feature_bus.hpp:77:3: warning: style of line directive is a GCC extension
   77 |     }
      |   ^ 
/home/sberk/Desktop/paralel/src/paralel/include/paralel/gpu_feature_bus.hpp:78:3: warning: style of line directive is a GCC extension
   78 | 
      |   ^ 
/home/sberk/Desktop/paralel/src/paralel/include/paralel/gpu_feature_bus.hpp:82:3: warning: style of line directive is a GCC extension
   82 |         std::unique_lock<std::mutex> lk(mtx_);
      |   ^ 
/home/sberk/Desktop/paralel/src/paralel/include/paralel/gpu_feature_bus.hpp:83:3: warning: style of line directive is a GCC extension
   83 |         cv_.wait(lk, [this] {
      |   ^ 
/home/sberk/Desktop/paralel/src/paralel/include/paralel/gpu_feature_bus.hpp:84:3: warning: style of line directive is a GCC extension
   84 |             return slots_[0] != nullptr && slots_[1] != nullptr;
      |   ^ 
/home/sberk/Desktop/paralel/src/paralel/include/paralel/gpu_feature_bus.hpp:85:3: warning: style of line directive is a GCC extension
   85 |         });
      |   ^ 
/home/sberk/Desktop/paralel/src/paralel/include/paralel/gpu_feature_bus.hpp:86:3: warning: style of line directive is a GCC extension
   86 |         return {slots_[0], slots_[1]};
      |   ^ 
/home/sberk/Desktop/paralel/src/paralel/include/paralel/gpu_feature_bus.hpp:87:3: warning: style of line directive is a GCC extension
   87 |     }
      |   ^ 
/home/sberk/Desktop/paralel/src/paralel/include/paralel/gpu_feature_bus.hpp:88:3: warning: style of line directive is a GCC extension
   88 | 
      |   ^ 
/home/sberk/Desktop/paralel/src/paralel/include/paralel/gpu_feature_bus.hpp:91:3: warning: style of line directive is a GCC extension
   91 |     std::condition_variable cv_;
      |   ^ 
/home/sberk/Desktop/paralel/src/paralel/include/paralel/gpu_feature_bus.hpp:92:3: warning: style of line directive is a GCC extension
   92 |     std::shared_ptr<GpuFeatures> slots_[2];
      |   ^ 
/home/sberk/Desktop/paralel/src/paralel/include/paralel/gpu_feature_bus.hpp:93:3: warning: style of line directive is a GCC extension
   93 | };
      |   ^ 
/home/sberk/Desktop/paralel/src/paralel/include/paralel/gpu_feature_bus.hpp:94:3: warning: style of line directive is a GCC extension
   94 | 
      |   ^ 
/home/sberk/Desktop/paralel/src/paralel/include/paralel/gpu_feature_bus.hpp:96:3: warning: style of line directive is a GCC extension
/home/sberk/Desktop/paralel/src/paralel/src/cuda_kernels.cu:43:3: warning: style of line directive is a GCC extension
   43 | 
      |   ^ 
/home/sberk/Desktop/paralel/src/paralel/src/cuda_kernels.cu:60:3: warning: style of line directive is a GCC extension
   60 |     const float * __restrict__ d_query,   // Nq x 128
      |   ^ 
/home/sberk/Desktop/paralel/src/paralel/src/cuda_kernels.cu:61:3: warning: style of line directive is a GCC extension
   61 |     const float * __restrict__ d_train,   // Nt x 128
      |   ^ 
/home/sberk/Desktop/paralel/src/paralel/src/cuda_kernels.cu:62:3: warning: style of line directive is a GCC extension
   62 |     int Nq, int Nt,
      |   ^ 
/home/sberk/Desktop/paralel/src/paralel/src/cuda_kernels.cu:63:3: warning: style of line directive is a GCC extension
   63 |     float ratio_sq,
      |   ^ 
/home/sberk/Desktop/paralel/src/paralel/src/cuda_kernels.cu:64:3: warning: style of line directive is a GCC extension
   64 |     int * __restrict__ d_train_idx,
      |   ^ 
/home/sberk/Desktop/paralel/src/paralel/src/cuda_kernels.cu:65:3: warning: style of line directive is a GCC extension
   65 |     unsigned char * __restrict__ d_pass)
      |   ^ 
/home/sberk/Desktop/paralel/src/paralel/src/cuda_kernels.cu:197:3: warning: style of line directive is a GCC extension
  197 | // ── upload_features_to_gpu ────────────────────────────────────────────────────
      |   ^~~
/home/sberk/Desktop/paralel/src/paralel/src/cuda_kernels.cu:148:3: warning: style of line directive is a GCC extension
  148 |     const unsigned char * __restrict__ d_bgr,
      |   ^ ~
/home/sberk/Desktop/paralel/src/paralel/src/cuda_kernels.cu:149:3: warning: style of line directive is a GCC extension
  149 |     unsigned char       * __restrict__ d_gray,
      |   ^ ~
/home/sberk/Desktop/paralel/src/paralel/src/cuda_kernels.cu:150:3: warning: style of line directive is a GCC extension
  150 |     int width, int height)
      |   ^ ~
/home/sberk/Desktop/paralel/src/paralel/src/cuda_kernels.cu:177:3: warning: style of line directive is a GCC extension
  177 |     int i = blockIdx.x * blockDim.x + threadIdx.x;
      |   ^ ~
/home/sberk/Desktop/paralel/src/paralel/src/cuda_kernels.cu:171:3: warning: style of line directive is a GCC extension
  171 |     const float * __restrict__ d_dist1,
      |   ^ ~
/home/sberk/Desktop/paralel/src/paralel/src/cuda_kernels.cu:172:3: warning: style of line directive is a GCC extension
  172 |     const float * __restrict__ d_dist2,
      |   ^ ~
/home/sberk/Desktop/paralel/src/paralel/src/cuda_kernels.cu:173:3: warning: style of line directive is a GCC extension
  173 |     unsigned char * __restrict__ d_mask,
      |   ^ ~
/home/sberk/Desktop/paralel/src/paralel/src/cuda_kernels.cu:174:3: warning: style of line directive is a GCC extension
  174 |     int N,
      |   ^ ~
/home/sberk/Desktop/paralel/src/paralel/src/cuda_kernels.cu:175:3: warning: style of line directive is a GCC extension
  175 |     float ratio)
      |   ^ ~
/home/sberk/Desktop/paralel/src/paralel/src/cuda_kernels.cu:188:3: warning: style of line directive is a GCC extension
  188 |     if (!f) return;
      |   ^ ~
/home/sberk/Desktop/paralel/src/paralel/src/cuda_kernels.cu:184:3: warning: style of line directive is a GCC extension
  184 | 
      |   ^  
/home/sberk/Desktop/paralel/src/paralel/src/cuda_kernels.cu:187:3: warning: style of line directive is a GCC extension
  187 | {
      |   ^  
/home/sberk/Desktop/paralel/src/paralel/src/cuda_kernels.cu:188:3: warning: style of line directive is a GCC extension
  188 |     if (!f) return;
      |   ^ ~
/home/sberk/Desktop/paralel/src/paralel/src/cuda_kernels.cu:189:3: warning: style of line directive is a GCC extension
  189 |     if (f->d_descriptors) cudaFree(f->d_descriptors);
      |   ^ ~
/home/sberk/Desktop/paralel/src/paralel/src/cuda_kernels.cu:190:3: warning: style of line directive is a GCC extension
  190 |     if (f->d_kp_x)        cudaFree(f->d_kp_x);
      |   ^ ~
/home/sberk/Desktop/paralel/src/paralel/src/cuda_kernels.cu:191:3: warning: style of line directive is a GCC extension
  191 |     if (f->d_kp_y)        cudaFree(f->d_kp_y);
      |   ^ ~
/home/sberk/Desktop/paralel/src/paralel/src/cuda_kernels.cu:192:3: warning: style of line directive is a GCC extension
  192 |     if (f->d_kp_size)     cudaFree(f->d_kp_size);
      |   ^ ~
/home/sberk/Desktop/paralel/src/paralel/src/cuda_kernels.cu:193:3: warning: style of line directive is a GCC extension
  193 |     if (f->d_kp_angle)    cudaFree(f->d_kp_angle);
      |   ^ ~
/home/sberk/Desktop/paralel/src/paralel/src/cuda_kernels.cu:194:3: warning: style of line directive is a GCC extension
  194 |     delete f;
      |   ^ ~
/home/sberk/Desktop/paralel/src/paralel/src/cuda_kernels.cu:195:3: warning: style of line directive is a GCC extension
  195 | }
      |   ^  
/home/sberk/Desktop/paralel/src/paralel/src/cuda_kernels.cu:196:3: warning: style of line directive is a GCC extension
  196 | 
      |   ^  
/home/sberk/Desktop/paralel/src/paralel/src/cuda_kernels.cu:199:3: warning: style of line directive is a GCC extension
  199 |     const cv::Mat & descriptors,
      |   ^ ~
/home/sberk/Desktop/paralel/src/paralel/src/cuda_kernels.cu:200:3: warning: style of line directive is a GCC extension
  200 |     const std::vector<cv::KeyPoint> & keypoints,
      |   ^ ~
/home/sberk/Desktop/paralel/src/paralel/src/cuda_kernels.cu:201:3: warning: style of line directive is a GCC extension
  201 |     const std::string & image_name,
      |   ^ ~
/home/sberk/Desktop/paralel/src/paralel/src/cuda_kernels.cu:202:3: warning: style of line directive is a GCC extension
  202 |     int height, int width)
      |   ^ ~
/home/sberk/Desktop/paralel/src/paralel/src/cuda_kernels.cu:203:3: warning: style of line directive is a GCC extension
  203 | {
      |   ^  
/home/sberk/Desktop/paralel/src/paralel/src/cuda_kernels.cu:204:3: warning: style of line directive is a GCC extension
  204 |     const int N = static_cast<int>(keypoints.size());
      |   ^ ~
/home/sberk/Desktop/paralel/src/paralel/src/cuda_kernels.cu:205:3: warning: style of line directive is a GCC extension
  205 | 
      |   ^  
/home/sberk/Desktop/paralel/src/paralel/src/cuda_kernels.cu:207:3: warning: style of line directive is a GCC extension
  207 |     gf->num_keypoints  = N;
      |   ^ ~
/home/sberk/Desktop/paralel/src/paralel/src/cuda_kernels.cu:208:3: warning: style of line directive is a GCC extension
  208 |     gf->descriptor_dim = DESC_DIM;
      |   ^ ~
/home/sberk/Desktop/paralel/src/paralel/src/cuda_kernels.cu:209:3: warning: style of line directive is a GCC extension
  209 |     gf->height         = height;
      |   ^ ~
/home/sberk/Desktop/paralel/src/paralel/src/cuda_kernels.cu:210:3: warning: style of line directive is a GCC extension
  210 |     gf->width          = width;
      |   ^ ~
/home/sberk/Desktop/paralel/src/paralel/src/cuda_kernels.cu:211:3: warning: style of line directive is a GCC extension
  211 |     gf->image_name     = image_name;
      |   ^ ~
/home/sberk/Desktop/paralel/src/paralel/src/cuda_kernels.cu:212:3: warning: style of line directive is a GCC extension
  212 | 
      |   ^  
/home/sberk/Desktop/paralel/src/paralel/src/cuda_kernels.cu:214:3: warning: style of line directive is a GCC extension
  214 | 
      |   ^  
/home/sberk/Desktop/paralel/src/paralel/src/cuda_kernels.cu:216:3: warning: style of line directive is a GCC extension
  216 |     const size_t kp_bytes   = static_cast<size_t>(N) * sizeof(float);
      |   ^ ~
/home/sberk/Desktop/paralel/src/paralel/src/cuda_kernels.cu:217:3: warning: style of line directive is a GCC extension
  217 | 
      |   ^  
/home/sberk/Desktop/paralel/src/paralel/src/cuda_kernels.cu:220:3: warning: style of line directive is a GCC extension
  220 |     CUDA_CHECK(cudaMalloc(&gf->d_kp_x,    kp_bytes));
      |   ^ ~
/home/sberk/Desktop/paralel/src/paralel/src/cuda_kernels.cu:221:3: warning: style of line directive is a GCC extension
  221 |     CUDA_CHECK(cudaMalloc(&gf->d_kp_y,    kp_bytes));
      |   ^ ~
/home/sberk/Desktop/paralel/src/paralel/src/cuda_kernels.cu:222:3: warning: style of line directive is a GCC extension
  222 |     CUDA_CHECK(cudaMalloc(&gf->d_kp_size, kp_bytes));
      |   ^ ~
/home/sberk/Desktop/paralel/src/paralel/src/cuda_kernels.cu:223:3: warning: style of line directive is a GCC extension
  223 |     CUDA_CHECK(cudaMalloc(&gf->d_kp_angle, kp_bytes));
      |   ^ ~
/home/sberk/Desktop/paralel/src/paralel/src/cuda_kernels.cu:224:3: warning: style of line directive is a GCC extension
  224 | 
      |   ^  
/home/sberk/Desktop/paralel/src/paralel/src/cuda_kernels.cu:227:3: warning: style of line directive is a GCC extension
  227 |     for (int i = 0; i < N; ++i) {
      |   ^ ~
/home/sberk/Desktop/paralel/src/paralel/src/cuda_kernels.cu:228:3: warning: style of line directive is a GCC extension
  228 |         kx[i] = keypoints[i].pt.x;
      |   ^  
/home/sberk/Desktop/paralel/src/paralel/src/cuda_kernels.cu:229:3: warning: style of line directive is a GCC extension
  229 |         ky[i] = keypoints[i].pt.y;
      |   ^  
/home/sberk/Desktop/paralel/src/paralel/src/cuda_kernels.cu:230:3: warning: style of line directive is a GCC extension
  230 |         ks[i] = keypoints[i].size;
      |   ^  
/home/sberk/Desktop/paralel/src/paralel/src/cuda_kernels.cu:231:3: warning: style of line directive is a GCC extension
  231 |         ka[i] = keypoints[i].angle;
      |   ^  
/home/sberk/Desktop/paralel/src/paralel/src/cuda_kernels.cu:232:3: warning: style of line directive is a GCC extension
  232 |     }
      |   ^ ~
/home/sberk/Desktop/paralel/src/paralel/src/cuda_kernels.cu:233:3: warning: style of line directive is a GCC extension
  233 | 
      |   ^  
/home/sberk/Desktop/paralel/src/paralel/src/cuda_kernels.cu:236:3: warning: style of line directive is a GCC extension
  236 |     if (desc.type() != CV_32F) desc.convertTo(desc, CV_32F);
      |   ^ ~
/home/sberk/Desktop/paralel/src/paralel/src/cuda_kernels.cu:237:3: warning: style of line directive is a GCC extension
  237 |     if (!desc.isContinuous())  desc = desc.clone();
      |   ^ ~
/home/sberk/Desktop/paralel/src/paralel/src/cuda_kernels.cu:237:3: warning: style of line directive is a GCC extension
  237 |     if (!desc.isContinuous())  desc = desc.clone();
      |   ^ ~
/home/sberk/Desktop/paralel/src/paralel/src/cuda_kernels.cu:238:3: warning: style of line directive is a GCC extension
  238 | 
      |   ^  
/home/sberk/Desktop/paralel/src/paralel/src/cuda_kernels.cu:242:3: warning: style of line directive is a GCC extension
  242 |     CUDA_CHECK(cudaStreamCreate(&stream));
      |   ^ ~
/home/sberk/Desktop/paralel/src/paralel/src/cuda_kernels.cu:243:3: warning: style of line directive is a GCC extension
  243 |     CUDA_CHECK(cudaMemcpyAsync(gf->d_descriptors, desc.ptr<float>(0),
      |   ^ ~
/home/sberk/Desktop/paralel/src/paralel/src/cuda_kernels.cu:244:3: warning: style of line directive is a GCC extension
  244 |                                desc_bytes, cudaMemcpyHostToDevice, stream));
      |   ^  
/home/sberk/Desktop/paralel/src/paralel/src/cuda_kernels.cu:246:3: warning: style of line directive is a GCC extension
  246 |                                cudaMemcpyHostToDevice, stream));
      |   ^  
/home/sberk/Desktop/paralel/src/paralel/src/cuda_kernels.cu:248:3: warning: style of line directive is a GCC extension
  248 |                                cudaMemcpyHostToDevice, stream));
      |   ^  
/home/sberk/Desktop/paralel/src/paralel/src/cuda_kernels.cu:250:3: warning: style of line directive is a GCC extension
  250 |                                cudaMemcpyHostToDevice, stream));
      |   ^  
/home/sberk/Desktop/paralel/src/paralel/src/cuda_kernels.cu:252:3: warning: style of line directive is a GCC extension
  252 |                                cudaMemcpyHostToDevice, stream));
      |   ^  
/home/sberk/Desktop/paralel/src/paralel/src/cuda_kernels.cu:254:3: warning: style of line directive is a GCC extension
  254 |     CUDA_CHECK(cudaStreamDestroy(stream));
      |   ^ ~
/home/sberk/Desktop/paralel/src/paralel/src/cuda_kernels.cu:255:3: warning: style of line directive is a GCC extension
  255 | 
      |   ^  
/home/sberk/Desktop/paralel/src/paralel/src/cuda_kernels.cu:257:3: warning: style of line directive is a GCC extension
  257 | }
      |   ^  
/home/sberk/Desktop/paralel/src/paralel/src/cuda_kernels.cu:258:3: warning: style of line directive is a GCC extension
  258 | 
      |   ^  
/home/sberk/Desktop/paralel/src/paralel/src/cuda_kernels.cu:261:3: warning: style of line directive is a GCC extension
  261 |     const GpuFeatures & query,
      |   ^ ~
/home/sberk/Desktop/paralel/src/paralel/src/cuda_kernels.cu:262:3: warning: style of line directive is a GCC extension
  262 |     const GpuFeatures & train,
      |   ^ ~
/home/sberk/Desktop/paralel/src/paralel/src/cuda_kernels.cu:263:3: warning: style of line directive is a GCC extension
  263 |     float ratio)
      |   ^ ~
/home/sberk/Desktop/paralel/src/paralel/src/cuda_kernels.cu:264:3: warning: style of line directive is a GCC extension
  264 | {
      |   ^  
/home/sberk/Desktop/paralel/src/paralel/src/cuda_kernels.cu:265:3: warning: style of line directive is a GCC extension
  265 |     GpuMatchResult out;
      |   ^ ~
/home/sberk/Desktop/paralel/src/paralel/src/cuda_kernels.cu:266:3: warning: style of line directive is a GCC extension
  266 |     out.total_query = query.num_keypoints;
      |   ^ ~
/home/sberk/Desktop/paralel/src/paralel/src/cuda_kernels.cu:267:3: warning: style of line directive is a GCC extension
  267 | 
      |   ^  
/home/sberk/Desktop/paralel/src/paralel/src/cuda_kernels.cu:269:3: warning: style of line directive is a GCC extension
  269 |     const int Nt = train.num_keypoints;
      |   ^ ~
/home/sberk/Desktop/paralel/src/paralel/src/cuda_kernels.cu:270:3: warning: style of line directive is a GCC extension
  270 |     if (Nq == 0 || Nt == 0) return out;
      |   ^ ~
/home/sberk/Desktop/paralel/src/paralel/src/cuda_kernels.cu:271:3: warning: style of line directive is a GCC extension
  271 | 
      |   ^  
/home/sberk/Desktop/paralel/src/paralel/src/cuda_kernels.cu:273:3: warning: style of line directive is a GCC extension
  273 |     unsigned char *d_pass      = nullptr;
      |   ^ ~
/home/sberk/Desktop/paralel/src/paralel/src/cuda_kernels.cu:274:3: warning: style of line directive is a GCC extension
  274 |     CUDA_CHECK(cudaMalloc(&d_train_idx, Nq * sizeof(int)));
      |   ^ ~
/home/sberk/Desktop/paralel/src/paralel/src/cuda_kernels.cu:275:3: warning: style of line directive is a GCC extension
  275 |     CUDA_CHECK(cudaMalloc(&d_pass,      Nq * sizeof(unsigned char)));
      |   ^ ~
/home/sberk/Desktop/paralel/src/paralel/src/cuda_kernels.cu:276:3: warning: style of line directive is a GCC extension
  276 | 
      |   ^  
/home/sberk/Desktop/paralel/src/paralel/src/cuda_kernels.cu:278:3: warning: style of line directive is a GCC extension
  278 |     const dim3 grid(Nq);
      |   ^ ~
/home/sberk/Desktop/paralel/src/paralel/src/cuda_kernels.cu:279:3: warning: style of line directive is a GCC extension
  279 |     // shared: query(128) handled separately; reduction needs
      |   ^ ~
/home/sberk/Desktop/paralel/src/paralel/src/cuda_kernels.cu:282:3: warning: style of line directive is a GCC extension
  282 | 
      |   ^  
/home/sberk/Desktop/paralel/src/paralel/src/cuda_kernels.cu:284:3: warning: style of line directive is a GCC extension
  284 | 
      |   ^  
/home/sberk/Desktop/paralel/src/paralel/src/cuda_kernels.cu:286:3: warning: style of line directive is a GCC extension
  286 |         query.d_descriptors, train.d_descriptors,
      |   ^  
/home/sberk/Desktop/paralel/src/paralel/src/cuda_kernels.cu:289:3: warning: style of line directive is a GCC extension
  289 |     CUDA_CHECK(cudaDeviceSynchronize());
      |   ^ ~
/home/sberk/Desktop/paralel/src/paralel/src/cuda_kernels.cu:290:3: warning: style of line directive is a GCC extension
  290 | 
      |   ^  
/home/sberk/Desktop/paralel/src/paralel/src/cuda_kernels.cu:293:3: warning: style of line directive is a GCC extension
  293 |     std::vector<unsigned char> h_pass(Nq);
      |   ^ ~
/home/sberk/Desktop/paralel/src/paralel/src/cuda_kernels.cu:294:3: warning: style of line directive is a GCC extension
  294 |     CUDA_CHECK(cudaMemcpy(h_train_idx.data(), d_train_idx,
      |   ^ ~
/home/sberk/Desktop/paralel/src/paralel/src/cuda_kernels.cu:295:3: warning: style of line directive is a GCC extension
  295 |                           Nq * sizeof(int), cudaMemcpyDeviceToHost));
      |   ^  
/home/sberk/Desktop/paralel/src/paralel/src/cuda_kernels.cu:297:3: warning: style of line directive is a GCC extension
  297 |                           Nq * sizeof(unsigned char), cudaMemcpyDeviceToHost));
      |   ^  
/home/sberk/Desktop/paralel/src/paralel/src/cuda_kernels.cu:300:3: warning: style of line directive is a GCC extension
  300 |     cudaFree(d_pass);
      |   ^ ~
/home/sberk/Desktop/paralel/src/paralel/src/cuda_kernels.cu:301:3: warning: style of line directive is a GCC extension
  301 | 
      |   ^  
/home/sberk/Desktop/paralel/src/paralel/src/cuda_kernels.cu:303:3: warning: style of line directive is a GCC extension
  303 |     out.train_idx.reserve(Nq);
      |   ^ ~
/home/sberk/Desktop/paralel/src/paralel/src/cuda_kernels.cu:304:3: warning: style of line directive is a GCC extension
  304 |     for (int q = 0; q < Nq; ++q) {
      |   ^ ~
/home/sberk/Desktop/paralel/src/paralel/src/cuda_kernels.cu:305:3: warning: style of line directive is a GCC extension
  305 |         if (h_pass[q] && h_train_idx[q] >= 0) {
      |   ^  
/home/sberk/Desktop/paralel/src/paralel/src/cuda_kernels.cu:306:3: warning: style of line directive is a GCC extension
  306 |             out.query_idx.push_back(q);
      |   ^  
/home/sberk/Desktop/paralel/src/paralel/src/cuda_kernels.cu:307:3: warning: style of line directive is a GCC extension
  307 |             out.train_idx.push_back(h_train_idx[q]);
      |   ^  
/home/sberk/Desktop/paralel/src/paralel/src/cuda_kernels.cu:308:3: warning: style of line directive is a GCC extension
  308 |         }
      |   ^  
/home/sberk/Desktop/paralel/src/paralel/src/cuda_kernels.cu:309:3: warning: style of line directive is a GCC extension
  309 |     }
      |   ^ ~
/home/sberk/Desktop/paralel/src/paralel/src/cuda_kernels.cu:310:3: warning: style of line directive is a GCC extension
  310 |     out.good_matches = static_cast<int>(out.query_idx.size());
      |   ^ ~
/home/sberk/Desktop/paralel/src/paralel/src/cuda_kernels.cu:311:3: warning: style of line directive is a GCC extension
  311 |     return out;
      |   ^ ~
/home/sberk/Desktop/paralel/src/paralel/src/cuda_kernels.cu:312:3: warning: style of line directive is a GCC extension
  312 | }
      |   ^  
/home/sberk/Desktop/paralel/src/paralel/src/cuda_kernels.cu:313:3: warning: style of line directive is a GCC extension
  313 | 
      |   ^  
/home/sberk/Desktop/paralel/src/paralel/src/cuda_kernels.cu:316:3: warning: style of line directive is a GCC extension
  316 | {
      |   ^  
/home/sberk/Desktop/paralel/src/paralel/src/cuda_kernels.cu:317:3: warning: style of line directive is a GCC extension
  317 |     if (bgr_img.empty() || bgr_img.channels() != 3) {
      |   ^ ~
/home/sberk/Desktop/paralel/src/paralel/src/cuda_kernels.cu:318:3: warning: style of line directive is a GCC extension
  318 |         throw std::invalid_argument("cuda_bgr_to_gray: expected non-empty 3-channel BGR image");
      |   ^  
/home/sberk/Desktop/paralel/src/paralel/src/cuda_kernels.cu:319:3: warning: style of line directive is a GCC extension
  319 |     }
      |   ^ ~
/home/sberk/Desktop/paralel/src/paralel/src/cuda_kernels.cu:320:3: warning: style of line directive is a GCC extension
  320 | 
      |   ^  
/home/sberk/Desktop/paralel/src/paralel/src/cuda_kernels.cu:322:3: warning: style of line directive is a GCC extension
  322 |     const int H = bgr_img.rows;
      |   ^ ~
/home/sberk/Desktop/paralel/src/paralel/src/cuda_kernels.cu:323:3: warning: style of line directive is a GCC extension
  323 |     const size_t bgr_bytes  = static_cast<size_t>(W) * H * 3;
      |   ^ ~
/home/sberk/Desktop/paralel/src/paralel/src/cuda_kernels.cu:324:3: warning: style of line directive is a GCC extension
  324 |     const size_t gray_bytes = static_cast<size_t>(W) * H;
      |   ^ ~
/home/sberk/Desktop/paralel/src/paralel/src/cuda_kernels.cu:325:3: warning: style of line directive is a GCC extension
  325 | 
      |   ^  
/home/sberk/Desktop/paralel/src/paralel/src/cuda_kernels.cu:327:3: warning: style of line directive is a GCC extension
  327 | 
      |   ^  
/home/sberk/Desktop/paralel/src/paralel/src/cuda_kernels.cu:329:3: warning: style of line directive is a GCC extension
  329 |     unsigned char *d_gray = nullptr;
      |   ^ ~
/home/sberk/Desktop/paralel/src/paralel/src/cuda_kernels.cu:330:3: warning: style of line directive is a GCC extension
  330 |     CUDA_CHECK(cudaMalloc(&d_bgr,  bgr_bytes));
      |   ^ ~
/home/sberk/Desktop/paralel/src/paralel/src/cuda_kernels.cu:331:3: warning: style of line directive is a GCC extension
  331 |     CUDA_CHECK(cudaMalloc(&d_gray, gray_bytes));
      |   ^ ~
/home/sberk/Desktop/paralel/src/paralel/src/cuda_kernels.cu:332:3: warning: style of line directive is a GCC extension
  332 | 
      |   ^  
/home/sberk/Desktop/paralel/src/paralel/src/cuda_kernels.cu:334:3: warning: style of line directive is a GCC extension
  334 | 
      |   ^  
/home/sberk/Desktop/paralel/src/paralel/src/cuda_kernels.cu:336:3: warning: style of line directive is a GCC extension
  336 |     dim3 grid((W + block.x - 1) / block.x,
      |   ^ ~
/home/sberk/Desktop/paralel/src/paralel/src/cuda_kernels.cu:337:3: warning: style of line directive is a GCC extension
  337 |               (H + block.y - 1) / block.y);
      |   ^  
/home/sberk/Desktop/paralel/src/paralel/src/cuda_kernels.cu:339:3: warning: style of line directive is a GCC extension
  339 |     CUDA_CHECK(cudaGetLastError());
      |   ^ ~
/home/sberk/Desktop/paralel/src/paralel/src/cuda_kernels.cu:340:3: warning: style of line directive is a GCC extension
  340 |     CUDA_CHECK(cudaDeviceSynchronize());
      |   ^ ~
/home/sberk/Desktop/paralel/src/paralel/src/cuda_kernels.cu:341:3: warning: style of line directive is a GCC extension
  341 | 
      |   ^  
/home/sberk/Desktop/paralel/src/paralel/src/cuda_kernels.cu:343:3: warning: style of line directive is a GCC extension
  343 |     CUDA_CHECK(cudaMemcpy(gray.data, d_gray, gray_bytes, cudaMemcpyDeviceToHost));
      |   ^ ~
/home/sberk/Desktop/paralel/src/paralel/src/cuda_kernels.cu:344:3: warning: style of line directive is a GCC extension
  344 | 
      |   ^  
/home/sberk/Desktop/paralel/src/paralel/src/cuda_kernels.cu:346:3: warning: style of line directive is a GCC extension
  346 |     cudaFree(d_gray);
      |   ^ ~
/home/sberk/Desktop/paralel/src/paralel/src/cuda_kernels.cu:347:3: warning: style of line directive is a GCC extension
  347 | 
      |   ^  
/home/sberk/Desktop/paralel/src/paralel/src/cuda_kernels.cu:349:3: warning: style of line directive is a GCC extension
  349 | }
      |   ^  
/home/sberk/Desktop/paralel/src/paralel/src/cuda_kernels.cu:350:3: warning: style of line directive is a GCC extension
  350 | 
      |   ^  
/home/sberk/Desktop/paralel/src/paralel/src/cuda_kernels.cu:353:3: warning: style of line directive is a GCC extension
  353 |     const std::vector<std::vector<cv::DMatch>> & knn_matches,
      |   ^ ~
/home/sberk/Desktop/paralel/src/paralel/src/cuda_kernels.cu:354:3: warning: style of line directive is a GCC extension
  354 |     float ratio)
      |   ^ ~
/home/sberk/Desktop/paralel/src/paralel/src/cuda_kernels.cu:355:3: warning: style of line directive is a GCC extension
  355 | {
      |   ^  
/home/sberk/Desktop/paralel/src/paralel/src/cuda_kernels.cu:356:3: warning: style of line directive is a GCC extension
  356 |     const int N = static_cast<int>(knn_matches.size());
      |   ^ ~
/home/sberk/Desktop/paralel/src/paralel/src/cuda_kernels.cu:357:3: warning: style of line directive is a GCC extension
  357 |     std::vector<bool> result(N, false);
      |   ^ ~
/home/sberk/Desktop/paralel/src/paralel/src/cuda_kernels.cu:358:3: warning: style of line directive is a GCC extension
  358 |     if (N == 0) return result;
      |   ^ ~
/home/sberk/Desktop/paralel/src/paralel/src/cuda_kernels.cu:359:3: warning: style of line directive is a GCC extension
  359 | 
      |   ^  
/home/sberk/Desktop/paralel/src/paralel/src/cuda_kernels.cu:361:3: warning: style of line directive is a GCC extension
  361 |     for (int i = 0; i < N; ++i) {
      |   ^ ~
/home/sberk/Desktop/paralel/src/paralel/src/cuda_kernels.cu:362:3: warning: style of line directive is a GCC extension
  362 |         if (knn_matches[i].size() >= 2) {
      |   ^  
/home/sberk/Desktop/paralel/src/paralel/src/cuda_kernels.cu:363:3: warning: style of line directive is a GCC extension
  363 |             h_dist1[i] = knn_matches[i][0].distance;
      |   ^  
/home/sberk/Desktop/paralel/src/paralel/src/cuda_kernels.cu:364:3: warning: style of line directive is a GCC extension
  364 |             h_dist2[i] = knn_matches[i][1].distance;
      |   ^  
/home/sberk/Desktop/paralel/src/paralel/src/cuda_kernels.cu:365:3: warning: style of line directive is a GCC extension
  365 |         } else {
      |   ^  
/home/sberk/Desktop/paralel/src/paralel/src/cuda_kernels.cu:366:3: warning: style of line directive is a GCC extension
  366 |             h_dist1[i] = 1.0f;
      |   ^  
/home/sberk/Desktop/paralel/src/paralel/src/cuda_kernels.cu:367:3: warning: style of line directive is a GCC extension
  367 |             h_dist2[i] = 0.0f;
      |   ^  
/home/sberk/Desktop/paralel/src/paralel/src/cuda_kernels.cu:368:3: warning: style of line directive is a GCC extension
  368 |         }
      |   ^  
/home/sberk/Desktop/paralel/src/paralel/src/cuda_kernels.cu:369:3: warning: style of line directive is a GCC extension
  369 |     }
      |   ^ ~
/home/sberk/Desktop/paralel/src/paralel/src/cuda_kernels.cu:370:3: warning: style of line directive is a GCC extension
  370 | 
      |   ^  
/home/sberk/Desktop/paralel/src/paralel/src/cuda_kernels.cu:372:3: warning: style of line directive is a GCC extension
  372 |     float         *d_dist2 = nullptr;
      |   ^ ~
/home/sberk/Desktop/paralel/src/paralel/src/cuda_kernels.cu:373:3: warning: style of line directive is a GCC extension
  373 |     unsigned char *d_mask  = nullptr;
      |   ^ ~
/home/sberk/Desktop/paralel/src/paralel/src/cuda_kernels.cu:374:3: warning: style of line directive is a GCC extension
  374 |     CUDA_CHECK(cudaMalloc(&d_dist1, N * sizeof(float)));
      |   ^ ~
/home/sberk/Desktop/paralel/src/paralel/src/cuda_kernels.cu:375:3: warning: style of line directive is a GCC extension
  375 |     CUDA_CHECK(cudaMalloc(&d_dist2, N * sizeof(float)));
      |   ^ ~
/home/sberk/Desktop/paralel/src/paralel/src/cuda_kernels.cu:376:3: warning: style of line directive is a GCC extension
  376 |     CUDA_CHECK(cudaMalloc(&d_mask,  N * sizeof(unsigned char)));
      |   ^ ~
/home/sberk/Desktop/paralel/src/paralel/src/cuda_kernels.cu:377:3: warning: style of line directive is a GCC extension
  377 | 
      |   ^  
/home/sberk/Desktop/paralel/src/paralel/src/cuda_kernels.cu:379:3: warning: style of line directive is a GCC extension
  379 |     CUDA_CHECK(cudaMemcpy(d_dist2, h_dist2.data(), N * sizeof(float), cudaMemcpyHostToDevice));
      |   ^ ~
/home/sberk/Desktop/paralel/src/paralel/src/cuda_kernels.cu:380:3: warning: style of line directive is a GCC extension
  380 | 
      |   ^  
/home/sberk/Desktop/paralel/src/paralel/src/cuda_kernels.cu:382:3: warning: style of line directive is a GCC extension
  382 |     const int GRID  = (N + BLOCK - 1) / BLOCK;
      |   ^ ~
/home/sberk/Desktop/paralel/src/paralel/src/cuda_kernels.cu:383:3: warning: style of line directive is a GCC extension
  383 |     kernel_lowe_ratio<<<GRID, BLOCK>>>(d_dist1, d_dist2, d_mask, N, ratio);
      |   ^ ~
/home/sberk/Desktop/paralel/src/paralel/src/cuda_kernels.cu:384:3: warning: style of line directive is a GCC extension
  384 |     CUDA_CHECK(cudaGetLastError());
      |   ^ ~
/home/sberk/Desktop/paralel/src/paralel/src/cuda_kernels.cu:385:3: warning: style of line directive is a GCC extension
  385 |     CUDA_CHECK(cudaDeviceSynchronize());
      |   ^ ~
/home/sberk/Desktop/paralel/src/paralel/src/cuda_kernels.cu:386:3: warning: style of line directive is a GCC extension
  386 | 
      |   ^  
/home/sberk/Desktop/paralel/src/paralel/src/cuda_kernels.cu:388:3: warning: style of line directive is a GCC extension
  388 |     CUDA_CHECK(cudaMemcpy(h_mask.data(), d_mask, N * sizeof(unsigned char), cudaMemcpyDeviceToHost));
      |   ^ ~
/home/sberk/Desktop/paralel/src/paralel/src/cuda_kernels.cu:389:3: warning: style of line directive is a GCC extension
  389 | 
      |   ^  
/home/sberk/Desktop/paralel/src/paralel/src/cuda_kernels.cu:391:3: warning: style of line directive is a GCC extension
  391 |     cudaFree(d_dist2);
      |   ^ ~
/home/sberk/Desktop/paralel/src/paralel/src/cuda_kernels.cu:392:3: warning: style of line directive is a GCC extension
  392 |     cudaFree(d_mask);
      |   ^ ~
/home/sberk/Desktop/paralel/src/paralel/src/cuda_kernels.cu:393:3: warning: style of line directive is a GCC extension
  393 | 
      |   ^  
/home/sberk/Desktop/paralel/src/paralel/src/cuda_kernels.cu:395:3: warning: style of line directive is a GCC extension
  395 |     return result;
      |   ^ ~
/home/sberk/Desktop/paralel/src/paralel/src/cuda_kernels.cu:396:3: warning: style of line directive is a GCC extension
  396 | }
      |   ^  
/home/sberk/Desktop/paralel/src/paralel/src/cuda_kernels.cu:397:3: warning: style of line directive is a GCC extension
  397 | 
      |   ^  
/home/sberk/Desktop/paralel/src/paralel/src/cuda_kernels.cu:400:3: warning: style of line directive is a GCC extension
  400 | {
      |   ^  
/home/sberk/Desktop/paralel/src/paralel/src/cuda_kernels.cu:401:3: warning: style of line directive is a GCC extension
  401 |     int dev = 0;
      |   ^ ~
/home/sberk/Desktop/paralel/src/paralel/src/cuda_kernels.cu:402:3: warning: style of line directive is a GCC extension
  402 |     cudaDeviceProp prop{};
      |   ^ ~
/home/sberk/Desktop/paralel/src/paralel/src/cuda_kernels.cu:403:3: warning: style of line directive is a GCC extension
  403 |     cudaError_t e = cudaGetDeviceProperties(&prop, dev);
      |   ^ ~
/home/sberk/Desktop/paralel/src/paralel/src/cuda_kernels.cu:404:3: warning: style of line directive is a GCC extension
  404 |     if (e != cudaSuccess) return "CUDA device query failed";
      |   ^ ~
/home/sberk/Desktop/paralel/src/paralel/src/cuda_kernels.cu:405:3: warning: style of line directive is a GCC extension
  405 | 
      |   ^  
/home/sberk/Desktop/paralel/src/paralel/src/cuda_kernels.cu:407:3: warning: style of line directive is a GCC extension
  407 |     snprintf(buf, sizeof(buf),
      |   ^ ~
/home/sberk/Desktop/paralel/src/paralel/src/cuda_kernels.cu:408:3: warning: style of line directive is a GCC extension
  408 |              "%s  (sm_%d%d, %.0f MB, %d SMs, CUDA %d.%d)",
      |   ^  
/home/sberk/Desktop/paralel/src/paralel/src/cuda_kernels.cu:415:3: warning: style of line directive is a GCC extension
  415 | }
      |   ^  
/home/sberk/Desktop/paralel/src/paralel/src/cuda_kernels.cu:416:3: warning: style of line directive is a GCC extension
  416 | 
      |   ^  
/home/sberk/Desktop/paralel/src/paralel/src/cuda_kernels.cu:419:3: warning: style of line directive is a GCC extension
tmpxft_000059aa_00000000-6_cuda_kernels.cudafe1.stub.c:4:3: warning: style of line directive is a GCC extension
In file included from tmpxft_000059aa_00000000-6_cuda_kernels.cudafe1.stub.c:1:
/home/sberk/Desktop/paralel/src/paralel/src/cuda_kernels.cu:60:3: warning: style of line directive is a GCC extension
   60 |     const float * __restrict__ d_query,   // Nq x 128
      |   ^ 
/home/sberk/Desktop/paralel/src/paralel/src/cuda_kernels.cu:67:3: warning: style of line directive is a GCC extension
   67 |     const int q = blockIdx.x;
      |   ^ ~
/home/sberk/Desktop/paralel/src/paralel/src/cuda_kernels.cu:143:3: warning: style of line directive is a GCC extension
  143 | 
      |   ^
/tmp/tmpxft_000059aa_00000000-6_cuda_kernels.cudafe1.stub.c:4:3: warning: style of line directive is a GCC extension
    4 | #define __NV_MODULE_ID _01fc8191_15_cuda_kernels_cu_a7bc02b3
      |   ^~~
/home/sberk/Desktop/paralel/src/paralel/src/cuda_kernels.cu:148:3: warning: style of line directive is a GCC extension
  148 |     const unsigned char * __restrict__ d_bgr,
      |   ^ ~
/home/sberk/Desktop/paralel/src/paralel/src/cuda_kernels.cu:152:3: warning: style of line directive is a GCC extension
  152 |     int x = blockIdx.x * blockDim.x + threadIdx.x;
      |   ^ ~
/home/sberk/Desktop/paralel/src/paralel/src/cuda_kernels.cu:166:3: warning: style of line directive is a GCC extension
  166 | 
      |   ^
/tmp/tmpxft_000059aa_00000000-6_cuda_kernels.cudafe1.stub.c:5:3: warning: style of line directive is a GCC extension
    5 | #define __NV_CUBIN_HANDLE_STORAGE__ extern
      |   ^~~
/home/sberk/Desktop/paralel/src/paralel/src/cuda_kernels.cu:171:3: warning: style of line directive is a GCC extension
  171 |     const float * __restrict__ d_dist1,
      |   ^ ~
/home/sberk/Desktop/paralel/src/paralel/src/cuda_kernels.cu:181:3: warning: style of line directive is a GCC extension
  181 | 
      |   ^
tmpxft_000059aa_00000000-6_cuda_kernels.cudafe1.stub.c:2:3: warning: style of line directive is a GCC extension
nvlink warning : Skipping incompatible '/usr/lib/x86_64-linux-gnu/libdl.a' when searching for -ldl
nvlink warning : Skipping incompatible '/usr/lib/x86_64-linux-gnu/librt.a' when searching for -lrt
nvlink warning : Skipping incompatible '/usr/lib/x86_64-linux-gnu/libpthread.a' when searching for -lpthread
