-- The CUDA compiler identification is NVIDIA 12.0.140
-- The CXX compiler identification is GNU 13.3.0
-- Detecting CUDA compiler ABI info
-- Detecting CUDA compiler ABI info - done
-- Check for working CUDA compiler: /usr/bin/nvcc - skipped
-- Detecting CUDA compile features
-- Detecting CUDA compile features - done
-- Detecting CXX compiler ABI info
-- Detecting CXX compiler ABI info - done
-- Check for working CXX compiler: /usr/bin/c++ - skipped
-- Detecting CXX compile features
-- Detecting CXX compile features - done
-- Found ament_cmake: 2.5.6 (/opt/ros/jazzy/share/ament_cmake/cmake)
-- Found Python3: /home/sberk/venv-ardupilot/bin/python3 (found version "3.12.3") found components: Interpreter 
-- Found rclcpp: 28.1.18 (/opt/ros/jazzy/share/rclcpp/cmake)
-- Found rosidl_generator_c: 4.6.7 (/opt/ros/jazzy/share/rosidl_generator_c/cmake)
-- Found rosidl_generator_cpp: 4.6.7 (/opt/ros/jazzy/share/rosidl_generator_cpp/cmake)
-- Using all available rosidl_typesupport_c: rosidl_typesupport_fastrtps_c;rosidl_typesupport_introspection_c
-- Using all available rosidl_typesupport_cpp: rosidl_typesupport_fastrtps_cpp;rosidl_typesupport_introspection_cpp
-- Found rmw_implementation_cmake: 7.3.3 (/opt/ros/jazzy/share/rmw_implementation_cmake/cmake)
-- Found rmw_fastrtps_cpp: 8.4.3 (/opt/ros/jazzy/share/rmw_fastrtps_cpp/cmake)
-- Found OpenSSL: /usr/lib/x86_64-linux-gnu/libcrypto.so (found version "3.0.13")  
-- Found FastRTPS: /opt/ros/jazzy/include (Required is at least version "2.13") 
-- Using RMW implementation 'rmw_fastrtps_cpp' as default
-- Found std_msgs: 5.3.7 (/opt/ros/jazzy/share/std_msgs/cmake)
-- Found sift_interfaces: 0.0.1 (/home/sberk/Desktop/paralel/install/sift_interfaces/share/sift_interfaces/cmake)
-- Found sensor_msgs: 5.3.7 (/opt/ros/jazzy/share/sensor_msgs/cmake)
-- Found CUDAToolkit: /usr/include (found version "12.0.140") 
-- Performing Test CMAKE_HAVE_LIBC_PTHREAD
-- Performing Test CMAKE_HAVE_LIBC_PTHREAD - Success
-- Found Threads: TRUE  
-- Found OpenCV: /usr (found version "4.6.0") 
-- Found ament_lint_auto: 0.17.5 (/opt/ros/jazzy/share/ament_lint_auto/cmake)
-- Added test 'copyright' to check source files copyright and LICENSE
-- Added test 'cppcheck' to perform static code analysis on C / C++ code
-- Configured cppcheck include dirs: /home/sberk/Desktop/paralel/src/paralel/include
-- Configured cppcheck exclude dirs and/or files: 
-- Added test 'cpplint' to check C / C++ code against the Google style
-- Configured cpplint exclude dirs and/or files: 
-- Added test 'flake8' to check Python code syntax and style conventions
-- Configured 'flake8' exclude dirs and/or files: 
-- Added test 'lint_cmake' to check CMake code style
-- Added test 'pep257' to check Python code against some of the docstring style conventions in PEP 257
-- Added test 'uncrustify' to check C / C++ code style
-- Configured uncrustify additional arguments: 
-- Added test 'xmllint' to check XML markup files
-- Configuring done (6.1s)
-- Generating done (0.0s)
-- Build files have been written to: /home/sberk/Desktop/paralel/build/paralel
[ 20%] Building CUDA object CMakeFiles/paralel_cuda_kernels.dir/src/cuda_kernels.cu.o
[ 40%] Linking CUDA static library libparalel_cuda_kernels.a
[ 40%] Built target paralel_cuda_kernels
[ 60%] Building CXX object CMakeFiles/sift_pipeline.dir/src/sift_pipeline.cpp.o
[ 80%] Linking CUDA device code CMakeFiles/sift_pipeline.dir/cmake_device_link.o
[100%] Linking CXX executable sift_pipeline
[100%] Built target sift_pipeline
-- Install configuration: ""
-- Installing: /home/sberk/Desktop/paralel/install/paralel/lib/paralel/sift_pipeline
-- Set non-toolchain portion of runtime path of "/home/sberk/Desktop/paralel/install/paralel/lib/paralel/sift_pipeline" to ""
-- Up-to-date: /home/sberk/Desktop/paralel/install/paralel/share/paralel/launch
-- Installing: /home/sberk/Desktop/paralel/install/paralel/share/paralel/launch/sift_matching.launch.py
-- Up-to-date: /home/sberk/Desktop/paralel/install/paralel/include
-- Up-to-date: /home/sberk/Desktop/paralel/install/paralel/include/paralel
-- Installing: /home/sberk/Desktop/paralel/install/paralel/include/paralel/cuda_kernels.hpp
-- Installing: /home/sberk/Desktop/paralel/install/paralel/include/paralel/gpu_feature_bus.hpp
-- Up-to-date: /home/sberk/Desktop/paralel/install/paralel/include/paralel/perf_tracker.hpp
-- Up-to-date: /home/sberk/Desktop/paralel/install/paralel/share/ament_index/resource_index/package_run_dependencies/paralel
-- Installing: /home/sberk/Desktop/paralel/install/paralel/share/ament_index/resource_index/parent_prefix_path/paralel
-- Up-to-date: /home/sberk/Desktop/paralel/install/paralel/share/paralel/environment/ament_prefix_path.sh
-- Up-to-date: /home/sberk/Desktop/paralel/install/paralel/share/paralel/environment/ament_prefix_path.dsv
-- Up-to-date: /home/sberk/Desktop/paralel/install/paralel/share/paralel/environment/path.sh
-- Up-to-date: /home/sberk/Desktop/paralel/install/paralel/share/paralel/environment/path.dsv
-- Up-to-date: /home/sberk/Desktop/paralel/install/paralel/share/paralel/local_setup.bash
-- Up-to-date: /home/sberk/Desktop/paralel/install/paralel/share/paralel/local_setup.sh
-- Up-to-date: /home/sberk/Desktop/paralel/install/paralel/share/paralel/local_setup.zsh
-- Up-to-date: /home/sberk/Desktop/paralel/install/paralel/share/paralel/local_setup.dsv
-- Installing: /home/sberk/Desktop/paralel/install/paralel/share/paralel/package.dsv
-- Up-to-date: /home/sberk/Desktop/paralel/install/paralel/share/ament_index/resource_index/packages/paralel
-- Up-to-date: /home/sberk/Desktop/paralel/install/paralel/share/paralel/cmake/paralelConfig.cmake
-- Up-to-date: /home/sberk/Desktop/paralel/install/paralel/share/paralel/cmake/paralelConfig-version.cmake
-- Up-to-date: /home/sberk/Desktop/paralel/install/paralel/share/paralel/package.xml
