[0.012s] Invoking command in '/home/sberk/Desktop/paralel/build/paralel': AMENT_PREFIX_PATH=/home/sberk/Desktop/paralel/install/sift_interfaces:${AMENT_PREFIX_PATH} CMAKE_PREFIX_PATH=/home/sberk/Desktop/paralel/install/sift_interfaces:/opt/ros/jazzy/opt/gz_sim_vendor:/opt/ros/jazzy/opt/gz_sensors_vendor:/opt/ros/jazzy/opt/gz_physics_vendor:/opt/ros/jazzy/opt/sdformat_vendor:/opt/ros/jazzy/opt/gz_gui_vendor:/opt/ros/jazzy/opt/gz_transport_vendor:/opt/ros/jazzy/opt/gz_rendering_vendor:/opt/ros/jazzy/opt/gz_plugin_vendor:/opt/ros/jazzy/opt/gz_fuel_tools_vendor:/opt/ros/jazzy/opt/gz_msgs_vendor:/opt/ros/jazzy/opt/gz_common_vendor:/opt/ros/jazzy/opt/gz_math_vendor:/opt/ros/jazzy/opt/gz_utils_vendor:/opt/ros/jazzy/opt/gz_tools_vendor:/opt/ros/jazzy/opt/gz_ogre_next_vendor:/opt/ros/jazzy/opt/gz_dartsim_vendor:/opt/ros/jazzy/opt/gz_cmake_vendor:/opt/ros/jazzy DEBUGINFOD_URLS=https://debuginfod.ubuntu.com LD_LIBRARY_PATH=/home/sberk/Desktop/paralel/install/sift_interfaces/lib:${LD_LIBRARY_PATH} PYTHONPATH=/home/sberk/Desktop/paralel/install/sift_interfaces/lib/python3.12/site-packages:${PYTHONPATH} VIRTUAL_ENV_PROMPT=(venv-ardupilot) /usr/bin/cmake /home/sberk/Desktop/paralel/src/paralel -DCMAKE_INSTALL_PREFIX=/home/sberk/Desktop/paralel/install/paralel
[1.309s] -- The CUDA compiler identification is NVIDIA 12.0.140
[1.382s] -- The CXX compiler identification is GNU 13.3.0
[1.393s] -- Detecting CUDA compiler ABI info
[2.566s] -- Detecting CUDA compiler ABI info - done
[2.598s] -- Check for working CUDA compiler: /usr/bin/nvcc - skipped
[4.240s] -- Detecting CUDA compile features
[4.241s] -- Detecting CUDA compile features - done
[4.251s] -- Detecting CXX compiler ABI info
[4.371s] -- Detecting CXX compiler ABI info - done
[4.384s] -- Check for working CXX compiler: /usr/bin/c++ - skipped
[4.384s] -- Detecting CXX compile features
[4.385s] -- Detecting CXX compile features - done
[4.390s] -- Found ament_cmake: 2.5.6 (/opt/ros/jazzy/share/ament_cmake/cmake)
[4.597s] -- Found Python3: /home/sberk/venv-ardupilot/bin/python3 (found version "3.12.3") found components: Interpreter 
[4.768s] -- Found rclcpp: 28.1.18 (/opt/ros/jazzy/share/rclcpp/cmake)
[4.837s] -- Found rosidl_generator_c: 4.6.7 (/opt/ros/jazzy/share/rosidl_generator_c/cmake)
[4.864s] -- Found rosidl_generator_cpp: 4.6.7 (/opt/ros/jazzy/share/rosidl_generator_cpp/cmake)
[4.888s] -- Using all available rosidl_typesupport_c: rosidl_typesupport_fastrtps_c;rosidl_typesupport_introspection_c
[4.915s] -- Using all available rosidl_typesupport_cpp: rosidl_typesupport_fastrtps_cpp;rosidl_typesupport_introspection_cpp
[5.026s] -- Found rmw_implementation_cmake: 7.3.3 (/opt/ros/jazzy/share/rmw_implementation_cmake/cmake)
[5.031s] -- Found rmw_fastrtps_cpp: 8.4.3 (/opt/ros/jazzy/share/rmw_fastrtps_cpp/cmake)
[5.139s] -- Found OpenSSL: /usr/lib/x86_64-linux-gnu/libcrypto.so (found version "3.0.13")  
[5.168s] -- Found FastRTPS: /opt/ros/jazzy/include (Required is at least version "2.13") 
[5.198s] -- Using RMW implementation 'rmw_fastrtps_cpp' as default
[5.306s] -- Found std_msgs: 5.3.7 (/opt/ros/jazzy/share/std_msgs/cmake)
[5.326s] -- Found sift_interfaces: 0.0.1 (/home/sberk/Desktop/paralel/install/sift_interfaces/share/sift_interfaces/cmake)
[5.342s] -- Found sensor_msgs: 5.3.7 (/opt/ros/jazzy/share/sensor_msgs/cmake)
[5.406s] -- Found CUDAToolkit: /usr/include (found version "12.0.140") 
[5.419s] -- Performing Test CMAKE_HAVE_LIBC_PTHREAD
[5.569s] -- Performing Test CMAKE_HAVE_LIBC_PTHREAD - Success
[5.570s] -- Found Threads: TRUE  
[5.852s] -- Found OpenCV: /usr (found version "4.6.0") 
[5.859s] -- Found ament_lint_auto: 0.17.5 (/opt/ros/jazzy/share/ament_lint_auto/cmake)
[6.056s] -- Added test 'copyright' to check source files copyright and LICENSE
[6.059s] -- Added test 'cppcheck' to perform static code analysis on C / C++ code
[6.059s] -- Configured cppcheck include dirs: /home/sberk/Desktop/paralel/src/paralel/include
[6.060s] -- Configured cppcheck exclude dirs and/or files: 
[6.062s] -- Added test 'cpplint' to check C / C++ code against the Google style
[6.062s] -- Configured cpplint exclude dirs and/or files: 
[6.064s] -- Added test 'flake8' to check Python code syntax and style conventions
[6.064s] -- Configured 'flake8' exclude dirs and/or files: 
[6.065s] -- Added test 'lint_cmake' to check CMake code style
[6.066s] -- Added test 'pep257' to check Python code against some of the docstring style conventions in PEP 257
[6.068s] -- Added test 'uncrustify' to check C / C++ code style
[6.068s] -- Configured uncrustify additional arguments: 
[6.069s] -- Added test 'xmllint' to check XML markup files
[6.074s] -- Configuring done (6.1s)
[6.123s] -- Generating done (0.0s)
[6.135s] -- Build files have been written to: /home/sberk/Desktop/paralel/build/paralel
[6.163s] Invoked command in '/home/sberk/Desktop/paralel/build/paralel' returned '0': AMENT_PREFIX_PATH=/home/sberk/Desktop/paralel/install/sift_interfaces:${AMENT_PREFIX_PATH} CMAKE_PREFIX_PATH=/home/sberk/Desktop/paralel/install/sift_interfaces:/opt/ros/jazzy/opt/gz_sim_vendor:/opt/ros/jazzy/opt/gz_sensors_vendor:/opt/ros/jazzy/opt/gz_physics_vendor:/opt/ros/jazzy/opt/sdformat_vendor:/opt/ros/jazzy/opt/gz_gui_vendor:/opt/ros/jazzy/opt/gz_transport_vendor:/opt/ros/jazzy/opt/gz_rendering_vendor:/opt/ros/jazzy/opt/gz_plugin_vendor:/opt/ros/jazzy/opt/gz_fuel_tools_vendor:/opt/ros/jazzy/opt/gz_msgs_vendor:/opt/ros/jazzy/opt/gz_common_vendor:/opt/ros/jazzy/opt/gz_math_vendor:/opt/ros/jazzy/opt/gz_utils_vendor:/opt/ros/jazzy/opt/gz_tools_vendor:/opt/ros/jazzy/opt/gz_ogre_next_vendor:/opt/ros/jazzy/opt/gz_dartsim_vendor:/opt/ros/jazzy/opt/gz_cmake_vendor:/opt/ros/jazzy DEBUGINFOD_URLS=https://debuginfod.ubuntu.com LD_LIBRARY_PATH=/home/sberk/Desktop/paralel/install/sift_interfaces/lib:${LD_LIBRARY_PATH} PYTHONPATH=/home/sberk/Desktop/paralel/install/sift_interfaces/lib/python3.12/site-packages:${PYTHONPATH} VIRTUAL_ENV_PROMPT=(venv-ardupilot) /usr/bin/cmake /home/sberk/Desktop/paralel/src/paralel -DCMAKE_INSTALL_PREFIX=/home/sberk/Desktop/paralel/install/paralel
[6.167s] Invoking command in '/home/sberk/Desktop/paralel/build/paralel': AMENT_PREFIX_PATH=/home/sberk/Desktop/paralel/install/sift_interfaces:${AMENT_PREFIX_PATH} CMAKE_PREFIX_PATH=/home/sberk/Desktop/paralel/install/sift_interfaces:/opt/ros/jazzy/opt/gz_sim_vendor:/opt/ros/jazzy/opt/gz_sensors_vendor:/opt/ros/jazzy/opt/gz_physics_vendor:/opt/ros/jazzy/opt/sdformat_vendor:/opt/ros/jazzy/opt/gz_gui_vendor:/opt/ros/jazzy/opt/gz_transport_vendor:/opt/ros/jazzy/opt/gz_rendering_vendor:/opt/ros/jazzy/opt/gz_plugin_vendor:/opt/ros/jazzy/opt/gz_fuel_tools_vendor:/opt/ros/jazzy/opt/gz_msgs_vendor:/opt/ros/jazzy/opt/gz_common_vendor:/opt/ros/jazzy/opt/gz_math_vendor:/opt/ros/jazzy/opt/gz_utils_vendor:/opt/ros/jazzy/opt/gz_tools_vendor:/opt/ros/jazzy/opt/gz_ogre_next_vendor:/opt/ros/jazzy/opt/gz_dartsim_vendor:/opt/ros/jazzy/opt/gz_cmake_vendor:/opt/ros/jazzy DEBUGINFOD_URLS=https://debuginfod.ubuntu.com LD_LIBRARY_PATH=/home/sberk/Desktop/paralel/install/sift_interfaces/lib:${LD_LIBRARY_PATH} PYTHONPATH=/home/sberk/Desktop/paralel/install/sift_interfaces/lib/python3.12/site-packages:${PYTHONPATH} VIRTUAL_ENV_PROMPT=(venv-ardupilot) /usr/bin/cmake --build /home/sberk/Desktop/paralel/build/paralel -- -j8 -l8
[6.251s] [ 20%] Building CUDA object CMakeFiles/paralel_cuda_kernels.dir/src/cuda_kernels.cu.o
[9.251s] /tmp/tmpxft_000059aa_00000000-6_cuda_kernels.cudafe1.cpp:1:3: warning: style of line directive is a GCC extension
[9.251s]     1 | # 1 "/home/sberk/Desktop/paralel/src/paralel/src/cuda_kernels.cu"
[9.252s]       |   ^
[9.252s] /home/sberk/Desktop/paralel/src/paralel/src/cuda_kernels.cu:2:3: warning: style of line directive is a GCC extension
[9.252s]     2 |  * cuda_kernels.cu
[9.252s]       |   ^
[9.252s] /home/sberk/Desktop/paralel/src/paralel/src/cuda_kernels.cu:2:3: warning: style of line directive is a GCC extension
[9.252s]     2 |  * cuda_kernels.cu
[9.252s]       |   ^
[9.253s] /home/sberk/Desktop/paralel/src/paralel/src/cuda_kernels.cu:2:3: warning: style of line directive is a GCC extension
[9.253s]     2 |  * cuda_kernels.cu
[9.253s]       |   ^
[9.253s] /home/sberk/Desktop/paralel/src/paralel/src/cuda_kernels.cu:2:3: warning: style of line directive is a GCC extension
[9.254s]     2 |  * cuda_kernels.cu
[9.254s]       |   ^
[9.254s] /home/sberk/Desktop/paralel/src/paralel/src/cuda_kernels.cu:2:3: warning: style of line directive is a GCC extension
[9.255s]     2 |  * cuda_kernels.cu
[9.255s]       |   ^
[9.255s] /home/sberk/Desktop/paralel/src/paralel/src/cuda_kernels.cu:2:3: warning: style of line directive is a GCC extension
[9.256s]     2 |  * cuda_kernels.cu
[9.256s]       |   ^
[9.256s] /home/sberk/Desktop/paralel/src/paralel/src/cuda_kernels.cu:3:3: warning: style of line directive is a GCC extension
[9.256s]     3 |  * ─────────────────────────────────────────────────────────────────────────────
[9.257s]       |   ^
[9.257s] /home/sberk/Desktop/paralel/src/paralel/src/cuda_kernels.cu:6:3: warning: style of line directive is a GCC extension
[9.257s]     6 |  * Optimised CUDA-aware data path:
[9.257s]       |   ^
[9.257s] /home/sberk/Desktop/paralel/src/paralel/src/cuda_kernels.cu:1:3: warning: style of line directive is a GCC extension
[9.257s]     1 | /**
[9.257s]       |   ^ 
[9.370s] /home/sberk/Desktop/paralel/src/paralel/include/paralel/cuda_kernels.hpp:27:3: warning: style of line directive is a GCC extension
[9.371s]    27 | 
[9.371s]       |   ^ 
[9.371s] /home/sberk/Desktop/paralel/src/paralel/include/paralel/cuda_kernels.hpp:29:3: warning: style of line directive is a GCC extension
[9.371s]    29 | 
[9.372s]       |   ^ 
[9.372s] /home/sberk/Desktop/paralel/src/paralel/include/paralel/cuda_kernels.hpp:45:3: warning: style of line directive is a GCC extension
[9.375s]    45 |     const cv::Mat & descriptors,
[9.375s]       |   ^ 
[9.376s] /home/sberk/Desktop/paralel/src/paralel/include/paralel/cuda_kernels.hpp:55:3: warning: style of line directive is a GCC extension
[9.376s]    55 |     // For each query keypoint that PASSED the ratio test:
[9.376s]       |   ^ 
[9.377s] /home/sberk/Desktop/paralel/src/paralel/include/paralel/cuda_kernels.hpp:57:3: warning: style of line directive is a GCC extension
[9.377s]    57 |     std::vector<int> train_idx;   // matched index into train/large feature set
[9.379s]       |   ^ 
[9.380s] /home/sberk/Desktop/paralel/src/paralel/include/paralel/cuda_kernels.hpp:58:3: warning: style of line directive is a GCC extension
[9.380s]    58 |     int   total_query   = 0;      // number of query descriptors examined
[9.381s]       |   ^ 
[9.382s] /home/sberk/Desktop/paralel/src/paralel/include/paralel/cuda_kernels.hpp:59:3: warning: style of line directive is a GCC extension
[9.382s]    59 |     int   good_matches  = 0;      // number that passed the ratio test
[9.382s]       |   ^ 
[9.383s] /home/sberk/Desktop/paralel/src/paralel/include/paralel/cuda_kernels.hpp:60:3: warning: style of line directive is a GCC extension
[9.383s]    60 | };
[9.383s]       |   ^ 
[9.383s] /home/sberk/Desktop/paralel/src/paralel/include/paralel/cuda_kernels.hpp:61:3: warning: style of line directive is a GCC extension
[9.383s]    61 | 
[9.383s]       |   ^ 
[9.383s] /home/sberk/Desktop/paralel/src/paralel/include/paralel/cuda_kernels.hpp:75:3: warning: style of line directive is a GCC extension
[9.383s]    75 |     const GpuFeatures & query,
[9.384s]       |   ^ 
[9.384s] /home/sberk/Desktop/paralel/src/paralel/include/paralel/cuda_kernels.hpp:81:3: warning: style of line directive is a GCC extension
[9.384s]    81 | 
[9.384s]       |   ^ 
[9.384s] /home/sberk/Desktop/paralel/src/paralel/include/paralel/cuda_kernels.hpp:83:3: warning: style of line directive is a GCC extension
[9.384s]    83 |     const std::vector<std::vector<cv::DMatch>> & knn_matches,
[9.384s]       |   ^ 
[9.384s] /home/sberk/Desktop/paralel/src/paralel/include/paralel/cuda_kernels.hpp:88:3: warning: style of line directive is a GCC extension
[9.385s]    88 | 
[9.385s]       |   ^ 
[9.385s] /home/sberk/Desktop/paralel/src/paralel/include/paralel/cuda_kernels.hpp:90:3: warning: style of line directive is a GCC extension
[9.385s] /home/sberk/Desktop/paralel/src/paralel/include/paralel/gpu_feature_bus.hpp:27:3: warning: style of line directive is a GCC extension
[9.385s]    27 | 
[9.385s]       |   ^ 
[9.385s] /home/sberk/Desktop/paralel/src/paralel/include/paralel/gpu_feature_bus.hpp:36:3: warning: style of line directive is a GCC extension
[9.385s]    36 |     // Device buffers (VRAM-resident)
[9.386s]       |   ^ 
[9.386s] /home/sberk/Desktop/paralel/src/paralel/include/paralel/gpu_feature_bus.hpp:38:3: warning: style of line directive is a GCC extension
[9.386s]    38 |     float * d_kp_x        = nullptr;   // N, device memory
[9.386s]       |   ^ 
[9.386s] /home/sberk/Desktop/paralel/src/paralel/include/paralel/gpu_feature_bus.hpp:39:3: warning: style of line directive is a GCC extension
[9.386s]    39 |     float * d_kp_y        = nullptr;   // N, device memory
[9.386s]       |   ^ 
[9.387s] /home/sberk/Desktop/paralel/src/paralel/include/paralel/gpu_feature_bus.hpp:40:3: warning: style of line directive is a GCC extension
[9.387s]    40 |     float * d_kp_size     = nullptr;   // N, device memory
[9.387s]       |   ^ 
[9.387s] /home/sberk/Desktop/paralel/src/paralel/include/paralel/gpu_feature_bus.hpp:41:3: warning: style of line directive is a GCC extension
[9.387s]    41 |     float * d_kp_angle    = nullptr;   // N, device memory
[9.387s]       |   ^ 
[9.387s] /home/sberk/Desktop/paralel/src/paralel/include/paralel/gpu_feature_bus.hpp:42:3: warning: style of line directive is a GCC extension
[9.388s]    42 | 
[9.388s]       |   ^ 
[9.388s] /home/sberk/Desktop/paralel/src/paralel/include/paralel/gpu_feature_bus.hpp:44:3: warning: style of line directive is a GCC extension
[9.389s]    44 |     int     descriptor_dim = 128;
[9.389s]       |   ^ 
[9.389s] /home/sberk/Desktop/paralel/src/paralel/include/paralel/gpu_feature_bus.hpp:45:3: warning: style of line directive is a GCC extension
[9.389s]    45 |     int     height = 0;
[9.389s]       |   ^ 
[9.390s] /home/sberk/Desktop/paralel/src/paralel/include/paralel/gpu_feature_bus.hpp:46:3: warning: style of line directive is a GCC extension
[9.390s]    46 |     int     width  = 0;
[9.390s]       |   ^ 
[9.390s] /home/sberk/Desktop/paralel/src/paralel/include/paralel/gpu_feature_bus.hpp:47:3: warning: style of line directive is a GCC extension
[9.390s]    47 | 
[9.390s]       |   ^ 
[9.390s] /home/sberk/Desktop/paralel/src/paralel/include/paralel/gpu_feature_bus.hpp:49:3: warning: style of line directive is a GCC extension
[9.390s]    49 | 
[9.390s]       |   ^ 
[9.391s] /home/sberk/Desktop/paralel/src/paralel/include/paralel/gpu_feature_bus.hpp:52:3: warning: style of line directive is a GCC extension
[9.391s]    52 | 
[9.391s]       |   ^ 
[9.391s] /home/sberk/Desktop/paralel/src/paralel/include/paralel/gpu_feature_bus.hpp:54:3: warning: style of line directive is a GCC extension
[9.391s]    54 | };
[9.391s]       |   ^ 
[9.391s] /home/sberk/Desktop/paralel/src/paralel/include/paralel/gpu_feature_bus.hpp:55:3: warning: style of line directive is a GCC extension
[9.392s]    55 | 
[9.392s]       |   ^ 
[9.392s] /home/sberk/Desktop/paralel/src/paralel/include/paralel/gpu_feature_bus.hpp:68:3: warning: style of line directive is a GCC extension
[9.392s]    68 | public:
[9.392s]       |   ^~
[9.393s] /home/sberk/Desktop/paralel/src/paralel/include/paralel/gpu_feature_bus.hpp:70:3: warning: style of line directive is a GCC extension
[9.393s]    70 | 
[9.393s]       |   ^ 
[9.393s] /home/sberk/Desktop/paralel/src/paralel/include/paralel/gpu_feature_bus.hpp:72:3: warning: style of line directive is a GCC extension
[9.393s]    72 |         {
[9.393s]       |   ^ 
[9.393s] /home/sberk/Desktop/paralel/src/paralel/include/paralel/gpu_feature_bus.hpp:73:3: warning: style of line directive is a GCC extension
[9.393s]    73 |             std::lock_guard<std::mutex> lk(mtx_);
[9.393s]       |   ^ 
[9.394s] /home/sberk/Desktop/paralel/src/paralel/include/paralel/gpu_feature_bus.hpp:74:3: warning: style of line directive is a GCC extension
[9.394s]    74 |             slots_[static_cast<int>(slot)] = std::move(features);
[9.394s]       |   ^ 
[9.394s] /home/sberk/Desktop/paralel/src/paralel/include/paralel/gpu_feature_bus.hpp:75:3: warning: style of line directive is a GCC extension
[9.394s]    75 |         }
[9.394s]       |   ^ 
[9.394s] /home/sberk/Desktop/paralel/src/paralel/include/paralel/gpu_feature_bus.hpp:76:3: warning: style of line directive is a GCC extension
[9.394s]    76 |         cv_.notify_all();
[9.394s]       |   ^ 
[9.395s] /home/sberk/Desktop/paralel/src/paralel/include/paralel/gpu_feature_bus.hpp:77:3: warning: style of line directive is a GCC extension
[9.395s]    77 |     }
[9.395s]       |   ^ 
[9.395s] /home/sberk/Desktop/paralel/src/paralel/include/paralel/gpu_feature_bus.hpp:78:3: warning: style of line directive is a GCC extension
[9.395s]    78 | 
[9.395s]       |   ^ 
[9.395s] /home/sberk/Desktop/paralel/src/paralel/include/paralel/gpu_feature_bus.hpp:82:3: warning: style of line directive is a GCC extension
[9.396s]    82 |         std::unique_lock<std::mutex> lk(mtx_);
[9.396s]       |   ^ 
[9.396s] /home/sberk/Desktop/paralel/src/paralel/include/paralel/gpu_feature_bus.hpp:83:3: warning: style of line directive is a GCC extension
[9.396s]    83 |         cv_.wait(lk, [this] {
[9.396s]       |   ^ 
[9.397s] /home/sberk/Desktop/paralel/src/paralel/include/paralel/gpu_feature_bus.hpp:84:3: warning: style of line directive is a GCC extension
[9.397s]    84 |             return slots_[0] != nullptr && slots_[1] != nullptr;
[9.397s]       |   ^ 
[9.397s] /home/sberk/Desktop/paralel/src/paralel/include/paralel/gpu_feature_bus.hpp:85:3: warning: style of line directive is a GCC extension
[9.397s]    85 |         });
[9.397s]       |   ^ 
[9.397s] /home/sberk/Desktop/paralel/src/paralel/include/paralel/gpu_feature_bus.hpp:86:3: warning: style of line directive is a GCC extension
[9.398s]    86 |         return {slots_[0], slots_[1]};
[9.398s]       |   ^ 
[9.398s] /home/sberk/Desktop/paralel/src/paralel/include/paralel/gpu_feature_bus.hpp:87:3: warning: style of line directive is a GCC extension
[9.398s]    87 |     }
[9.398s]       |   ^ 
[9.399s] /home/sberk/Desktop/paralel/src/paralel/include/paralel/gpu_feature_bus.hpp:88:3: warning: style of line directive is a GCC extension
[9.399s]    88 | 
[9.399s]       |   ^ 
[9.399s] /home/sberk/Desktop/paralel/src/paralel/include/paralel/gpu_feature_bus.hpp:91:3: warning: style of line directive is a GCC extension
[9.399s]    91 |     std::condition_variable cv_;
[9.400s]       |   ^ 
[9.400s] /home/sberk/Desktop/paralel/src/paralel/include/paralel/gpu_feature_bus.hpp:92:3: warning: style of line directive is a GCC extension
[9.400s]    92 |     std::shared_ptr<GpuFeatures> slots_[2];
[9.400s]       |   ^ 
[9.400s] /home/sberk/Desktop/paralel/src/paralel/include/paralel/gpu_feature_bus.hpp:93:3: warning: style of line directive is a GCC extension
[9.400s]    93 | };
[9.400s]       |   ^ 
[9.400s] /home/sberk/Desktop/paralel/src/paralel/include/paralel/gpu_feature_bus.hpp:94:3: warning: style of line directive is a GCC extension
[9.400s]    94 | 
[9.401s]       |   ^ 
[9.401s] /home/sberk/Desktop/paralel/src/paralel/include/paralel/gpu_feature_bus.hpp:96:3: warning: style of line directive is a GCC extension
[9.401s] /home/sberk/Desktop/paralel/src/paralel/src/cuda_kernels.cu:43:3: warning: style of line directive is a GCC extension
[9.401s]    43 | 
[9.401s]       |   ^ 
[9.401s] /home/sberk/Desktop/paralel/src/paralel/src/cuda_kernels.cu:60:3: warning: style of line directive is a GCC extension
[9.401s]    60 |     const float * __restrict__ d_query,   // Nq x 128
[9.401s]       |   ^ 
[9.401s] /home/sberk/Desktop/paralel/src/paralel/src/cuda_kernels.cu:61:3: warning: style of line directive is a GCC extension
[9.401s]    61 |     const float * __restrict__ d_train,   // Nt x 128
[9.402s]       |   ^ 
[9.402s] /home/sberk/Desktop/paralel/src/paralel/src/cuda_kernels.cu:62:3: warning: style of line directive is a GCC extension
[9.402s]    62 |     int Nq, int Nt,
[9.402s]       |   ^ 
[9.402s] /home/sberk/Desktop/paralel/src/paralel/src/cuda_kernels.cu:63:3: warning: style of line directive is a GCC extension
[9.402s]    63 |     float ratio_sq,
[9.402s]       |   ^ 
[9.402s] /home/sberk/Desktop/paralel/src/paralel/src/cuda_kernels.cu:64:3: warning: style of line directive is a GCC extension
[9.402s]    64 |     int * __restrict__ d_train_idx,
[9.403s]       |   ^ 
[9.403s] /home/sberk/Desktop/paralel/src/paralel/src/cuda_kernels.cu:65:3: warning: style of line directive is a GCC extension
[9.403s]    65 |     unsigned char * __restrict__ d_pass)
[9.403s]       |   ^ 
[9.403s] /home/sberk/Desktop/paralel/src/paralel/src/cuda_kernels.cu:197:3: warning: style of line directive is a GCC extension
[9.403s]   197 | // ── upload_features_to_gpu ────────────────────────────────────────────────────
[9.403s]       |   ^~~
[9.403s] /home/sberk/Desktop/paralel/src/paralel/src/cuda_kernels.cu:148:3: warning: style of line directive is a GCC extension
[9.404s]   148 |     const unsigned char * __restrict__ d_bgr,
[9.404s]       |   ^ ~
[9.404s] /home/sberk/Desktop/paralel/src/paralel/src/cuda_kernels.cu:149:3: warning: style of line directive is a GCC extension
[9.404s]   149 |     unsigned char       * __restrict__ d_gray,
[9.404s]       |   ^ ~
[9.404s] /home/sberk/Desktop/paralel/src/paralel/src/cuda_kernels.cu:150:3: warning: style of line directive is a GCC extension
[9.404s]   150 |     int width, int height)
[9.404s]       |   ^ ~
[9.404s] /home/sberk/Desktop/paralel/src/paralel/src/cuda_kernels.cu:177:3: warning: style of line directive is a GCC extension
[9.405s]   177 |     int i = blockIdx.x * blockDim.x + threadIdx.x;
[9.405s]       |   ^ ~
[9.405s] /home/sberk/Desktop/paralel/src/paralel/src/cuda_kernels.cu:171:3: warning: style of line directive is a GCC extension
[9.405s]   171 |     const float * __restrict__ d_dist1,
[9.405s]       |   ^ ~
[9.405s] /home/sberk/Desktop/paralel/src/paralel/src/cuda_kernels.cu:172:3: warning: style of line directive is a GCC extension
[9.405s]   172 |     const float * __restrict__ d_dist2,
[9.405s]       |   ^ ~
[9.406s] /home/sberk/Desktop/paralel/src/paralel/src/cuda_kernels.cu:173:3: warning: style of line directive is a GCC extension
[9.406s]   173 |     unsigned char * __restrict__ d_mask,
[9.406s]       |   ^ ~
[9.406s] /home/sberk/Desktop/paralel/src/paralel/src/cuda_kernels.cu:174:3: warning: style of line directive is a GCC extension
[9.406s]   174 |     int N,
[9.407s]       |   ^ ~
[9.407s] /home/sberk/Desktop/paralel/src/paralel/src/cuda_kernels.cu:175:3: warning: style of line directive is a GCC extension
[9.407s]   175 |     float ratio)
[9.407s]       |   ^ ~
[9.407s] /home/sberk/Desktop/paralel/src/paralel/src/cuda_kernels.cu:188:3: warning: style of line directive is a GCC extension
[9.408s]   188 |     if (!f) return;
[9.408s]       |   ^ ~
[9.408s] /home/sberk/Desktop/paralel/src/paralel/src/cuda_kernels.cu:184:3: warning: style of line directive is a GCC extension
[9.408s]   184 | 
[9.408s]       |   ^  
[9.408s] /home/sberk/Desktop/paralel/src/paralel/src/cuda_kernels.cu:187:3: warning: style of line directive is a GCC extension
[9.408s]   187 | {
[9.408s]       |   ^  
[9.409s] /home/sberk/Desktop/paralel/src/paralel/src/cuda_kernels.cu:188:3: warning: style of line directive is a GCC extension
[9.409s]   188 |     if (!f) return;
[9.409s]       |   ^ ~
[9.409s] /home/sberk/Desktop/paralel/src/paralel/src/cuda_kernels.cu:189:3: warning: style of line directive is a GCC extension
[9.409s]   189 |     if (f->d_descriptors) cudaFree(f->d_descriptors);
[9.409s]       |   ^ ~
[9.409s] /home/sberk/Desktop/paralel/src/paralel/src/cuda_kernels.cu:190:3: warning: style of line directive is a GCC extension
[9.409s]   190 |     if (f->d_kp_x)        cudaFree(f->d_kp_x);
[9.410s]       |   ^ ~
[9.410s] /home/sberk/Desktop/paralel/src/paralel/src/cuda_kernels.cu:191:3: warning: style of line directive is a GCC extension
[9.410s]   191 |     if (f->d_kp_y)        cudaFree(f->d_kp_y);
[9.410s]       |   ^ ~
[9.410s] /home/sberk/Desktop/paralel/src/paralel/src/cuda_kernels.cu:192:3: warning: style of line directive is a GCC extension
[9.410s]   192 |     if (f->d_kp_size)     cudaFree(f->d_kp_size);
[9.410s]       |   ^ ~
[9.410s] /home/sberk/Desktop/paralel/src/paralel/src/cuda_kernels.cu:193:3: warning: style of line directive is a GCC extension
[9.411s]   193 |     if (f->d_kp_angle)    cudaFree(f->d_kp_angle);
[9.411s]       |   ^ ~
[9.411s] /home/sberk/Desktop/paralel/src/paralel/src/cuda_kernels.cu:194:3: warning: style of line directive is a GCC extension
[9.411s]   194 |     delete f;
[9.411s]       |   ^ ~
[9.411s] /home/sberk/Desktop/paralel/src/paralel/src/cuda_kernels.cu:195:3: warning: style of line directive is a GCC extension
[9.411s]   195 | }
[9.411s]       |   ^  
[9.411s] /home/sberk/Desktop/paralel/src/paralel/src/cuda_kernels.cu:196:3: warning: style of line directive is a GCC extension
[9.411s]   196 | 
[9.412s]       |   ^  
[9.412s] /home/sberk/Desktop/paralel/src/paralel/src/cuda_kernels.cu:199:3: warning: style of line directive is a GCC extension
[9.412s]   199 |     const cv::Mat & descriptors,
[9.412s]       |   ^ ~
[9.412s] /home/sberk/Desktop/paralel/src/paralel/src/cuda_kernels.cu:200:3: warning: style of line directive is a GCC extension
[9.412s]   200 |     const std::vector<cv::KeyPoint> & keypoints,
[9.412s]       |   ^ ~
[9.412s] /home/sberk/Desktop/paralel/src/paralel/src/cuda_kernels.cu:201:3: warning: style of line directive is a GCC extension
[9.412s]   201 |     const std::string & image_name,
[9.412s]       |   ^ ~
[9.412s] /home/sberk/Desktop/paralel/src/paralel/src/cuda_kernels.cu:202:3: warning: style of line directive is a GCC extension
[9.413s]   202 |     int height, int width)
[9.413s]       |   ^ ~
[9.413s] /home/sberk/Desktop/paralel/src/paralel/src/cuda_kernels.cu:203:3: warning: style of line directive is a GCC extension
[9.413s]   203 | {
[9.413s]       |   ^  
[9.413s] /home/sberk/Desktop/paralel/src/paralel/src/cuda_kernels.cu:204:3: warning: style of line directive is a GCC extension
[9.413s]   204 |     const int N = static_cast<int>(keypoints.size());
[9.413s]       |   ^ ~
[9.413s] /home/sberk/Desktop/paralel/src/paralel/src/cuda_kernels.cu:205:3: warning: style of line directive is a GCC extension
[9.413s]   205 | 
[9.413s]       |   ^  
[9.414s] /home/sberk/Desktop/paralel/src/paralel/src/cuda_kernels.cu:207:3: warning: style of line directive is a GCC extension
[9.414s]   207 |     gf->num_keypoints  = N;
[9.414s]       |   ^ ~
[9.414s] /home/sberk/Desktop/paralel/src/paralel/src/cuda_kernels.cu:208:3: warning: style of line directive is a GCC extension
[9.414s]   208 |     gf->descriptor_dim = DESC_DIM;
[9.415s]       |   ^ ~
[9.415s] /home/sberk/Desktop/paralel/src/paralel/src/cuda_kernels.cu:209:3: warning: style of line directive is a GCC extension
[9.415s]   209 |     gf->height         = height;
[9.415s]       |   ^ ~
[9.415s] /home/sberk/Desktop/paralel/src/paralel/src/cuda_kernels.cu:210:3: warning: style of line directive is a GCC extension
[9.415s]   210 |     gf->width          = width;
[9.415s]       |   ^ ~
[9.416s] /home/sberk/Desktop/paralel/src/paralel/src/cuda_kernels.cu:211:3: warning: style of line directive is a GCC extension
[9.416s]   211 |     gf->image_name     = image_name;
[9.416s]       |   ^ ~
[9.416s] /home/sberk/Desktop/paralel/src/paralel/src/cuda_kernels.cu:212:3: warning: style of line directive is a GCC extension
[9.416s]   212 | 
[9.416s]       |   ^  
[9.416s] /home/sberk/Desktop/paralel/src/paralel/src/cuda_kernels.cu:214:3: warning: style of line directive is a GCC extension
[9.416s]   214 | 
[9.416s]       |   ^  
[9.417s] /home/sberk/Desktop/paralel/src/paralel/src/cuda_kernels.cu:216:3: warning: style of line directive is a GCC extension
[9.417s]   216 |     const size_t kp_bytes   = static_cast<size_t>(N) * sizeof(float);
[9.417s]       |   ^ ~
[9.417s] /home/sberk/Desktop/paralel/src/paralel/src/cuda_kernels.cu:217:3: warning: style of line directive is a GCC extension
[9.417s]   217 | 
[9.417s]       |   ^  
[9.417s] /home/sberk/Desktop/paralel/src/paralel/src/cuda_kernels.cu:220:3: warning: style of line directive is a GCC extension
[9.417s]   220 |     CUDA_CHECK(cudaMalloc(&gf->d_kp_x,    kp_bytes));
[9.417s]       |   ^ ~
[9.418s] /home/sberk/Desktop/paralel/src/paralel/src/cuda_kernels.cu:221:3: warning: style of line directive is a GCC extension
[9.418s]   221 |     CUDA_CHECK(cudaMalloc(&gf->d_kp_y,    kp_bytes));
[9.418s]       |   ^ ~
[9.418s] /home/sberk/Desktop/paralel/src/paralel/src/cuda_kernels.cu:222:3: warning: style of line directive is a GCC extension
[9.418s]   222 |     CUDA_CHECK(cudaMalloc(&gf->d_kp_size, kp_bytes));
[9.418s]       |   ^ ~
[9.418s] /home/sberk/Desktop/paralel/src/paralel/src/cuda_kernels.cu:223:3: warning: style of line directive is a GCC extension
[9.418s]   223 |     CUDA_CHECK(cudaMalloc(&gf->d_kp_angle, kp_bytes));
[9.418s]       |   ^ ~
[9.418s] /home/sberk/Desktop/paralel/src/paralel/src/cuda_kernels.cu:224:3: warning: style of line directive is a GCC extension
[9.419s]   224 | 
[9.419s]       |   ^  
[9.419s] /home/sberk/Desktop/paralel/src/paralel/src/cuda_kernels.cu:227:3: warning: style of line directive is a GCC extension
[9.419s]   227 |     for (int i = 0; i < N; ++i) {
[9.419s]       |   ^ ~
[9.419s] /home/sberk/Desktop/paralel/src/paralel/src/cuda_kernels.cu:228:3: warning: style of line directive is a GCC extension
[9.419s]   228 |         kx[i] = keypoints[i].pt.x;
[9.419s]       |   ^  
[9.420s] /home/sberk/Desktop/paralel/src/paralel/src/cuda_kernels.cu:229:3: warning: style of line directive is a GCC extension
[9.420s]   229 |         ky[i] = keypoints[i].pt.y;
[9.420s]       |   ^  
[9.420s] /home/sberk/Desktop/paralel/src/paralel/src/cuda_kernels.cu:230:3: warning: style of line directive is a GCC extension
[9.420s]   230 |         ks[i] = keypoints[i].size;
[9.420s]       |   ^  
[9.420s] /home/sberk/Desktop/paralel/src/paralel/src/cuda_kernels.cu:231:3: warning: style of line directive is a GCC extension
[9.420s]   231 |         ka[i] = keypoints[i].angle;
[9.421s]       |   ^  
[9.421s] /home/sberk/Desktop/paralel/src/paralel/src/cuda_kernels.cu:232:3: warning: style of line directive is a GCC extension
[9.421s]   232 |     }
[9.421s]       |   ^ ~
[9.421s] /home/sberk/Desktop/paralel/src/paralel/src/cuda_kernels.cu:233:3: warning: style of line directive is a GCC extension
[9.421s]   233 | 
[9.422s]       |   ^  
[9.422s] /home/sberk/Desktop/paralel/src/paralel/src/cuda_kernels.cu:236:3: warning: style of line directive is a GCC extension
[9.422s]   236 |     if (desc.type() != CV_32F) desc.convertTo(desc, CV_32F);
[9.422s]       |   ^ ~
[9.422s] /home/sberk/Desktop/paralel/src/paralel/src/cuda_kernels.cu:237:3: warning: style of line directive is a GCC extension
[9.422s]   237 |     if (!desc.isContinuous())  desc = desc.clone();
[9.422s]       |   ^ ~
[9.423s] /home/sberk/Desktop/paralel/src/paralel/src/cuda_kernels.cu:237:3: warning: style of line directive is a GCC extension
[9.423s]   237 |     if (!desc.isContinuous())  desc = desc.clone();
[9.423s]       |   ^ ~
[9.423s] /home/sberk/Desktop/paralel/src/paralel/src/cuda_kernels.cu:238:3: warning: style of line directive is a GCC extension
[9.423s]   238 | 
[9.423s]       |   ^  
[9.423s] /home/sberk/Desktop/paralel/src/paralel/src/cuda_kernels.cu:242:3: warning: style of line directive is a GCC extension
[9.423s]   242 |     CUDA_CHECK(cudaStreamCreate(&stream));
[9.424s]       |   ^ ~
[9.424s] /home/sberk/Desktop/paralel/src/paralel/src/cuda_kernels.cu:243:3: warning: style of line directive is a GCC extension
[9.424s]   243 |     CUDA_CHECK(cudaMemcpyAsync(gf->d_descriptors, desc.ptr<float>(0),
[9.424s]       |   ^ ~
[9.424s] /home/sberk/Desktop/paralel/src/paralel/src/cuda_kernels.cu:244:3: warning: style of line directive is a GCC extension
[9.424s]   244 |                                desc_bytes, cudaMemcpyHostToDevice, stream));
[9.424s]       |   ^  
[9.424s] /home/sberk/Desktop/paralel/src/paralel/src/cuda_kernels.cu:246:3: warning: style of line directive is a GCC extension
[9.424s]   246 |                                cudaMemcpyHostToDevice, stream));
[9.424s]       |   ^  
[9.424s] /home/sberk/Desktop/paralel/src/paralel/src/cuda_kernels.cu:248:3: warning: style of line directive is a GCC extension
[9.424s]   248 |                                cudaMemcpyHostToDevice, stream));
[9.425s]       |   ^  
[9.425s] /home/sberk/Desktop/paralel/src/paralel/src/cuda_kernels.cu:250:3: warning: style of line directive is a GCC extension
[9.425s]   250 |                                cudaMemcpyHostToDevice, stream));
[9.425s]       |   ^  
[9.425s] /home/sberk/Desktop/paralel/src/paralel/src/cuda_kernels.cu:252:3: warning: style of line directive is a GCC extension
[9.425s]   252 |                                cudaMemcpyHostToDevice, stream));
[9.425s]       |   ^  
[9.425s] /home/sberk/Desktop/paralel/src/paralel/src/cuda_kernels.cu:254:3: warning: style of line directive is a GCC extension
[9.425s]   254 |     CUDA_CHECK(cudaStreamDestroy(stream));
[9.425s]       |   ^ ~
[9.425s] /home/sberk/Desktop/paralel/src/paralel/src/cuda_kernels.cu:255:3: warning: style of line directive is a GCC extension
[9.425s]   255 | 
[9.426s]       |   ^  
[9.426s] /home/sberk/Desktop/paralel/src/paralel/src/cuda_kernels.cu:257:3: warning: style of line directive is a GCC extension
[9.426s]   257 | }
[9.426s]       |   ^  
[9.426s] /home/sberk/Desktop/paralel/src/paralel/src/cuda_kernels.cu:258:3: warning: style of line directive is a GCC extension
[9.426s]   258 | 
[9.426s]       |   ^  
[9.426s] /home/sberk/Desktop/paralel/src/paralel/src/cuda_kernels.cu:261:3: warning: style of line directive is a GCC extension
[9.426s]   261 |     const GpuFeatures & query,
[9.426s]       |   ^ ~
[9.426s] /home/sberk/Desktop/paralel/src/paralel/src/cuda_kernels.cu:262:3: warning: style of line directive is a GCC extension
[9.426s]   262 |     const GpuFeatures & train,
[9.427s]       |   ^ ~
[9.427s] /home/sberk/Desktop/paralel/src/paralel/src/cuda_kernels.cu:263:3: warning: style of line directive is a GCC extension
[9.427s]   263 |     float ratio)
[9.427s]       |   ^ ~
[9.427s] /home/sberk/Desktop/paralel/src/paralel/src/cuda_kernels.cu:264:3: warning: style of line directive is a GCC extension
[9.427s]   264 | {
[9.427s]       |   ^  
[9.427s] /home/sberk/Desktop/paralel/src/paralel/src/cuda_kernels.cu:265:3: warning: style of line directive is a GCC extension
[9.427s]   265 |     GpuMatchResult out;
[9.427s]       |   ^ ~
[9.427s] /home/sberk/Desktop/paralel/src/paralel/src/cuda_kernels.cu:266:3: warning: style of line directive is a GCC extension
[9.427s]   266 |     out.total_query = query.num_keypoints;
[9.428s]       |   ^ ~
[9.428s] /home/sberk/Desktop/paralel/src/paralel/src/cuda_kernels.cu:267:3: warning: style of line directive is a GCC extension
[9.428s]   267 | 
[9.428s]       |   ^  
[9.428s] /home/sberk/Desktop/paralel/src/paralel/src/cuda_kernels.cu:269:3: warning: style of line directive is a GCC extension
[9.428s]   269 |     const int Nt = train.num_keypoints;
[9.428s]       |   ^ ~
[9.428s] /home/sberk/Desktop/paralel/src/paralel/src/cuda_kernels.cu:270:3: warning: style of line directive is a GCC extension
[9.428s]   270 |     if (Nq == 0 || Nt == 0) return out;
[9.428s]       |   ^ ~
[9.428s] /home/sberk/Desktop/paralel/src/paralel/src/cuda_kernels.cu:271:3: warning: style of line directive is a GCC extension
[9.429s]   271 | 
[9.429s]       |   ^  
[9.429s] /home/sberk/Desktop/paralel/src/paralel/src/cuda_kernels.cu:273:3: warning: style of line directive is a GCC extension
[9.429s]   273 |     unsigned char *d_pass      = nullptr;
[9.429s]       |   ^ ~
[9.429s] /home/sberk/Desktop/paralel/src/paralel/src/cuda_kernels.cu:274:3: warning: style of line directive is a GCC extension
[9.429s]   274 |     CUDA_CHECK(cudaMalloc(&d_train_idx, Nq * sizeof(int)));
[9.429s]       |   ^ ~
[9.430s] /home/sberk/Desktop/paralel/src/paralel/src/cuda_kernels.cu:275:3: warning: style of line directive is a GCC extension
[9.430s]   275 |     CUDA_CHECK(cudaMalloc(&d_pass,      Nq * sizeof(unsigned char)));
[9.430s]       |   ^ ~
[9.430s] /home/sberk/Desktop/paralel/src/paralel/src/cuda_kernels.cu:276:3: warning: style of line directive is a GCC extension
[9.430s]   276 | 
[9.430s]       |   ^  
[9.430s] /home/sberk/Desktop/paralel/src/paralel/src/cuda_kernels.cu:278:3: warning: style of line directive is a GCC extension
[9.430s]   278 |     const dim3 grid(Nq);
[9.431s]       |   ^ ~
[9.431s] /home/sberk/Desktop/paralel/src/paralel/src/cuda_kernels.cu:279:3: warning: style of line directive is a GCC extension
[9.431s]   279 |     // shared: query(128) handled separately; reduction needs
[9.431s]       |   ^ ~
[9.431s] /home/sberk/Desktop/paralel/src/paralel/src/cuda_kernels.cu:282:3: warning: style of line directive is a GCC extension
[9.431s]   282 | 
[9.431s]       |   ^  
[9.431s] /home/sberk/Desktop/paralel/src/paralel/src/cuda_kernels.cu:284:3: warning: style of line directive is a GCC extension
[9.431s]   284 | 
[9.432s]       |   ^  
[9.432s] /home/sberk/Desktop/paralel/src/paralel/src/cuda_kernels.cu:286:3: warning: style of line directive is a GCC extension
[9.432s]   286 |         query.d_descriptors, train.d_descriptors,
[9.432s]       |   ^  
[9.432s] /home/sberk/Desktop/paralel/src/paralel/src/cuda_kernels.cu:289:3: warning: style of line directive is a GCC extension
[9.432s]   289 |     CUDA_CHECK(cudaDeviceSynchronize());
[9.432s]       |   ^ ~
[9.432s] /home/sberk/Desktop/paralel/src/paralel/src/cuda_kernels.cu:290:3: warning: style of line directive is a GCC extension
[9.432s]   290 | 
[9.432s]       |   ^  
[9.433s] /home/sberk/Desktop/paralel/src/paralel/src/cuda_kernels.cu:293:3: warning: style of line directive is a GCC extension
[9.433s]   293 |     std::vector<unsigned char> h_pass(Nq);
[9.433s]       |   ^ ~
[9.433s] /home/sberk/Desktop/paralel/src/paralel/src/cuda_kernels.cu:294:3: warning: style of line directive is a GCC extension
[9.433s]   294 |     CUDA_CHECK(cudaMemcpy(h_train_idx.data(), d_train_idx,
[9.433s]       |   ^ ~
[9.433s] /home/sberk/Desktop/paralel/src/paralel/src/cuda_kernels.cu:295:3: warning: style of line directive is a GCC extension
[9.433s]   295 |                           Nq * sizeof(int), cudaMemcpyDeviceToHost));
[9.433s]       |   ^  
[9.433s] /home/sberk/Desktop/paralel/src/paralel/src/cuda_kernels.cu:297:3: warning: style of line directive is a GCC extension
[9.433s]   297 |                           Nq * sizeof(unsigned char), cudaMemcpyDeviceToHost));
[9.434s]       |   ^  
[9.434s] /home/sberk/Desktop/paralel/src/paralel/src/cuda_kernels.cu:300:3: warning: style of line directive is a GCC extension
[9.434s]   300 |     cudaFree(d_pass);
[9.434s]       |   ^ ~
[9.434s] /home/sberk/Desktop/paralel/src/paralel/src/cuda_kernels.cu:301:3: warning: style of line directive is a GCC extension
[9.434s]   301 | 
[9.434s]       |   ^  
[9.434s] /home/sberk/Desktop/paralel/src/paralel/src/cuda_kernels.cu:303:3: warning: style of line directive is a GCC extension
[9.434s]   303 |     out.train_idx.reserve(Nq);
[9.434s]       |   ^ ~
[9.435s] /home/sberk/Desktop/paralel/src/paralel/src/cuda_kernels.cu:304:3: warning: style of line directive is a GCC extension
[9.435s]   304 |     for (int q = 0; q < Nq; ++q) {
[9.435s]       |   ^ ~
[9.435s] /home/sberk/Desktop/paralel/src/paralel/src/cuda_kernels.cu:305:3: warning: style of line directive is a GCC extension
[9.435s]   305 |         if (h_pass[q] && h_train_idx[q] >= 0) {
[9.435s]       |   ^  
[9.435s] /home/sberk/Desktop/paralel/src/paralel/src/cuda_kernels.cu:306:3: warning: style of line directive is a GCC extension
[9.435s]   306 |             out.query_idx.push_back(q);
[9.435s]       |   ^  
[9.435s] /home/sberk/Desktop/paralel/src/paralel/src/cuda_kernels.cu:307:3: warning: style of line directive is a GCC extension
[9.435s]   307 |             out.train_idx.push_back(h_train_idx[q]);
[9.436s]       |   ^  
[9.436s] /home/sberk/Desktop/paralel/src/paralel/src/cuda_kernels.cu:308:3: warning: style of line directive is a GCC extension
[9.436s]   308 |         }
[9.436s]       |   ^  
[9.436s] /home/sberk/Desktop/paralel/src/paralel/src/cuda_kernels.cu:309:3: warning: style of line directive is a GCC extension
[9.436s]   309 |     }
[9.436s]       |   ^ ~
[9.436s] /home/sberk/Desktop/paralel/src/paralel/src/cuda_kernels.cu:310:3: warning: style of line directive is a GCC extension
[9.436s]   310 |     out.good_matches = static_cast<int>(out.query_idx.size());
[9.436s]       |   ^ ~
[9.436s] /home/sberk/Desktop/paralel/src/paralel/src/cuda_kernels.cu:311:3: warning: style of line directive is a GCC extension
[9.436s]   311 |     return out;
[9.437s]       |   ^ ~
[9.437s] /home/sberk/Desktop/paralel/src/paralel/src/cuda_kernels.cu:312:3: warning: style of line directive is a GCC extension
[9.437s]   312 | }
[9.437s]       |   ^  
[9.437s] /home/sberk/Desktop/paralel/src/paralel/src/cuda_kernels.cu:313:3: warning: style of line directive is a GCC extension
[9.437s]   313 | 
[9.437s]       |   ^  
[9.437s] /home/sberk/Desktop/paralel/src/paralel/src/cuda_kernels.cu:316:3: warning: style of line directive is a GCC extension
[9.437s]   316 | {
[9.438s]       |   ^  
[9.438s] /home/sberk/Desktop/paralel/src/paralel/src/cuda_kernels.cu:317:3: warning: style of line directive is a GCC extension
[9.438s]   317 |     if (bgr_img.empty() || bgr_img.channels() != 3) {
[9.438s]       |   ^ ~
[9.438s] /home/sberk/Desktop/paralel/src/paralel/src/cuda_kernels.cu:318:3: warning: style of line directive is a GCC extension
[9.438s]   318 |         throw std::invalid_argument("cuda_bgr_to_gray: expected non-empty 3-channel BGR image");
[9.438s]       |   ^  
[9.438s] /home/sberk/Desktop/paralel/src/paralel/src/cuda_kernels.cu:319:3: warning: style of line directive is a GCC extension
[9.438s]   319 |     }
[9.439s]       |   ^ ~
[9.439s] /home/sberk/Desktop/paralel/src/paralel/src/cuda_kernels.cu:320:3: warning: style of line directive is a GCC extension
[9.439s]   320 | 
[9.439s]       |   ^  
[9.439s] /home/sberk/Desktop/paralel/src/paralel/src/cuda_kernels.cu:322:3: warning: style of line directive is a GCC extension
[9.439s]   322 |     const int H = bgr_img.rows;
[9.440s]       |   ^ ~
[9.440s] /home/sberk/Desktop/paralel/src/paralel/src/cuda_kernels.cu:323:3: warning: style of line directive is a GCC extension
[9.440s]   323 |     const size_t bgr_bytes  = static_cast<size_t>(W) * H * 3;
[9.440s]       |   ^ ~
[9.440s] /home/sberk/Desktop/paralel/src/paralel/src/cuda_kernels.cu:324:3: warning: style of line directive is a GCC extension
[9.440s]   324 |     const size_t gray_bytes = static_cast<size_t>(W) * H;
[9.440s]       |   ^ ~
[9.440s] /home/sberk/Desktop/paralel/src/paralel/src/cuda_kernels.cu:325:3: warning: style of line directive is a GCC extension
[9.441s]   325 | 
[9.441s]       |   ^  
[9.441s] /home/sberk/Desktop/paralel/src/paralel/src/cuda_kernels.cu:327:3: warning: style of line directive is a GCC extension
[9.441s]   327 | 
[9.441s]       |   ^  
[9.441s] /home/sberk/Desktop/paralel/src/paralel/src/cuda_kernels.cu:329:3: warning: style of line directive is a GCC extension
[9.441s]   329 |     unsigned char *d_gray = nullptr;
[9.441s]       |   ^ ~
[9.441s] /home/sberk/Desktop/paralel/src/paralel/src/cuda_kernels.cu:330:3: warning: style of line directive is a GCC extension
[9.442s]   330 |     CUDA_CHECK(cudaMalloc(&d_bgr,  bgr_bytes));
[9.442s]       |   ^ ~
[9.442s] /home/sberk/Desktop/paralel/src/paralel/src/cuda_kernels.cu:331:3: warning: style of line directive is a GCC extension
[9.442s]   331 |     CUDA_CHECK(cudaMalloc(&d_gray, gray_bytes));
[9.442s]       |   ^ ~
[9.442s] /home/sberk/Desktop/paralel/src/paralel/src/cuda_kernels.cu:332:3: warning: style of line directive is a GCC extension
[9.442s]   332 | 
[9.442s]       |   ^  
[9.442s] /home/sberk/Desktop/paralel/src/paralel/src/cuda_kernels.cu:334:3: warning: style of line directive is a GCC extension
[9.442s]   334 | 
[9.442s]       |   ^  
[9.442s] /home/sberk/Desktop/paralel/src/paralel/src/cuda_kernels.cu:336:3: warning: style of line directive is a GCC extension
[9.443s]   336 |     dim3 grid((W + block.x - 1) / block.x,
[9.443s]       |   ^ ~
[9.443s] /home/sberk/Desktop/paralel/src/paralel/src/cuda_kernels.cu:337:3: warning: style of line directive is a GCC extension
[9.443s]   337 |               (H + block.y - 1) / block.y);
[9.443s]       |   ^  
[9.443s] /home/sberk/Desktop/paralel/src/paralel/src/cuda_kernels.cu:339:3: warning: style of line directive is a GCC extension
[9.443s]   339 |     CUDA_CHECK(cudaGetLastError());
[9.443s]       |   ^ ~
[9.443s] /home/sberk/Desktop/paralel/src/paralel/src/cuda_kernels.cu:340:3: warning: style of line directive is a GCC extension
[9.443s]   340 |     CUDA_CHECK(cudaDeviceSynchronize());
[9.443s]       |   ^ ~
[9.443s] /home/sberk/Desktop/paralel/src/paralel/src/cuda_kernels.cu:341:3: warning: style of line directive is a GCC extension
[9.443s]   341 | 
[9.444s]       |   ^  
[9.444s] /home/sberk/Desktop/paralel/src/paralel/src/cuda_kernels.cu:343:3: warning: style of line directive is a GCC extension
[9.444s]   343 |     CUDA_CHECK(cudaMemcpy(gray.data, d_gray, gray_bytes, cudaMemcpyDeviceToHost));
[9.444s]       |   ^ ~
[9.444s] /home/sberk/Desktop/paralel/src/paralel/src/cuda_kernels.cu:344:3: warning: style of line directive is a GCC extension
[9.444s]   344 | 
[9.444s]       |   ^  
[9.444s] /home/sberk/Desktop/paralel/src/paralel/src/cuda_kernels.cu:346:3: warning: style of line directive is a GCC extension
[9.444s]   346 |     cudaFree(d_gray);
[9.444s]       |   ^ ~
[9.444s] /home/sberk/Desktop/paralel/src/paralel/src/cuda_kernels.cu:347:3: warning: style of line directive is a GCC extension
[9.444s]   347 | 
[9.444s]       |   ^  
[9.445s] /home/sberk/Desktop/paralel/src/paralel/src/cuda_kernels.cu:349:3: warning: style of line directive is a GCC extension
[9.445s]   349 | }
[9.445s]       |   ^  
[9.445s] /home/sberk/Desktop/paralel/src/paralel/src/cuda_kernels.cu:350:3: warning: style of line directive is a GCC extension
[9.445s]   350 | 
[9.445s]       |   ^  
[9.445s] /home/sberk/Desktop/paralel/src/paralel/src/cuda_kernels.cu:353:3: warning: style of line directive is a GCC extension
[9.445s]   353 |     const std::vector<std::vector<cv::DMatch>> & knn_matches,
[9.446s]       |   ^ ~
[9.446s] /home/sberk/Desktop/paralel/src/paralel/src/cuda_kernels.cu:354:3: warning: style of line directive is a GCC extension
[9.446s]   354 |     float ratio)
[9.446s]       |   ^ ~
[9.446s] /home/sberk/Desktop/paralel/src/paralel/src/cuda_kernels.cu:355:3: warning: style of line directive is a GCC extension
[9.446s]   355 | {
[9.446s]       |   ^  
[9.446s] /home/sberk/Desktop/paralel/src/paralel/src/cuda_kernels.cu:356:3: warning: style of line directive is a GCC extension
[9.447s]   356 |     const int N = static_cast<int>(knn_matches.size());
[9.447s]       |   ^ ~
[9.447s] /home/sberk/Desktop/paralel/src/paralel/src/cuda_kernels.cu:357:3: warning: style of line directive is a GCC extension
[9.447s]   357 |     std::vector<bool> result(N, false);
[9.447s]       |   ^ ~
[9.447s] /home/sberk/Desktop/paralel/src/paralel/src/cuda_kernels.cu:358:3: warning: style of line directive is a GCC extension
[9.447s]   358 |     if (N == 0) return result;
[9.448s]       |   ^ ~
[9.448s] /home/sberk/Desktop/paralel/src/paralel/src/cuda_kernels.cu:359:3: warning: style of line directive is a GCC extension
[9.448s]   359 | 
[9.448s]       |   ^  
[9.448s] /home/sberk/Desktop/paralel/src/paralel/src/cuda_kernels.cu:361:3: warning: style of line directive is a GCC extension
[9.448s]   361 |     for (int i = 0; i < N; ++i) {
[9.449s]       |   ^ ~
[9.449s] /home/sberk/Desktop/paralel/src/paralel/src/cuda_kernels.cu:362:3: warning: style of line directive is a GCC extension
[9.449s]   362 |         if (knn_matches[i].size() >= 2) {
[9.449s]       |   ^  
[9.449s] /home/sberk/Desktop/paralel/src/paralel/src/cuda_kernels.cu:363:3: warning: style of line directive is a GCC extension
[9.449s]   363 |             h_dist1[i] = knn_matches[i][0].distance;
[9.449s]       |   ^  
[9.449s] /home/sberk/Desktop/paralel/src/paralel/src/cuda_kernels.cu:364:3: warning: style of line directive is a GCC extension
[9.450s]   364 |             h_dist2[i] = knn_matches[i][1].distance;
[9.450s]       |   ^  
[9.450s] /home/sberk/Desktop/paralel/src/paralel/src/cuda_kernels.cu:365:3: warning: style of line directive is a GCC extension
[9.450s]   365 |         } else {
[9.450s]       |   ^  
[9.450s] /home/sberk/Desktop/paralel/src/paralel/src/cuda_kernels.cu:366:3: warning: style of line directive is a GCC extension
[9.450s]   366 |             h_dist1[i] = 1.0f;
[9.450s]       |   ^  
[9.451s] /home/sberk/Desktop/paralel/src/paralel/src/cuda_kernels.cu:367:3: warning: style of line directive is a GCC extension
[9.451s]   367 |             h_dist2[i] = 0.0f;
[9.451s]       |   ^  
[9.451s] /home/sberk/Desktop/paralel/src/paralel/src/cuda_kernels.cu:368:3: warning: style of line directive is a GCC extension
[9.451s]   368 |         }
[9.451s]       |   ^  
[9.451s] /home/sberk/Desktop/paralel/src/paralel/src/cuda_kernels.cu:369:3: warning: style of line directive is a GCC extension
[9.451s]   369 |     }
[9.451s]       |   ^ ~
[9.451s] /home/sberk/Desktop/paralel/src/paralel/src/cuda_kernels.cu:370:3: warning: style of line directive is a GCC extension
[9.452s]   370 | 
[9.452s]       |   ^  
[9.452s] /home/sberk/Desktop/paralel/src/paralel/src/cuda_kernels.cu:372:3: warning: style of line directive is a GCC extension
[9.452s]   372 |     float         *d_dist2 = nullptr;
[9.452s]       |   ^ ~
[9.452s] /home/sberk/Desktop/paralel/src/paralel/src/cuda_kernels.cu:373:3: warning: style of line directive is a GCC extension
[9.452s]   373 |     unsigned char *d_mask  = nullptr;
[9.452s]       |   ^ ~
[9.452s] /home/sberk/Desktop/paralel/src/paralel/src/cuda_kernels.cu:374:3: warning: style of line directive is a GCC extension
[9.453s]   374 |     CUDA_CHECK(cudaMalloc(&d_dist1, N * sizeof(float)));
[9.453s]       |   ^ ~
[9.453s] /home/sberk/Desktop/paralel/src/paralel/src/cuda_kernels.cu:375:3: warning: style of line directive is a GCC extension
[9.453s]   375 |     CUDA_CHECK(cudaMalloc(&d_dist2, N * sizeof(float)));
[9.453s]       |   ^ ~
[9.453s] /home/sberk/Desktop/paralel/src/paralel/src/cuda_kernels.cu:376:3: warning: style of line directive is a GCC extension
[9.453s]   376 |     CUDA_CHECK(cudaMalloc(&d_mask,  N * sizeof(unsigned char)));
[9.453s]       |   ^ ~
[9.453s] /home/sberk/Desktop/paralel/src/paralel/src/cuda_kernels.cu:377:3: warning: style of line directive is a GCC extension
[9.453s]   377 | 
[9.453s]       |   ^  
[9.454s] /home/sberk/Desktop/paralel/src/paralel/src/cuda_kernels.cu:379:3: warning: style of line directive is a GCC extension
[9.454s]   379 |     CUDA_CHECK(cudaMemcpy(d_dist2, h_dist2.data(), N * sizeof(float), cudaMemcpyHostToDevice));
[9.454s]       |   ^ ~
[9.454s] /home/sberk/Desktop/paralel/src/paralel/src/cuda_kernels.cu:380:3: warning: style of line directive is a GCC extension
[9.454s]   380 | 
[9.454s]       |   ^  
[9.454s] /home/sberk/Desktop/paralel/src/paralel/src/cuda_kernels.cu:382:3: warning: style of line directive is a GCC extension
[9.454s]   382 |     const int GRID  = (N + BLOCK - 1) / BLOCK;
[9.454s]       |   ^ ~
[9.455s] /home/sberk/Desktop/paralel/src/paralel/src/cuda_kernels.cu:383:3: warning: style of line directive is a GCC extension
[9.455s]   383 |     kernel_lowe_ratio<<<GRID, BLOCK>>>(d_dist1, d_dist2, d_mask, N, ratio);
[9.455s]       |   ^ ~
[9.455s] /home/sberk/Desktop/paralel/src/paralel/src/cuda_kernels.cu:384:3: warning: style of line directive is a GCC extension
[9.455s]   384 |     CUDA_CHECK(cudaGetLastError());
[9.455s]       |   ^ ~
[9.455s] /home/sberk/Desktop/paralel/src/paralel/src/cuda_kernels.cu:385:3: warning: style of line directive is a GCC extension
[9.455s]   385 |     CUDA_CHECK(cudaDeviceSynchronize());
[9.455s]       |   ^ ~
[9.456s] /home/sberk/Desktop/paralel/src/paralel/src/cuda_kernels.cu:386:3: warning: style of line directive is a GCC extension
[9.456s]   386 | 
[9.456s]       |   ^  
[9.456s] /home/sberk/Desktop/paralel/src/paralel/src/cuda_kernels.cu:388:3: warning: style of line directive is a GCC extension
[9.456s]   388 |     CUDA_CHECK(cudaMemcpy(h_mask.data(), d_mask, N * sizeof(unsigned char), cudaMemcpyDeviceToHost));
[9.456s]       |   ^ ~
[9.457s] /home/sberk/Desktop/paralel/src/paralel/src/cuda_kernels.cu:389:3: warning: style of line directive is a GCC extension
[9.457s]   389 | 
[9.457s]       |   ^  
[9.457s] /home/sberk/Desktop/paralel/src/paralel/src/cuda_kernels.cu:391:3: warning: style of line directive is a GCC extension
[9.457s]   391 |     cudaFree(d_dist2);
[9.457s]       |   ^ ~
[9.457s] /home/sberk/Desktop/paralel/src/paralel/src/cuda_kernels.cu:392:3: warning: style of line directive is a GCC extension
[9.457s]   392 |     cudaFree(d_mask);
[9.458s]       |   ^ ~
[9.458s] /home/sberk/Desktop/paralel/src/paralel/src/cuda_kernels.cu:393:3: warning: style of line directive is a GCC extension
[9.458s]   393 | 
[9.458s]       |   ^  
[9.459s] /home/sberk/Desktop/paralel/src/paralel/src/cuda_kernels.cu:395:3: warning: style of line directive is a GCC extension
[9.459s]   395 |     return result;
[9.459s]       |   ^ ~
[9.459s] /home/sberk/Desktop/paralel/src/paralel/src/cuda_kernels.cu:396:3: warning: style of line directive is a GCC extension
[9.460s]   396 | }
[9.460s]       |   ^  
[9.460s] /home/sberk/Desktop/paralel/src/paralel/src/cuda_kernels.cu:397:3: warning: style of line directive is a GCC extension
[9.460s]   397 | 
[9.460s]       |   ^  
[9.460s] /home/sberk/Desktop/paralel/src/paralel/src/cuda_kernels.cu:400:3: warning: style of line directive is a GCC extension
[9.460s]   400 | {
[9.461s]       |   ^  
[9.461s] /home/sberk/Desktop/paralel/src/paralel/src/cuda_kernels.cu:401:3: warning: style of line directive is a GCC extension
[9.461s]   401 |     int dev = 0;
[9.461s]       |   ^ ~
[9.461s] /home/sberk/Desktop/paralel/src/paralel/src/cuda_kernels.cu:402:3: warning: style of line directive is a GCC extension
[9.461s]   402 |     cudaDeviceProp prop{};
[9.461s]       |   ^ ~
[9.461s] /home/sberk/Desktop/paralel/src/paralel/src/cuda_kernels.cu:403:3: warning: style of line directive is a GCC extension
[9.461s]   403 |     cudaError_t e = cudaGetDeviceProperties(&prop, dev);
[9.462s]       |   ^ ~
[9.462s] /home/sberk/Desktop/paralel/src/paralel/src/cuda_kernels.cu:404:3: warning: style of line directive is a GCC extension
[9.462s]   404 |     if (e != cudaSuccess) return "CUDA device query failed";
[9.462s]       |   ^ ~
[9.462s] /home/sberk/Desktop/paralel/src/paralel/src/cuda_kernels.cu:405:3: warning: style of line directive is a GCC extension
[9.462s]   405 | 
[9.462s]       |   ^  
[9.462s] /home/sberk/Desktop/paralel/src/paralel/src/cuda_kernels.cu:407:3: warning: style of line directive is a GCC extension
[9.463s]   407 |     snprintf(buf, sizeof(buf),
[9.463s]       |   ^ ~
[9.463s] /home/sberk/Desktop/paralel/src/paralel/src/cuda_kernels.cu:408:3: warning: style of line directive is a GCC extension
[9.463s]   408 |              "%s  (sm_%d%d, %.0f MB, %d SMs, CUDA %d.%d)",
[9.463s]       |   ^  
[9.463s] /home/sberk/Desktop/paralel/src/paralel/src/cuda_kernels.cu:415:3: warning: style of line directive is a GCC extension
[9.464s]   415 | }
[9.464s]       |   ^  
[9.464s] /home/sberk/Desktop/paralel/src/paralel/src/cuda_kernels.cu:416:3: warning: style of line directive is a GCC extension
[9.464s]   416 | 
[9.464s]       |   ^  
[9.464s] /home/sberk/Desktop/paralel/src/paralel/src/cuda_kernels.cu:419:3: warning: style of line directive is a GCC extension
[9.464s] tmpxft_000059aa_00000000-6_cuda_kernels.cudafe1.stub.c:4:3: warning: style of line directive is a GCC extension
[9.465s] In file included from tmpxft_000059aa_00000000-6_cuda_kernels.cudafe1.stub.c:1:
[9.465s] /home/sberk/Desktop/paralel/src/paralel/src/cuda_kernels.cu:60:3: warning: style of line directive is a GCC extension
[9.465s]    60 |     const float * __restrict__ d_query,   // Nq x 128
[9.465s]       |   ^ 
[9.465s] /home/sberk/Desktop/paralel/src/paralel/src/cuda_kernels.cu:67:3: warning: style of line directive is a GCC extension
[9.465s]    67 |     const int q = blockIdx.x;
[9.465s]       |   ^ ~
[9.465s] /home/sberk/Desktop/paralel/src/paralel/src/cuda_kernels.cu:143:3: warning: style of line directive is a GCC extension
[9.466s]   143 | 
[9.466s]       |   ^
[9.466s] /tmp/tmpxft_000059aa_00000000-6_cuda_kernels.cudafe1.stub.c:4:3: warning: style of line directive is a GCC extension
[9.466s]     4 | #define __NV_MODULE_ID _01fc8191_15_cuda_kernels_cu_a7bc02b3
[9.466s]       |   ^~~
[9.466s] /home/sberk/Desktop/paralel/src/paralel/src/cuda_kernels.cu:148:3: warning: style of line directive is a GCC extension
[9.466s]   148 |     const unsigned char * __restrict__ d_bgr,
[9.466s]       |   ^ ~
[9.467s] /home/sberk/Desktop/paralel/src/paralel/src/cuda_kernels.cu:152:3: warning: style of line directive is a GCC extension
[9.467s]   152 |     int x = blockIdx.x * blockDim.x + threadIdx.x;
[9.467s]       |   ^ ~
[9.467s] /home/sberk/Desktop/paralel/src/paralel/src/cuda_kernels.cu:166:3: warning: style of line directive is a GCC extension
[9.467s]   166 | 
[9.467s]       |   ^
[9.467s] /tmp/tmpxft_000059aa_00000000-6_cuda_kernels.cudafe1.stub.c:5:3: warning: style of line directive is a GCC extension
[9.467s]     5 | #define __NV_CUBIN_HANDLE_STORAGE__ extern
[9.468s]       |   ^~~
[9.468s] /home/sberk/Desktop/paralel/src/paralel/src/cuda_kernels.cu:171:3: warning: style of line directive is a GCC extension
[9.468s]   171 |     const float * __restrict__ d_dist1,
[9.468s]       |   ^ ~
[9.468s] /home/sberk/Desktop/paralel/src/paralel/src/cuda_kernels.cu:181:3: warning: style of line directive is a GCC extension
[9.468s]   181 | 
[9.468s]       |   ^
[9.468s] tmpxft_000059aa_00000000-6_cuda_kernels.cudafe1.stub.c:2:3: warning: style of line directive is a GCC extension
[11.111s] [ 40%] Linking CUDA static library libparalel_cuda_kernels.a
[11.157s] [ 40%] Built target paralel_cuda_kernels
[11.196s] [ 60%] Building CXX object CMakeFiles/sift_pipeline.dir/src/sift_pipeline.cpp.o
[17.762s] [ 80%] Linking CUDA device code CMakeFiles/sift_pipeline.dir/cmake_device_link.o
[17.788s] nvlink warning : Skipping incompatible '/usr/lib/x86_64-linux-gnu/libdl.a' when searching for -ldl
[17.790s] nvlink warning : Skipping incompatible '/usr/lib/x86_64-linux-gnu/librt.a' when searching for -lrt
[17.791s] nvlink warning : Skipping incompatible '/usr/lib/x86_64-linux-gnu/libpthread.a' when searching for -lpthread
[17.844s] [100%] Linking CXX executable sift_pipeline
[18.485s] [100%] Built target sift_pipeline
[18.503s] Invoked command in '/home/sberk/Desktop/paralel/build/paralel' returned '0': AMENT_PREFIX_PATH=/home/sberk/Desktop/paralel/install/sift_interfaces:${AMENT_PREFIX_PATH} CMAKE_PREFIX_PATH=/home/sberk/Desktop/paralel/install/sift_interfaces:/opt/ros/jazzy/opt/gz_sim_vendor:/opt/ros/jazzy/opt/gz_sensors_vendor:/opt/ros/jazzy/opt/gz_physics_vendor:/opt/ros/jazzy/opt/sdformat_vendor:/opt/ros/jazzy/opt/gz_gui_vendor:/opt/ros/jazzy/opt/gz_transport_vendor:/opt/ros/jazzy/opt/gz_rendering_vendor:/opt/ros/jazzy/opt/gz_plugin_vendor:/opt/ros/jazzy/opt/gz_fuel_tools_vendor:/opt/ros/jazzy/opt/gz_msgs_vendor:/opt/ros/jazzy/opt/gz_common_vendor:/opt/ros/jazzy/opt/gz_math_vendor:/opt/ros/jazzy/opt/gz_utils_vendor:/opt/ros/jazzy/opt/gz_tools_vendor:/opt/ros/jazzy/opt/gz_ogre_next_vendor:/opt/ros/jazzy/opt/gz_dartsim_vendor:/opt/ros/jazzy/opt/gz_cmake_vendor:/opt/ros/jazzy DEBUGINFOD_URLS=https://debuginfod.ubuntu.com LD_LIBRARY_PATH=/home/sberk/Desktop/paralel/install/sift_interfaces/lib:${LD_LIBRARY_PATH} PYTHONPATH=/home/sberk/Desktop/paralel/install/sift_interfaces/lib/python3.12/site-packages:${PYTHONPATH} VIRTUAL_ENV_PROMPT=(venv-ardupilot) /usr/bin/cmake --build /home/sberk/Desktop/paralel/build/paralel -- -j8 -l8
[18.516s] Invoking command in '/home/sberk/Desktop/paralel/build/paralel': AMENT_PREFIX_PATH=/home/sberk/Desktop/paralel/install/sift_interfaces:${AMENT_PREFIX_PATH} CMAKE_PREFIX_PATH=/home/sberk/Desktop/paralel/install/sift_interfaces:/opt/ros/jazzy/opt/gz_sim_vendor:/opt/ros/jazzy/opt/gz_sensors_vendor:/opt/ros/jazzy/opt/gz_physics_vendor:/opt/ros/jazzy/opt/sdformat_vendor:/opt/ros/jazzy/opt/gz_gui_vendor:/opt/ros/jazzy/opt/gz_transport_vendor:/opt/ros/jazzy/opt/gz_rendering_vendor:/opt/ros/jazzy/opt/gz_plugin_vendor:/opt/ros/jazzy/opt/gz_fuel_tools_vendor:/opt/ros/jazzy/opt/gz_msgs_vendor:/opt/ros/jazzy/opt/gz_common_vendor:/opt/ros/jazzy/opt/gz_math_vendor:/opt/ros/jazzy/opt/gz_utils_vendor:/opt/ros/jazzy/opt/gz_tools_vendor:/opt/ros/jazzy/opt/gz_ogre_next_vendor:/opt/ros/jazzy/opt/gz_dartsim_vendor:/opt/ros/jazzy/opt/gz_cmake_vendor:/opt/ros/jazzy DEBUGINFOD_URLS=https://debuginfod.ubuntu.com LD_LIBRARY_PATH=/home/sberk/Desktop/paralel/install/sift_interfaces/lib:${LD_LIBRARY_PATH} PYTHONPATH=/home/sberk/Desktop/paralel/install/sift_interfaces/lib/python3.12/site-packages:${PYTHONPATH} VIRTUAL_ENV_PROMPT=(venv-ardupilot) /usr/bin/cmake --install /home/sberk/Desktop/paralel/build/paralel
[18.529s] -- Install configuration: ""
[18.529s] -- Installing: /home/sberk/Desktop/paralel/install/paralel/lib/paralel/sift_pipeline
[18.530s] -- Set non-toolchain portion of runtime path of "/home/sberk/Desktop/paralel/install/paralel/lib/paralel/sift_pipeline" to ""
[18.530s] -- Up-to-date: /home/sberk/Desktop/paralel/install/paralel/share/paralel/launch
[18.530s] -- Installing: /home/sberk/Desktop/paralel/install/paralel/share/paralel/launch/sift_matching.launch.py
[18.530s] -- Up-to-date: /home/sberk/Desktop/paralel/install/paralel/include
[18.531s] -- Up-to-date: /home/sberk/Desktop/paralel/install/paralel/include/paralel
[18.531s] -- Installing: /home/sberk/Desktop/paralel/install/paralel/include/paralel/cuda_kernels.hpp
[18.531s] -- Installing: /home/sberk/Desktop/paralel/install/paralel/include/paralel/gpu_feature_bus.hpp
[18.531s] -- Up-to-date: /home/sberk/Desktop/paralel/install/paralel/include/paralel/perf_tracker.hpp
[18.531s] -- Up-to-date: /home/sberk/Desktop/paralel/install/paralel/share/ament_index/resource_index/package_run_dependencies/paralel
[18.531s] -- Installing: /home/sberk/Desktop/paralel/install/paralel/share/ament_index/resource_index/parent_prefix_path/paralel
[18.534s] -- Up-to-date: /home/sberk/Desktop/paralel/install/paralel/share/paralel/environment/ament_prefix_path.sh
[18.534s] -- Up-to-date: /home/sberk/Desktop/paralel/install/paralel/share/paralel/environment/ament_prefix_path.dsv
[18.534s] -- Up-to-date: /home/sberk/Desktop/paralel/install/paralel/share/paralel/environment/path.sh
[18.535s] -- Up-to-date: /home/sberk/Desktop/paralel/install/paralel/share/paralel/environment/path.dsv
[18.535s] -- Up-to-date: /home/sberk/Desktop/paralel/install/paralel/share/paralel/local_setup.bash
[18.535s] -- Up-to-date: /home/sberk/Desktop/paralel/install/paralel/share/paralel/local_setup.sh
[18.535s] -- Up-to-date: /home/sberk/Desktop/paralel/install/paralel/share/paralel/local_setup.zsh
[18.535s] -- Up-to-date: /home/sberk/Desktop/paralel/install/paralel/share/paralel/local_setup.dsv
[18.535s] -- Installing: /home/sberk/Desktop/paralel/install/paralel/share/paralel/package.dsv
[18.535s] -- Up-to-date: /home/sberk/Desktop/paralel/install/paralel/share/ament_index/resource_index/packages/paralel
[18.535s] -- Up-to-date: /home/sberk/Desktop/paralel/install/paralel/share/paralel/cmake/paralelConfig.cmake
[18.535s] -- Up-to-date: /home/sberk/Desktop/paralel/install/paralel/share/paralel/cmake/paralelConfig-version.cmake
[18.536s] -- Up-to-date: /home/sberk/Desktop/paralel/install/paralel/share/paralel/package.xml
[18.536s] Invoked command in '/home/sberk/Desktop/paralel/build/paralel' returned '0': AMENT_PREFIX_PATH=/home/sberk/Desktop/paralel/install/sift_interfaces:${AMENT_PREFIX_PATH} CMAKE_PREFIX_PATH=/home/sberk/Desktop/paralel/install/sift_interfaces:/opt/ros/jazzy/opt/gz_sim_vendor:/opt/ros/jazzy/opt/gz_sensors_vendor:/opt/ros/jazzy/opt/gz_physics_vendor:/opt/ros/jazzy/opt/sdformat_vendor:/opt/ros/jazzy/opt/gz_gui_vendor:/opt/ros/jazzy/opt/gz_transport_vendor:/opt/ros/jazzy/opt/gz_rendering_vendor:/opt/ros/jazzy/opt/gz_plugin_vendor:/opt/ros/jazzy/opt/gz_fuel_tools_vendor:/opt/ros/jazzy/opt/gz_msgs_vendor:/opt/ros/jazzy/opt/gz_common_vendor:/opt/ros/jazzy/opt/gz_math_vendor:/opt/ros/jazzy/opt/gz_utils_vendor:/opt/ros/jazzy/opt/gz_tools_vendor:/opt/ros/jazzy/opt/gz_ogre_next_vendor:/opt/ros/jazzy/opt/gz_dartsim_vendor:/opt/ros/jazzy/opt/gz_cmake_vendor:/opt/ros/jazzy DEBUGINFOD_URLS=https://debuginfod.ubuntu.com LD_LIBRARY_PATH=/home/sberk/Desktop/paralel/install/sift_interfaces/lib:${LD_LIBRARY_PATH} PYTHONPATH=/home/sberk/Desktop/paralel/install/sift_interfaces/lib/python3.12/site-packages:${PYTHONPATH} VIRTUAL_ENV_PROMPT=(venv-ardupilot) /usr/bin/cmake --install /home/sberk/Desktop/paralel/build/paralel
