[ 25%] Built target paralel_cuda_kernels
[ 37%] Building CXX object CMakeFiles/sift_publisher.dir/src/sift_publisher.cpp.o
[ 75%] Built target flann_subscriber
[ 87%] Linking CUDA device code CMakeFiles/sift_publisher.dir/cmake_device_link.o
nvlink warning : Skipping incompatible '/usr/lib/x86_64-linux-gnu/libdl.a' when searching for -ldl
nvlink warning : Skipping incompatible '/usr/lib/x86_64-linux-gnu/librt.a' when searching for -lrt
nvlink warning : Skipping incompatible '/usr/lib/x86_64-linux-gnu/libpthread.a' when searching for -lpthread
[100%] Linking CXX executable sift_publisher
[100%] Built target sift_publisher
-- Install configuration: ""
-- Installing: /home/sberk/Desktop/paralel/install/paralel/lib/paralel/sift_publisher
-- Set non-toolchain portion of runtime path of "/home/sberk/Desktop/paralel/install/paralel/lib/paralel/sift_publisher" to ""
-- Up-to-date: /home/sberk/Desktop/paralel/install/paralel/lib/paralel/flann_subscriber
-- Up-to-date: /home/sberk/Desktop/paralel/install/paralel/share/paralel/launch
-- Up-to-date: /home/sberk/Desktop/paralel/install/paralel/share/paralel/launch/sift_matching.launch.py
-- Up-to-date: /home/sberk/Desktop/paralel/install/paralel/include
-- Up-to-date: /home/sberk/Desktop/paralel/install/paralel/include/paralel
-- Up-to-date: /home/sberk/Desktop/paralel/install/paralel/include/paralel/cuda_kernels.hpp
-- Up-to-date: /home/sberk/Desktop/paralel/install/paralel/include/paralel/perf_tracker.hpp
-- Up-to-date: /home/sberk/Desktop/paralel/install/paralel/share/ament_index/resource_index/package_run_dependencies/paralel
-- Up-to-date: /home/sberk/Desktop/paralel/install/paralel/share/ament_index/resource_index/parent_prefix_path/paralel
-- Up-to-date: /home/sberk/Desktop/paralel/install/paralel/share/paralel/environment/ament_prefix_path.sh
-- Up-to-date: /home/sberk/Desktop/paralel/install/paralel/share/paralel/environment/ament_prefix_path.dsv
-- Up-to-date: /home/sberk/Desktop/paralel/install/paralel/share/paralel/environment/path.sh
-- Up-to-date: /home/sberk/Desktop/paralel/install/paralel/share/paralel/environment/path.dsv
-- Up-to-date: /home/sberk/Desktop/paralel/install/paralel/share/paralel/local_setup.bash
-- Up-to-date: /home/sberk/Desktop/paralel/install/paralel/share/paralel/local_setup.sh
-- Up-to-date: /home/sberk/Desktop/paralel/install/paralel/share/paralel/local_setup.zsh
-- Up-to-date: /home/sberk/Desktop/paralel/install/paralel/share/paralel/local_setup.dsv
-- Installing: /home/sberk/Desktop/paralel/install/paralel/share/paralel/package.dsv
-- Up-to-date: /home/sberk/Desktop/paralel/install/paralel/share/ament_index/resource_index/packages/paralel
-- Up-to-date: /home/sberk/Desktop/paralel/install/paralel/share/paralel/cmake/paralelConfig.cmake
-- Up-to-date: /home/sberk/Desktop/paralel/install/paralel/share/paralel/cmake/paralelConfig-version.cmake
-- Up-to-date: /home/sberk/Desktop/paralel/install/paralel/share/paralel/package.xml
