[0.013s] Invoking command in '/home/sberk/Desktop/paralel/build/paralel': CMAKE_PREFIX_PATH=/home/sberk/Desktop/paralel/install/sift_interfaces:/home/sberk/Desktop/paralel/install/paralel:/opt/ros/jazzy/opt/gz_sim_vendor:/opt/ros/jazzy/opt/gz_sensors_vendor:/opt/ros/jazzy/opt/gz_physics_vendor:/opt/ros/jazzy/opt/sdformat_vendor:/opt/ros/jazzy/opt/gz_gui_vendor:/opt/ros/jazzy/opt/gz_transport_vendor:/opt/ros/jazzy/opt/gz_rendering_vendor:/opt/ros/jazzy/opt/gz_plugin_vendor:/opt/ros/jazzy/opt/gz_fuel_tools_vendor:/opt/ros/jazzy/opt/gz_msgs_vendor:/opt/ros/jazzy/opt/gz_common_vendor:/opt/ros/jazzy/opt/gz_math_vendor:/opt/ros/jazzy/opt/gz_utils_vendor:/opt/ros/jazzy/opt/gz_tools_vendor:/opt/ros/jazzy/opt/gz_ogre_next_vendor:/opt/ros/jazzy/opt/gz_dartsim_vendor:/opt/ros/jazzy/opt/gz_cmake_vendor:/home/sberk/Desktop/paralel/install/parallel:/home/sberk/Desktop/paralel/install/sequential:/opt/ros/jazzy DEBUGINFOD_URLS=https://debuginfod.ubuntu.com PYTHONPATH=/home/sberk/Desktop/paralel/install/sift_interfaces/lib/python3.12/site-packages:/home/sberk/Desktop/paralel/install/parallel/lib/python3.12/site-packages:/home/sberk/Desktop/paralel/install/sequential/lib/python3.12/site-packages:/opt/ros/jazzy/lib/python3.12/site-packages VIRTUAL_ENV_PROMPT=(venv-ardupilot) /usr/bin/cmake --build /home/sberk/Desktop/paralel/build/paralel -- -j8 -l8
[0.078s] [ 25%] Built target paralel_cuda_kernels
[0.123s] [ 37%] Building CXX object CMakeFiles/sift_publisher.dir/src/sift_publisher.cpp.o
[0.132s] [ 75%] Built target flann_subscriber
[9.646s] [ 87%] Linking CUDA device code CMakeFiles/sift_publisher.dir/cmake_device_link.o
[9.671s] nvlink warning : Skipping incompatible '/usr/lib/x86_64-linux-gnu/libdl.a' when searching for -ldl
[9.672s] nvlink warning : Skipping incompatible '/usr/lib/x86_64-linux-gnu/librt.a' when searching for -lrt
[9.672s] nvlink warning : Skipping incompatible '/usr/lib/x86_64-linux-gnu/libpthread.a' when searching for -lpthread
[9.729s] [100%] Linking CXX executable sift_publisher
[10.841s] [100%] Built target sift_publisher
[10.856s] Invoked command in '/home/sberk/Desktop/paralel/build/paralel' returned '0': CMAKE_PREFIX_PATH=/home/sberk/Desktop/paralel/install/sift_interfaces:/home/sberk/Desktop/paralel/install/paralel:/opt/ros/jazzy/opt/gz_sim_vendor:/opt/ros/jazzy/opt/gz_sensors_vendor:/opt/ros/jazzy/opt/gz_physics_vendor:/opt/ros/jazzy/opt/sdformat_vendor:/opt/ros/jazzy/opt/gz_gui_vendor:/opt/ros/jazzy/opt/gz_transport_vendor:/opt/ros/jazzy/opt/gz_rendering_vendor:/opt/ros/jazzy/opt/gz_plugin_vendor:/opt/ros/jazzy/opt/gz_fuel_tools_vendor:/opt/ros/jazzy/opt/gz_msgs_vendor:/opt/ros/jazzy/opt/gz_common_vendor:/opt/ros/jazzy/opt/gz_math_vendor:/opt/ros/jazzy/opt/gz_utils_vendor:/opt/ros/jazzy/opt/gz_tools_vendor:/opt/ros/jazzy/opt/gz_ogre_next_vendor:/opt/ros/jazzy/opt/gz_dartsim_vendor:/opt/ros/jazzy/opt/gz_cmake_vendor:/home/sberk/Desktop/paralel/install/parallel:/home/sberk/Desktop/paralel/install/sequential:/opt/ros/jazzy DEBUGINFOD_URLS=https://debuginfod.ubuntu.com PYTHONPATH=/home/sberk/Desktop/paralel/install/sift_interfaces/lib/python3.12/site-packages:/home/sberk/Desktop/paralel/install/parallel/lib/python3.12/site-packages:/home/sberk/Desktop/paralel/install/sequential/lib/python3.12/site-packages:/opt/ros/jazzy/lib/python3.12/site-packages VIRTUAL_ENV_PROMPT=(venv-ardupilot) /usr/bin/cmake --build /home/sberk/Desktop/paralel/build/paralel -- -j8 -l8
[10.870s] Invoking command in '/home/sberk/Desktop/paralel/build/paralel': CMAKE_PREFIX_PATH=/home/sberk/Desktop/paralel/install/sift_interfaces:/home/sberk/Desktop/paralel/install/paralel:/opt/ros/jazzy/opt/gz_sim_vendor:/opt/ros/jazzy/opt/gz_sensors_vendor:/opt/ros/jazzy/opt/gz_physics_vendor:/opt/ros/jazzy/opt/sdformat_vendor:/opt/ros/jazzy/opt/gz_gui_vendor:/opt/ros/jazzy/opt/gz_transport_vendor:/opt/ros/jazzy/opt/gz_rendering_vendor:/opt/ros/jazzy/opt/gz_plugin_vendor:/opt/ros/jazzy/opt/gz_fuel_tools_vendor:/opt/ros/jazzy/opt/gz_msgs_vendor:/opt/ros/jazzy/opt/gz_common_vendor:/opt/ros/jazzy/opt/gz_math_vendor:/opt/ros/jazzy/opt/gz_utils_vendor:/opt/ros/jazzy/opt/gz_tools_vendor:/opt/ros/jazzy/opt/gz_ogre_next_vendor:/opt/ros/jazzy/opt/gz_dartsim_vendor:/opt/ros/jazzy/opt/gz_cmake_vendor:/home/sberk/Desktop/paralel/install/parallel:/home/sberk/Desktop/paralel/install/sequential:/opt/ros/jazzy DEBUGINFOD_URLS=https://debuginfod.ubuntu.com PYTHONPATH=/home/sberk/Desktop/paralel/install/sift_interfaces/lib/python3.12/site-packages:/home/sberk/Desktop/paralel/install/parallel/lib/python3.12/site-packages:/home/sberk/Desktop/paralel/install/sequential/lib/python3.12/site-packages:/opt/ros/jazzy/lib/python3.12/site-packages VIRTUAL_ENV_PROMPT=(venv-ardupilot) /usr/bin/cmake --install /home/sberk/Desktop/paralel/build/paralel
[10.882s] -- Install configuration: ""
[10.882s] -- Installing: /home/sberk/Desktop/paralel/install/paralel/lib/paralel/sift_publisher
[10.887s] -- Set non-toolchain portion of runtime path of "/home/sberk/Desktop/paralel/install/paralel/lib/paralel/sift_publisher" to ""
[10.887s] -- Up-to-date: /home/sberk/Desktop/paralel/install/paralel/lib/paralel/flann_subscriber
[10.888s] -- Up-to-date: /home/sberk/Desktop/paralel/install/paralel/share/paralel/launch
[10.888s] -- Up-to-date: /home/sberk/Desktop/paralel/install/paralel/share/paralel/launch/sift_matching.launch.py
[10.889s] -- Up-to-date: /home/sberk/Desktop/paralel/install/paralel/include
[10.889s] -- Up-to-date: /home/sberk/Desktop/paralel/install/paralel/include/paralel
[10.889s] -- Up-to-date: /home/sberk/Desktop/paralel/install/paralel/include/paralel/cuda_kernels.hpp
[10.889s] -- Up-to-date: /home/sberk/Desktop/paralel/install/paralel/include/paralel/perf_tracker.hpp
[10.889s] -- Up-to-date: /home/sberk/Desktop/paralel/install/paralel/share/ament_index/resource_index/package_run_dependencies/paralel
[10.889s] -- Up-to-date: /home/sberk/Desktop/paralel/install/paralel/share/ament_index/resource_index/parent_prefix_path/paralel
[10.889s] -- Up-to-date: /home/sberk/Desktop/paralel/install/paralel/share/paralel/environment/ament_prefix_path.sh
[10.890s] -- Up-to-date: /home/sberk/Desktop/paralel/install/paralel/share/paralel/environment/ament_prefix_path.dsv
[10.890s] -- Up-to-date: /home/sberk/Desktop/paralel/install/paralel/share/paralel/environment/path.sh
[10.890s] -- Up-to-date: /home/sberk/Desktop/paralel/install/paralel/share/paralel/environment/path.dsv
[10.890s] -- Up-to-date: /home/sberk/Desktop/paralel/install/paralel/share/paralel/local_setup.bash
[10.890s] -- Up-to-date: /home/sberk/Desktop/paralel/install/paralel/share/paralel/local_setup.sh
[10.890s] -- Up-to-date: /home/sberk/Desktop/paralel/install/paralel/share/paralel/local_setup.zsh
[10.891s] -- Up-to-date: /home/sberk/Desktop/paralel/install/paralel/share/paralel/local_setup.dsv
[10.893s] -- Installing: /home/sberk/Desktop/paralel/install/paralel/share/paralel/package.dsv
[10.893s] -- Up-to-date: /home/sberk/Desktop/paralel/install/paralel/share/ament_index/resource_index/packages/paralel
[10.894s] -- Up-to-date: /home/sberk/Desktop/paralel/install/paralel/share/paralel/cmake/paralelConfig.cmake
[10.894s] -- Up-to-date: /home/sberk/Desktop/paralel/install/paralel/share/paralel/cmake/paralelConfig-version.cmake
[10.894s] -- Up-to-date: /home/sberk/Desktop/paralel/install/paralel/share/paralel/package.xml
[10.895s] Invoked command in '/home/sberk/Desktop/paralel/build/paralel' returned '0': CMAKE_PREFIX_PATH=/home/sberk/Desktop/paralel/install/sift_interfaces:/home/sberk/Desktop/paralel/install/paralel:/opt/ros/jazzy/opt/gz_sim_vendor:/opt/ros/jazzy/opt/gz_sensors_vendor:/opt/ros/jazzy/opt/gz_physics_vendor:/opt/ros/jazzy/opt/sdformat_vendor:/opt/ros/jazzy/opt/gz_gui_vendor:/opt/ros/jazzy/opt/gz_transport_vendor:/opt/ros/jazzy/opt/gz_rendering_vendor:/opt/ros/jazzy/opt/gz_plugin_vendor:/opt/ros/jazzy/opt/gz_fuel_tools_vendor:/opt/ros/jazzy/opt/gz_msgs_vendor:/opt/ros/jazzy/opt/gz_common_vendor:/opt/ros/jazzy/opt/gz_math_vendor:/opt/ros/jazzy/opt/gz_utils_vendor:/opt/ros/jazzy/opt/gz_tools_vendor:/opt/ros/jazzy/opt/gz_ogre_next_vendor:/opt/ros/jazzy/opt/gz_dartsim_vendor:/opt/ros/jazzy/opt/gz_cmake_vendor:/home/sberk/Desktop/paralel/install/parallel:/home/sberk/Desktop/paralel/install/sequential:/opt/ros/jazzy DEBUGINFOD_URLS=https://debuginfod.ubuntu.com PYTHONPATH=/home/sberk/Desktop/paralel/install/sift_interfaces/lib/python3.12/site-packages:/home/sberk/Desktop/paralel/install/parallel/lib/python3.12/site-packages:/home/sberk/Desktop/paralel/install/sequential/lib/python3.12/site-packages:/opt/ros/jazzy/lib/python3.12/site-packages VIRTUAL_ENV_PROMPT=(venv-ardupilot) /usr/bin/cmake --install /home/sberk/Desktop/paralel/build/paralel
