/home/sberk/Desktop/paralel/install/sequential/lib/python3.12/site-packages/sequential/__init__.py
/home/sberk/Desktop/paralel/install/sequential/lib/python3.12/site-packages/sequential/flann_subscriber.py
/home/sberk/Desktop/paralel/install/sequential/lib/python3.12/site-packages/sequential/sift_publisher.py
/home/sberk/Desktop/paralel/install/sequential/lib/python3.12/site-packages/sequential/perf_utils.py
/home/sberk/Desktop/paralel/install/sequential/lib/python3.12/site-packages/sequential/__pycache__/__init__.cpython-312.pyc
/home/sberk/Desktop/paralel/install/sequential/lib/python3.12/site-packages/sequential/__pycache__/flann_subscriber.cpython-312.pyc
/home/sberk/Desktop/paralel/install/sequential/lib/python3.12/site-packages/sequential/__pycache__/sift_publisher.cpython-312.pyc
/home/sberk/Desktop/paralel/install/sequential/lib/python3.12/site-packages/sequential/__pycache__/perf_utils.cpython-312.pyc
/home/sberk/Desktop/paralel/install/sequential/share/ament_index/resource_index/packages/sequential
/home/sberk/Desktop/paralel/install/sequential/share/sequential/package.xml
/home/sberk/Desktop/paralel/install/sequential/share/sequential/launch/sift_matching.launch.py
/home/sberk/Desktop/paralel/install/sequential/lib/python3.12/site-packages/sequential-0.0.1-py3.12.egg-info/top_level.txt
/home/sberk/Desktop/paralel/install/sequential/lib/python3.12/site-packages/sequential-0.0.1-py3.12.egg-info/entry_points.txt
/home/sberk/Desktop/paralel/install/sequential/lib/python3.12/site-packages/sequential-0.0.1-py3.12.egg-info/PKG-INFO
/home/sberk/Desktop/paralel/install/sequential/lib/python3.12/site-packages/sequential-0.0.1-py3.12.egg-info/dependency_links.txt
/home/sberk/Desktop/paralel/install/sequential/lib/python3.12/site-packages/sequential-0.0.1-py3.12.egg-info/requires.txt
/home/sberk/Desktop/paralel/install/sequential/lib/python3.12/site-packages/sequential-0.0.1-py3.12.egg-info/zip-safe
/home/sberk/Desktop/paralel/install/sequential/lib/python3.12/site-packages/sequential-0.0.1-py3.12.egg-info/SOURCES.txt
/home/sberk/Desktop/paralel/install/sequential/lib/sequential/flann_subscriber
/home/sberk/Desktop/paralel/install/sequential/lib/sequential/sift_publisher
