[0.138s] DEBUG:colcon:Command line arguments: ['/usr/bin/colcon', 'build', '--packages-select', 'paralel']
[0.138s] DEBUG:colcon:Parsed command line arguments: Namespace(log_base=None, log_level=None, verb_name='build', build_base='build', install_base='install', merge_install=False, symlink_install=False, test_result_base=None, continue_on_error=False, executor='parallel', parallel_workers=8, event_handlers=None, ignore_user_meta=False, metas=['./colcon.meta'], base_paths=['.'], packages_ignore=None, packages_ignore_regex=None, paths=None, packages_up_to=None, packages_up_to_regex=None, packages_above=None, packages_above_and_dependencies=None, packages_above_depth=None, packages_select_by_dep=None, packages_skip_by_dep=None, packages_skip_up_to=None, packages_select_build_failed=False, packages_skip_build_finished=False, packages_select_test_failures=False, packages_skip_test_passed=False, packages_select=['paralel'], packages_skip=None, packages_select_regex=None, packages_skip_regex=None, packages_start=None, packages_end=None, allow_overriding=[], cmake_args=None, cmake_target=None, cmake_target_skip_unavailable=False, cmake_clean_cache=False, cmake_clean_first=False, cmake_force_configure=False, ament_cmake_args=None, catkin_cmake_args=None, catkin_skip_building_tests=False, mixin_files=None, mixin=None, verb_parser=<colcon_mixin.mixin.mixin_argument.MixinArgumentDecorator object at 0x7f675ba7d8b0>, verb_extension=<colcon_core.verb.build.BuildVerb object at 0x7f675b08ae40>, main=<bound method BuildVerb.main of <colcon_core.verb.build.BuildVerb object at 0x7f675b08ae40>>, mixin_verb=('build',))
[0.198s] Level 1:colcon.colcon_core.package_discovery:discover_packages(colcon_meta) check parameters
[0.198s] Level 1:colcon.colcon_core.package_discovery:discover_packages(recursive) check parameters
[0.198s] Level 1:colcon.colcon_core.package_discovery:discover_packages(ignore) check parameters
[0.198s] Level 1:colcon.colcon_core.package_discovery:discover_packages(path) check parameters
[0.198s] Level 1:colcon.colcon_core.package_discovery:discover_packages(colcon_meta) discover
[0.198s] Level 1:colcon.colcon_core.package_discovery:discover_packages(recursive) discover
[0.198s] INFO:colcon.colcon_core.package_discovery:Crawling recursively for packages in '/home/sberk/Desktop/paralel'
[0.199s] Level 1:colcon.colcon_core.package_identification:_identify(.) by extensions ['ignore', 'ignore_ament_install']
[0.199s] Level 1:colcon.colcon_core.package_identification:_identify(.) by extension 'ignore'
[0.199s] Level 1:colcon.colcon_core.package_identification:_identify(.) by extension 'ignore_ament_install'
[0.199s] Level 1:colcon.colcon_core.package_identification:_identify(.) by extensions ['colcon_pkg']
[0.199s] Level 1:colcon.colcon_core.package_identification:_identify(.) by extension 'colcon_pkg'
[0.199s] Level 1:colcon.colcon_core.package_identification:_identify(.) by extensions ['colcon_meta']
[0.199s] Level 1:colcon.colcon_core.package_identification:_identify(.) by extension 'colcon_meta'
[0.199s] Level 1:colcon.colcon_core.package_identification:_identify(.) by extensions ['ros']
[0.199s] Level 1:colcon.colcon_core.package_identification:_identify(.) by extension 'ros'
[0.236s] Level 1:colcon.colcon_core.package_identification:_identify(.) by extensions ['cmake', 'python']
[0.237s] Level 1:colcon.colcon_core.package_identification:_identify(.) by extension 'cmake'
[0.237s] Level 1:colcon.colcon_core.package_identification:_identify(.) by extension 'python'
[0.237s] Level 1:colcon.colcon_core.package_identification:_identify(.) by extensions ['python_setup_py']
[0.237s] Level 1:colcon.colcon_core.package_identification:_identify(.) by extension 'python_setup_py'
[0.237s] Level 1:colcon.colcon_core.package_identification:_identify(build) by extensions ['ignore', 'ignore_ament_install']
[0.237s] Level 1:colcon.colcon_core.package_identification:_identify(build) by extension 'ignore'
[0.237s] Level 1:colcon.colcon_core.package_identification:_identify(build) ignored
[0.237s] Level 1:colcon.colcon_core.package_identification:_identify(install) by extensions ['ignore', 'ignore_ament_install']
[0.238s] Level 1:colcon.colcon_core.package_identification:_identify(install) by extension 'ignore'
[0.238s] Level 1:colcon.colcon_core.package_identification:_identify(install) ignored
[0.238s] Level 1:colcon.colcon_core.package_identification:_identify(log) by extensions ['ignore', 'ignore_ament_install']
[0.238s] Level 1:colcon.colcon_core.package_identification:_identify(log) by extension 'ignore'
[0.238s] Level 1:colcon.colcon_core.package_identification:_identify(log) ignored
[0.238s] Level 1:colcon.colcon_core.package_identification:_identify(src) by extensions ['ignore', 'ignore_ament_install']
[0.238s] Level 1:colcon.colcon_core.package_identification:_identify(src) by extension 'ignore'
[0.238s] Level 1:colcon.colcon_core.package_identification:_identify(src) by extension 'ignore_ament_install'
[0.238s] Level 1:colcon.colcon_core.package_identification:_identify(src) by extensions ['colcon_pkg']
[0.238s] Level 1:colcon.colcon_core.package_identification:_identify(src) by extension 'colcon_pkg'
[0.238s] Level 1:colcon.colcon_core.package_identification:_identify(src) by extensions ['colcon_meta']
[0.238s] Level 1:colcon.colcon_core.package_identification:_identify(src) by extension 'colcon_meta'
[0.238s] Level 1:colcon.colcon_core.package_identification:_identify(src) by extensions ['ros']
[0.239s] Level 1:colcon.colcon_core.package_identification:_identify(src) by extension 'ros'
[0.239s] Level 1:colcon.colcon_core.package_identification:_identify(src) by extensions ['cmake', 'python']
[0.239s] Level 1:colcon.colcon_core.package_identification:_identify(src) by extension 'cmake'
[0.239s] Level 1:colcon.colcon_core.package_identification:_identify(src) by extension 'python'
[0.239s] Level 1:colcon.colcon_core.package_identification:_identify(src) by extensions ['python_setup_py']
[0.239s] Level 1:colcon.colcon_core.package_identification:_identify(src) by extension 'python_setup_py'
[0.239s] Level 1:colcon.colcon_core.package_identification:_identify(src/paralel) by extensions ['ignore', 'ignore_ament_install']
[0.239s] Level 1:colcon.colcon_core.package_identification:_identify(src/paralel) by extension 'ignore'
[0.239s] Level 1:colcon.colcon_core.package_identification:_identify(src/paralel) by extension 'ignore_ament_install'
[0.239s] Level 1:colcon.colcon_core.package_identification:_identify(src/paralel) by extensions ['colcon_pkg']
[0.239s] Level 1:colcon.colcon_core.package_identification:_identify(src/paralel) by extension 'colcon_pkg'
[0.239s] Level 1:colcon.colcon_core.package_identification:_identify(src/paralel) by extensions ['colcon_meta']
[0.239s] Level 1:colcon.colcon_core.package_identification:_identify(src/paralel) by extension 'colcon_meta'
[0.239s] Level 1:colcon.colcon_core.package_identification:_identify(src/paralel) by extensions ['ros']
[0.239s] Level 1:colcon.colcon_core.package_identification:_identify(src/paralel) by extension 'ros'
[0.242s] DEBUG:colcon.colcon_core.package_identification:Package 'src/paralel' with type 'ros.ament_cmake' and name 'paralel'
[0.242s] Level 1:colcon.colcon_core.package_identification:_identify(src/parallel) by extensions ['ignore', 'ignore_ament_install']
[0.242s] Level 1:colcon.colcon_core.package_identification:_identify(src/parallel) by extension 'ignore'
[0.242s] Level 1:colcon.colcon_core.package_identification:_identify(src/parallel) by extension 'ignore_ament_install'
[0.242s] Level 1:colcon.colcon_core.package_identification:_identify(src/parallel) by extensions ['colcon_pkg']
[0.242s] Level 1:colcon.colcon_core.package_identification:_identify(src/parallel) by extension 'colcon_pkg'
[0.243s] Level 1:colcon.colcon_core.package_identification:_identify(src/parallel) by extensions ['colcon_meta']
[0.243s] Level 1:colcon.colcon_core.package_identification:_identify(src/parallel) by extension 'colcon_meta'
[0.243s] Level 1:colcon.colcon_core.package_identification:_identify(src/parallel) by extensions ['ros']
[0.243s] Level 1:colcon.colcon_core.package_identification:_identify(src/parallel) by extension 'ros'
[0.244s] DEBUG:colcon.colcon_core.package_identification:Package 'src/parallel' with type 'ros.ament_python' and name 'parallel'
[0.244s] Level 1:colcon.colcon_core.package_identification:_identify(src/sequential) by extensions ['ignore', 'ignore_ament_install']
[0.244s] Level 1:colcon.colcon_core.package_identification:_identify(src/sequential) by extension 'ignore'
[0.244s] Level 1:colcon.colcon_core.package_identification:_identify(src/sequential) by extension 'ignore_ament_install'
[0.245s] Level 1:colcon.colcon_core.package_identification:_identify(src/sequential) by extensions ['colcon_pkg']
[0.245s] Level 1:colcon.colcon_core.package_identification:_identify(src/sequential) by extension 'colcon_pkg'
[0.245s] Level 1:colcon.colcon_core.package_identification:_identify(src/sequential) by extensions ['colcon_meta']
[0.245s] Level 1:colcon.colcon_core.package_identification:_identify(src/sequential) by extension 'colcon_meta'
[0.245s] Level 1:colcon.colcon_core.package_identification:_identify(src/sequential) by extensions ['ros']
[0.245s] Level 1:colcon.colcon_core.package_identification:_identify(src/sequential) by extension 'ros'
[0.246s] DEBUG:colcon.colcon_core.package_identification:Package 'src/sequential' with type 'ros.ament_python' and name 'sequential'
[0.247s] Level 1:colcon.colcon_core.package_identification:_identify(src/sift_interfaces) by extensions ['ignore', 'ignore_ament_install']
[0.247s] Level 1:colcon.colcon_core.package_identification:_identify(src/sift_interfaces) by extension 'ignore'
[0.247s] Level 1:colcon.colcon_core.package_identification:_identify(src/sift_interfaces) by extension 'ignore_ament_install'
[0.248s] Level 1:colcon.colcon_core.package_identification:_identify(src/sift_interfaces) by extensions ['colcon_pkg']
[0.248s] Level 1:colcon.colcon_core.package_identification:_identify(src/sift_interfaces) by extension 'colcon_pkg'
[0.248s] Level 1:colcon.colcon_core.package_identification:_identify(src/sift_interfaces) by extensions ['colcon_meta']
[0.248s] Level 1:colcon.colcon_core.package_identification:_identify(src/sift_interfaces) by extension 'colcon_meta'
[0.248s] Level 1:colcon.colcon_core.package_identification:_identify(src/sift_interfaces) by extensions ['ros']
[0.248s] Level 1:colcon.colcon_core.package_identification:_identify(src/sift_interfaces) by extension 'ros'
[0.249s] DEBUG:colcon.colcon_core.package_identification:Package 'src/sift_interfaces' with type 'ros.ament_cmake' and name 'sift_interfaces'
[0.249s] Level 1:colcon.colcon_core.package_discovery:discover_packages(recursive) using defaults
[0.249s] Level 1:colcon.colcon_core.package_discovery:discover_packages(ignore) discover
[0.249s] Level 1:colcon.colcon_core.package_discovery:discover_packages(ignore) using defaults
[0.249s] Level 1:colcon.colcon_core.package_discovery:discover_packages(path) discover
[0.249s] Level 1:colcon.colcon_core.package_discovery:discover_packages(path) using defaults
[0.270s] INFO:colcon.colcon_core.package_selection:Skipping not selected package 'sift_interfaces' in 'src/sift_interfaces'
[0.270s] INFO:colcon.colcon_core.package_selection:Skipping not selected package 'parallel' in 'src/parallel'
[0.271s] INFO:colcon.colcon_core.package_selection:Skipping not selected package 'sequential' in 'src/sequential'
[0.271s] Level 1:colcon.colcon_core.package_discovery:discover_packages(prefix_path) check parameters
[0.271s] Level 1:colcon.colcon_core.package_discovery:discover_packages(prefix_path) discover
[0.273s] DEBUG:colcon.colcon_installed_package_information.package_discovery:Found 4 installed packages in /home/sberk/Desktop/paralel/install
[0.275s] DEBUG:colcon.colcon_installed_package_information.package_discovery:Found 328 installed packages in /opt/ros/jazzy
[0.279s] Level 1:colcon.colcon_core.package_discovery:discover_packages(prefix_path) using defaults
[0.336s] Level 5:colcon.colcon_core.verb:set package 'paralel' build argument 'cmake_args' from command line to 'None'
[0.336s] Level 5:colcon.colcon_core.verb:set package 'paralel' build argument 'cmake_target' from command line to 'None'
[0.336s] Level 5:colcon.colcon_core.verb:set package 'paralel' build argument 'cmake_target_skip_unavailable' from command line to 'False'
[0.336s] Level 5:colcon.colcon_core.verb:set package 'paralel' build argument 'cmake_clean_cache' from command line to 'False'
[0.336s] Level 5:colcon.colcon_core.verb:set package 'paralel' build argument 'cmake_clean_first' from command line to 'False'
[0.337s] Level 5:colcon.colcon_core.verb:set package 'paralel' build argument 'cmake_force_configure' from command line to 'False'
[0.337s] Level 5:colcon.colcon_core.verb:set package 'paralel' build argument 'ament_cmake_args' from command line to 'None'
[0.337s] Level 5:colcon.colcon_core.verb:set package 'paralel' build argument 'catkin_cmake_args' from command line to 'None'
[0.337s] Level 5:colcon.colcon_core.verb:set package 'paralel' build argument 'catkin_skip_building_tests' from command line to 'False'
[0.337s] DEBUG:colcon.colcon_core.verb:Building package 'paralel' with the following arguments: {'ament_cmake_args': None, 'build_base': '/home/sberk/Desktop/paralel/build/paralel', 'catkin_cmake_args': None, 'catkin_skip_building_tests': False, 'cmake_args': None, 'cmake_clean_cache': False, 'cmake_clean_first': False, 'cmake_force_configure': False, 'cmake_target': None, 'cmake_target_skip_unavailable': False, 'install_base': '/home/sberk/Desktop/paralel/install/paralel', 'merge_install': False, 'path': '/home/sberk/Desktop/paralel/src/paralel', 'symlink_install': False, 'test_result_base': None}
[0.337s] INFO:colcon.colcon_core.executor:Executing jobs using 'parallel' executor
[0.338s] DEBUG:colcon.colcon_parallel_executor.executor.parallel:run_until_complete
[0.338s] INFO:colcon.colcon_ros.task.ament_cmake.build:Building ROS package in '/home/sberk/Desktop/paralel/src/paralel' with build type 'ament_cmake'
[0.338s] INFO:colcon.colcon_cmake.task.cmake.build:Building CMake package in '/home/sberk/Desktop/paralel/src/paralel'
[0.339s] INFO:colcon.colcon_core.plugin_system:Skipping extension 'colcon_core.shell.bat': Not used on non-Windows systems
[0.340s] INFO:colcon.colcon_core.shell:Skip shell extension 'powershell' for command environment: Not usable outside of PowerShell
[0.340s] DEBUG:colcon.colcon_core.shell:Skip shell extension 'dsv' for command environment
[0.356s] DEBUG:colcon.colcon_core.event_handler.log_command:Invoking command in '/home/sberk/Desktop/paralel/build/paralel': CMAKE_PREFIX_PATH=/home/sberk/Desktop/paralel/install/sift_interfaces:/home/sberk/Desktop/paralel/install/paralel:/opt/ros/jazzy/opt/gz_sim_vendor:/opt/ros/jazzy/opt/gz_sensors_vendor:/opt/ros/jazzy/opt/gz_physics_vendor:/opt/ros/jazzy/opt/sdformat_vendor:/opt/ros/jazzy/opt/gz_gui_vendor:/opt/ros/jazzy/opt/gz_transport_vendor:/opt/ros/jazzy/opt/gz_rendering_vendor:/opt/ros/jazzy/opt/gz_plugin_vendor:/opt/ros/jazzy/opt/gz_fuel_tools_vendor:/opt/ros/jazzy/opt/gz_msgs_vendor:/opt/ros/jazzy/opt/gz_common_vendor:/opt/ros/jazzy/opt/gz_math_vendor:/opt/ros/jazzy/opt/gz_utils_vendor:/opt/ros/jazzy/opt/gz_tools_vendor:/opt/ros/jazzy/opt/gz_ogre_next_vendor:/opt/ros/jazzy/opt/gz_dartsim_vendor:/opt/ros/jazzy/opt/gz_cmake_vendor:/home/sberk/Desktop/paralel/install/sequential:/home/sberk/Desktop/paralel/install/parallel:/opt/ros/jazzy DEBUGINFOD_URLS=https://debuginfod.ubuntu.com PYTHONPATH=/home/sberk/Desktop/paralel/install/sift_interfaces/lib/python3.12/site-packages:/home/sberk/Desktop/paralel/install/sequential/lib/python3.12/site-packages:/home/sberk/Desktop/paralel/install/parallel/lib/python3.12/site-packages:/opt/ros/jazzy/lib/python3.12/site-packages VIRTUAL_ENV_PROMPT=(venv-ardupilot) /usr/bin/cmake --build /home/sberk/Desktop/paralel/build/paralel -- -j8 -l8
[5.765s] DEBUG:colcon.colcon_core.event_handler.log_command:Invoked command in '/home/sberk/Desktop/paralel/build/paralel' returned '0': CMAKE_PREFIX_PATH=/home/sberk/Desktop/paralel/install/sift_interfaces:/home/sberk/Desktop/paralel/install/paralel:/opt/ros/jazzy/opt/gz_sim_vendor:/opt/ros/jazzy/opt/gz_sensors_vendor:/opt/ros/jazzy/opt/gz_physics_vendor:/opt/ros/jazzy/opt/sdformat_vendor:/opt/ros/jazzy/opt/gz_gui_vendor:/opt/ros/jazzy/opt/gz_transport_vendor:/opt/ros/jazzy/opt/gz_rendering_vendor:/opt/ros/jazzy/opt/gz_plugin_vendor:/opt/ros/jazzy/opt/gz_fuel_tools_vendor:/opt/ros/jazzy/opt/gz_msgs_vendor:/opt/ros/jazzy/opt/gz_common_vendor:/opt/ros/jazzy/opt/gz_math_vendor:/opt/ros/jazzy/opt/gz_utils_vendor:/opt/ros/jazzy/opt/gz_tools_vendor:/opt/ros/jazzy/opt/gz_ogre_next_vendor:/opt/ros/jazzy/opt/gz_dartsim_vendor:/opt/ros/jazzy/opt/gz_cmake_vendor:/home/sberk/Desktop/paralel/install/sequential:/home/sberk/Desktop/paralel/install/parallel:/opt/ros/jazzy DEBUGINFOD_URLS=https://debuginfod.ubuntu.com PYTHONPATH=/home/sberk/Desktop/paralel/install/sift_interfaces/lib/python3.12/site-packages:/home/sberk/Desktop/paralel/install/sequential/lib/python3.12/site-packages:/home/sberk/Desktop/paralel/install/parallel/lib/python3.12/site-packages:/opt/ros/jazzy/lib/python3.12/site-packages VIRTUAL_ENV_PROMPT=(venv-ardupilot) /usr/bin/cmake --build /home/sberk/Desktop/paralel/build/paralel -- -j8 -l8
[5.778s] DEBUG:colcon.colcon_core.event_handler.log_command:Invoking command in '/home/sberk/Desktop/paralel/build/paralel': CMAKE_PREFIX_PATH=/home/sberk/Desktop/paralel/install/sift_interfaces:/home/sberk/Desktop/paralel/install/paralel:/opt/ros/jazzy/opt/gz_sim_vendor:/opt/ros/jazzy/opt/gz_sensors_vendor:/opt/ros/jazzy/opt/gz_physics_vendor:/opt/ros/jazzy/opt/sdformat_vendor:/opt/ros/jazzy/opt/gz_gui_vendor:/opt/ros/jazzy/opt/gz_transport_vendor:/opt/ros/jazzy/opt/gz_rendering_vendor:/opt/ros/jazzy/opt/gz_plugin_vendor:/opt/ros/jazzy/opt/gz_fuel_tools_vendor:/opt/ros/jazzy/opt/gz_msgs_vendor:/opt/ros/jazzy/opt/gz_common_vendor:/opt/ros/jazzy/opt/gz_math_vendor:/opt/ros/jazzy/opt/gz_utils_vendor:/opt/ros/jazzy/opt/gz_tools_vendor:/opt/ros/jazzy/opt/gz_ogre_next_vendor:/opt/ros/jazzy/opt/gz_dartsim_vendor:/opt/ros/jazzy/opt/gz_cmake_vendor:/home/sberk/Desktop/paralel/install/sequential:/home/sberk/Desktop/paralel/install/parallel:/opt/ros/jazzy DEBUGINFOD_URLS=https://debuginfod.ubuntu.com PYTHONPATH=/home/sberk/Desktop/paralel/install/sift_interfaces/lib/python3.12/site-packages:/home/sberk/Desktop/paralel/install/sequential/lib/python3.12/site-packages:/home/sberk/Desktop/paralel/install/parallel/lib/python3.12/site-packages:/opt/ros/jazzy/lib/python3.12/site-packages VIRTUAL_ENV_PROMPT=(venv-ardupilot) /usr/bin/cmake --install /home/sberk/Desktop/paralel/build/paralel
[5.791s] Level 1:colcon.colcon_core.environment:create_environment_scripts_only(paralel)
[5.797s] DEBUG:colcon.colcon_core.event_handler.log_command:Invoked command in '/home/sberk/Desktop/paralel/build/paralel' returned '0': CMAKE_PREFIX_PATH=/home/sberk/Desktop/paralel/install/sift_interfaces:/home/sberk/Desktop/paralel/install/paralel:/opt/ros/jazzy/opt/gz_sim_vendor:/opt/ros/jazzy/opt/gz_sensors_vendor:/opt/ros/jazzy/opt/gz_physics_vendor:/opt/ros/jazzy/opt/sdformat_vendor:/opt/ros/jazzy/opt/gz_gui_vendor:/opt/ros/jazzy/opt/gz_transport_vendor:/opt/ros/jazzy/opt/gz_rendering_vendor:/opt/ros/jazzy/opt/gz_plugin_vendor:/opt/ros/jazzy/opt/gz_fuel_tools_vendor:/opt/ros/jazzy/opt/gz_msgs_vendor:/opt/ros/jazzy/opt/gz_common_vendor:/opt/ros/jazzy/opt/gz_math_vendor:/opt/ros/jazzy/opt/gz_utils_vendor:/opt/ros/jazzy/opt/gz_tools_vendor:/opt/ros/jazzy/opt/gz_ogre_next_vendor:/opt/ros/jazzy/opt/gz_dartsim_vendor:/opt/ros/jazzy/opt/gz_cmake_vendor:/home/sberk/Desktop/paralel/install/sequential:/home/sberk/Desktop/paralel/install/parallel:/opt/ros/jazzy DEBUGINFOD_URLS=https://debuginfod.ubuntu.com PYTHONPATH=/home/sberk/Desktop/paralel/install/sift_interfaces/lib/python3.12/site-packages:/home/sberk/Desktop/paralel/install/sequential/lib/python3.12/site-packages:/home/sberk/Desktop/paralel/install/parallel/lib/python3.12/site-packages:/opt/ros/jazzy/lib/python3.12/site-packages VIRTUAL_ENV_PROMPT=(venv-ardupilot) /usr/bin/cmake --install /home/sberk/Desktop/paralel/build/paralel
[5.798s] Level 1:colcon.colcon_core.environment:checking '/home/sberk/Desktop/paralel/install/paralel' for CMake module files
[5.798s] Level 1:colcon.colcon_core.environment:checking '/home/sberk/Desktop/paralel/install/paralel' for CMake config files
[5.799s] Level 1:colcon.colcon_core.shell:create_environment_hook('paralel', 'cmake_prefix_path')
[5.799s] INFO:colcon.colcon_core.shell:Creating environment hook '/home/sberk/Desktop/paralel/install/paralel/share/paralel/hook/cmake_prefix_path.ps1'
[5.799s] INFO:colcon.colcon_core.shell:Creating environment descriptor '/home/sberk/Desktop/paralel/install/paralel/share/paralel/hook/cmake_prefix_path.dsv'
[5.800s] INFO:colcon.colcon_core.shell:Creating environment hook '/home/sberk/Desktop/paralel/install/paralel/share/paralel/hook/cmake_prefix_path.sh'
[5.801s] Level 1:colcon.colcon_core.environment:checking '/home/sberk/Desktop/paralel/install/paralel/lib'
[5.802s] Level 1:colcon.colcon_core.environment:checking '/home/sberk/Desktop/paralel/install/paralel/bin'
[5.802s] Level 1:colcon.colcon_core.environment:checking '/home/sberk/Desktop/paralel/install/paralel/lib/pkgconfig/paralel.pc'
[5.802s] Level 1:colcon.colcon_core.environment:checking '/home/sberk/Desktop/paralel/install/paralel/lib/python3.12/site-packages'
[5.802s] Level 1:colcon.colcon_core.environment:checking '/home/sberk/Desktop/paralel/install/paralel/bin'
[5.803s] INFO:colcon.colcon_core.shell:Creating package script '/home/sberk/Desktop/paralel/install/paralel/share/paralel/package.ps1'
[5.804s] INFO:colcon.colcon_core.shell:Creating package descriptor '/home/sberk/Desktop/paralel/install/paralel/share/paralel/package.dsv'
[5.805s] INFO:colcon.colcon_core.shell:Creating package script '/home/sberk/Desktop/paralel/install/paralel/share/paralel/package.sh'
[5.805s] INFO:colcon.colcon_core.shell:Creating package script '/home/sberk/Desktop/paralel/install/paralel/share/paralel/package.bash'
[5.806s] INFO:colcon.colcon_core.shell:Creating package script '/home/sberk/Desktop/paralel/install/paralel/share/paralel/package.zsh'
[5.806s] Level 1:colcon.colcon_core.environment:create_file_with_runtime_dependencies(/home/sberk/Desktop/paralel/install/paralel/share/colcon-core/packages/paralel)
[5.807s] Level 1:colcon.colcon_core.environment:create_environment_scripts_only(paralel)
[5.807s] Level 1:colcon.colcon_core.environment:checking '/home/sberk/Desktop/paralel/install/paralel' for CMake module files
[5.808s] Level 1:colcon.colcon_core.environment:checking '/home/sberk/Desktop/paralel/install/paralel' for CMake config files
[5.808s] Level 1:colcon.colcon_core.shell:create_environment_hook('paralel', 'cmake_prefix_path')
[5.809s] INFO:colcon.colcon_core.shell:Creating environment hook '/home/sberk/Desktop/paralel/install/paralel/share/paralel/hook/cmake_prefix_path.ps1'
[5.809s] INFO:colcon.colcon_core.shell:Creating environment descriptor '/home/sberk/Desktop/paralel/install/paralel/share/paralel/hook/cmake_prefix_path.dsv'
[5.810s] INFO:colcon.colcon_core.shell:Creating environment hook '/home/sberk/Desktop/paralel/install/paralel/share/paralel/hook/cmake_prefix_path.sh'
[5.810s] Level 1:colcon.colcon_core.environment:checking '/home/sberk/Desktop/paralel/install/paralel/lib'
[5.810s] Level 1:colcon.colcon_core.environment:checking '/home/sberk/Desktop/paralel/install/paralel/bin'
[5.810s] Level 1:colcon.colcon_core.environment:checking '/home/sberk/Desktop/paralel/install/paralel/lib/pkgconfig/paralel.pc'
[5.811s] Level 1:colcon.colcon_core.environment:checking '/home/sberk/Desktop/paralel/install/paralel/lib/python3.12/site-packages'
[5.811s] Level 1:colcon.colcon_core.environment:checking '/home/sberk/Desktop/paralel/install/paralel/bin'
[5.811s] INFO:colcon.colcon_core.shell:Creating package script '/home/sberk/Desktop/paralel/install/paralel/share/paralel/package.ps1'
[5.813s] INFO:colcon.colcon_core.shell:Creating package descriptor '/home/sberk/Desktop/paralel/install/paralel/share/paralel/package.dsv'
[5.814s] INFO:colcon.colcon_core.shell:Creating package script '/home/sberk/Desktop/paralel/install/paralel/share/paralel/package.sh'
[5.816s] INFO:colcon.colcon_core.shell:Creating package script '/home/sberk/Desktop/paralel/install/paralel/share/paralel/package.bash'
[5.817s] INFO:colcon.colcon_core.shell:Creating package script '/home/sberk/Desktop/paralel/install/paralel/share/paralel/package.zsh'
[5.817s] Level 1:colcon.colcon_core.environment:create_file_with_runtime_dependencies(/home/sberk/Desktop/paralel/install/paralel/share/colcon-core/packages/paralel)
[5.817s] DEBUG:colcon.colcon_parallel_executor.executor.parallel:closing loop
[5.818s] DEBUG:colcon.colcon_parallel_executor.executor.parallel:loop closed
[5.818s] DEBUG:colcon.colcon_parallel_executor.executor.parallel:run_until_complete finished with '0'
[5.819s] DEBUG:colcon.colcon_core.event_reactor:joining thread
[5.826s] INFO:colcon.colcon_core.plugin_system:Skipping extension 'colcon_notification.desktop_notification.terminal_notifier': Not used on non-Darwin systems
[5.827s] INFO:colcon.colcon_core.plugin_system:Skipping extension 'colcon_notification.desktop_notification.win32': Not used on non-Windows systems
[5.827s] INFO:colcon.colcon_notification.desktop_notification:Sending desktop notification using 'notify2'
[5.847s] DEBUG:colcon.colcon_core.event_reactor:joined thread
[5.847s] INFO:colcon.colcon_core.shell:Creating prefix script '/home/sberk/Desktop/paralel/install/local_setup.ps1'
[5.848s] INFO:colcon.colcon_core.shell:Creating prefix util module '/home/sberk/Desktop/paralel/install/_local_setup_util_ps1.py'
[5.849s] INFO:colcon.colcon_core.shell:Creating prefix chain script '/home/sberk/Desktop/paralel/install/setup.ps1'
[5.851s] INFO:colcon.colcon_core.shell:Creating prefix script '/home/sberk/Desktop/paralel/install/local_setup.sh'
[5.852s] INFO:colcon.colcon_core.shell:Creating prefix util module '/home/sberk/Desktop/paralel/install/_local_setup_util_sh.py'
[5.853s] INFO:colcon.colcon_core.shell:Creating prefix chain script '/home/sberk/Desktop/paralel/install/setup.sh'
[5.855s] INFO:colcon.colcon_core.shell:Creating prefix script '/home/sberk/Desktop/paralel/install/local_setup.bash'
[5.855s] INFO:colcon.colcon_core.shell:Creating prefix chain script '/home/sberk/Desktop/paralel/install/setup.bash'
[5.856s] INFO:colcon.colcon_core.shell:Creating prefix script '/home/sberk/Desktop/paralel/install/local_setup.zsh'
[5.856s] INFO:colcon.colcon_core.shell:Creating prefix chain script '/home/sberk/Desktop/paralel/install/setup.zsh'
