[0.186s] DEBUG:colcon:Command line arguments: ['/usr/bin/colcon', 'build', '--packages-select', 'paralel']
[0.186s] DEBUG:colcon:Parsed command line arguments: Namespace(log_base=None, log_level=None, verb_name='build', build_base='build', install_base='install', merge_install=False, symlink_install=False, test_result_base=None, continue_on_error=False, executor='parallel', parallel_workers=8, event_handlers=None, ignore_user_meta=False, metas=['./colcon.meta'], base_paths=['.'], packages_ignore=None, packages_ignore_regex=None, paths=None, packages_up_to=None, packages_up_to_regex=None, packages_above=None, packages_above_and_dependencies=None, packages_above_depth=None, packages_select_by_dep=None, packages_skip_by_dep=None, packages_skip_up_to=None, packages_select_build_failed=False, packages_skip_build_finished=False, packages_select_test_failures=False, packages_skip_test_passed=False, packages_select=['paralel'], packages_skip=None, packages_select_regex=None, packages_skip_regex=None, packages_start=None, packages_end=None, allow_overriding=[], cmake_args=None, cmake_target=None, cmake_target_skip_unavailable=False, cmake_clean_cache=False, cmake_clean_first=False, cmake_force_configure=False, ament_cmake_args=None, catkin_cmake_args=None, catkin_skip_building_tests=False, mixin_files=None, mixin=None, verb_parser=<colcon_mixin.mixin.mixin_argument.MixinArgumentDecorator object at 0x70d98a297770>, verb_extension=<colcon_core.verb.build.BuildVerb object at 0x70d98a2970e0>, main=<bound method BuildVerb.main of <colcon_core.verb.build.BuildVerb object at 0x70d98a2970e0>>, mixin_verb=('build',))
[0.268s] Level 1:colcon.colcon_core.package_discovery:discover_packages(colcon_meta) check parameters
[0.268s] Level 1:colcon.colcon_core.package_discovery:discover_packages(recursive) check parameters
[0.268s] Level 1:colcon.colcon_core.package_discovery:discover_packages(ignore) check parameters
[0.268s] Level 1:colcon.colcon_core.package_discovery:discover_packages(path) check parameters
[0.268s] Level 1:colcon.colcon_core.package_discovery:discover_packages(colcon_meta) discover
[0.269s] Level 1:colcon.colcon_core.package_discovery:discover_packages(recursive) discover
[0.269s] INFO:colcon.colcon_core.package_discovery:Crawling recursively for packages in '/home/sberk/Desktop/paralel'
[0.269s] Level 1:colcon.colcon_core.package_identification:_identify(.) by extensions ['ignore', 'ignore_ament_install']
[0.269s] Level 1:colcon.colcon_core.package_identification:_identify(.) by extension 'ignore'
[0.269s] Level 1:colcon.colcon_core.package_identification:_identify(.) by extension 'ignore_ament_install'
[0.269s] Level 1:colcon.colcon_core.package_identification:_identify(.) by extensions ['colcon_pkg']
[0.269s] Level 1:colcon.colcon_core.package_identification:_identify(.) by extension 'colcon_pkg'
[0.269s] Level 1:colcon.colcon_core.package_identification:_identify(.) by extensions ['colcon_meta']
[0.269s] Level 1:colcon.colcon_core.package_identification:_identify(.) by extension 'colcon_meta'
[0.269s] Level 1:colcon.colcon_core.package_identification:_identify(.) by extensions ['ros']
[0.269s] Level 1:colcon.colcon_core.package_identification:_identify(.) by extension 'ros'
[0.317s] Level 1:colcon.colcon_core.package_identification:_identify(.) by extensions ['cmake', 'python']
[0.317s] Level 1:colcon.colcon_core.package_identification:_identify(.) by extension 'cmake'
[0.317s] Level 1:colcon.colcon_core.package_identification:_identify(.) by extension 'python'
[0.317s] Level 1:colcon.colcon_core.package_identification:_identify(.) by extensions ['python_setup_py']
[0.317s] Level 1:colcon.colcon_core.package_identification:_identify(.) by extension 'python_setup_py'
[0.317s] Level 1:colcon.colcon_core.package_identification:_identify(build) by extensions ['ignore', 'ignore_ament_install']
[0.318s] Level 1:colcon.colcon_core.package_identification:_identify(build) by extension 'ignore'
[0.318s] Level 1:colcon.colcon_core.package_identification:_identify(build) ignored
[0.318s] Level 1:colcon.colcon_core.package_identification:_identify(install) by extensions ['ignore', 'ignore_ament_install']
[0.318s] Level 1:colcon.colcon_core.package_identification:_identify(install) by extension 'ignore'
[0.318s] Level 1:colcon.colcon_core.package_identification:_identify(install) ignored
[0.318s] Level 1:colcon.colcon_core.package_identification:_identify(log) by extensions ['ignore', 'ignore_ament_install']
[0.318s] Level 1:colcon.colcon_core.package_identification:_identify(log) by extension 'ignore'
[0.318s] Level 1:colcon.colcon_core.package_identification:_identify(log) ignored
[0.319s] Level 1:colcon.colcon_core.package_identification:_identify(src) by extensions ['ignore', 'ignore_ament_install']
[0.319s] Level 1:colcon.colcon_core.package_identification:_identify(src) by extension 'ignore'
[0.319s] Level 1:colcon.colcon_core.package_identification:_identify(src) by extension 'ignore_ament_install'
[0.319s] Level 1:colcon.colcon_core.package_identification:_identify(src) by extensions ['colcon_pkg']
[0.319s] Level 1:colcon.colcon_core.package_identification:_identify(src) by extension 'colcon_pkg'
[0.319s] Level 1:colcon.colcon_core.package_identification:_identify(src) by extensions ['colcon_meta']
[0.319s] Level 1:colcon.colcon_core.package_identification:_identify(src) by extension 'colcon_meta'
[0.319s] Level 1:colcon.colcon_core.package_identification:_identify(src) by extensions ['ros']
[0.319s] Level 1:colcon.colcon_core.package_identification:_identify(src) by extension 'ros'
[0.319s] Level 1:colcon.colcon_core.package_identification:_identify(src) by extensions ['cmake', 'python']
[0.319s] Level 1:colcon.colcon_core.package_identification:_identify(src) by extension 'cmake'
[0.319s] Level 1:colcon.colcon_core.package_identification:_identify(src) by extension 'python'
[0.319s] Level 1:colcon.colcon_core.package_identification:_identify(src) by extensions ['python_setup_py']
[0.320s] Level 1:colcon.colcon_core.package_identification:_identify(src) by extension 'python_setup_py'
[0.320s] Level 1:colcon.colcon_core.package_identification:_identify(src/paralel) by extensions ['ignore', 'ignore_ament_install']
[0.320s] Level 1:colcon.colcon_core.package_identification:_identify(src/paralel) by extension 'ignore'
[0.320s] Level 1:colcon.colcon_core.package_identification:_identify(src/paralel) by extension 'ignore_ament_install'
[0.320s] Level 1:colcon.colcon_core.package_identification:_identify(src/paralel) by extensions ['colcon_pkg']
[0.320s] Level 1:colcon.colcon_core.package_identification:_identify(src/paralel) by extension 'colcon_pkg'
[0.320s] Level 1:colcon.colcon_core.package_identification:_identify(src/paralel) by extensions ['colcon_meta']
[0.320s] Level 1:colcon.colcon_core.package_identification:_identify(src/paralel) by extension 'colcon_meta'
[0.320s] Level 1:colcon.colcon_core.package_identification:_identify(src/paralel) by extensions ['ros']
[0.320s] Level 1:colcon.colcon_core.package_identification:_identify(src/paralel) by extension 'ros'
[0.324s] DEBUG:colcon.colcon_core.package_identification:Package 'src/paralel' with type 'ros.ament_cmake' and name 'paralel'
[0.324s] Level 1:colcon.colcon_core.package_identification:_identify(src/parallel) by extensions ['ignore', 'ignore_ament_install']
[0.324s] Level 1:colcon.colcon_core.package_identification:_identify(src/parallel) by extension 'ignore'
[0.324s] Level 1:colcon.colcon_core.package_identification:_identify(src/parallel) by extension 'ignore_ament_install'
[0.325s] Level 1:colcon.colcon_core.package_identification:_identify(src/parallel) by extensions ['colcon_pkg']
[0.325s] Level 1:colcon.colcon_core.package_identification:_identify(src/parallel) by extension 'colcon_pkg'
[0.325s] Level 1:colcon.colcon_core.package_identification:_identify(src/parallel) by extensions ['colcon_meta']
[0.325s] Level 1:colcon.colcon_core.package_identification:_identify(src/parallel) by extension 'colcon_meta'
[0.325s] Level 1:colcon.colcon_core.package_identification:_identify(src/parallel) by extensions ['ros']
[0.325s] Level 1:colcon.colcon_core.package_identification:_identify(src/parallel) by extension 'ros'
[0.326s] DEBUG:colcon.colcon_core.package_identification:Package 'src/parallel' with type 'ros.ament_python' and name 'parallel'
[0.326s] Level 1:colcon.colcon_core.package_identification:_identify(src/sequential) by extensions ['ignore', 'ignore_ament_install']
[0.326s] Level 1:colcon.colcon_core.package_identification:_identify(src/sequential) by extension 'ignore'
[0.326s] Level 1:colcon.colcon_core.package_identification:_identify(src/sequential) by extension 'ignore_ament_install'
[0.326s] Level 1:colcon.colcon_core.package_identification:_identify(src/sequential) by extensions ['colcon_pkg']
[0.326s] Level 1:colcon.colcon_core.package_identification:_identify(src/sequential) by extension 'colcon_pkg'
[0.326s] Level 1:colcon.colcon_core.package_identification:_identify(src/sequential) by extensions ['colcon_meta']
[0.326s] Level 1:colcon.colcon_core.package_identification:_identify(src/sequential) by extension 'colcon_meta'
[0.327s] Level 1:colcon.colcon_core.package_identification:_identify(src/sequential) by extensions ['ros']
[0.327s] Level 1:colcon.colcon_core.package_identification:_identify(src/sequential) by extension 'ros'
[0.327s] DEBUG:colcon.colcon_core.package_identification:Package 'src/sequential' with type 'ros.ament_python' and name 'sequential'
[0.328s] Level 1:colcon.colcon_core.package_identification:_identify(src/sift_interfaces) by extensions ['ignore', 'ignore_ament_install']
[0.328s] Level 1:colcon.colcon_core.package_identification:_identify(src/sift_interfaces) by extension 'ignore'
[0.328s] Level 1:colcon.colcon_core.package_identification:_identify(src/sift_interfaces) by extension 'ignore_ament_install'
[0.328s] Level 1:colcon.colcon_core.package_identification:_identify(src/sift_interfaces) by extensions ['colcon_pkg']
[0.328s] Level 1:colcon.colcon_core.package_identification:_identify(src/sift_interfaces) by extension 'colcon_pkg'
[0.328s] Level 1:colcon.colcon_core.package_identification:_identify(src/sift_interfaces) by extensions ['colcon_meta']
[0.328s] Level 1:colcon.colcon_core.package_identification:_identify(src/sift_interfaces) by extension 'colcon_meta'
[0.328s] Level 1:colcon.colcon_core.package_identification:_identify(src/sift_interfaces) by extensions ['ros']
[0.328s] Level 1:colcon.colcon_core.package_identification:_identify(src/sift_interfaces) by extension 'ros'
[0.329s] DEBUG:colcon.colcon_core.package_identification:Package 'src/sift_interfaces' with type 'ros.ament_cmake' and name 'sift_interfaces'
[0.329s] Level 1:colcon.colcon_core.package_discovery:discover_packages(recursive) using defaults
[0.329s] Level 1:colcon.colcon_core.package_discovery:discover_packages(ignore) discover
[0.329s] Level 1:colcon.colcon_core.package_discovery:discover_packages(ignore) using defaults
[0.330s] Level 1:colcon.colcon_core.package_discovery:discover_packages(path) discover
[0.330s] Level 1:colcon.colcon_core.package_discovery:discover_packages(path) using defaults
[0.364s] INFO:colcon.colcon_core.package_selection:Skipping not selected package 'sift_interfaces' in 'src/sift_interfaces'
[0.364s] INFO:colcon.colcon_core.package_selection:Skipping not selected package 'parallel' in 'src/parallel'
[0.364s] INFO:colcon.colcon_core.package_selection:Skipping not selected package 'sequential' in 'src/sequential'
[0.365s] Level 1:colcon.colcon_core.package_discovery:discover_packages(prefix_path) check parameters
[0.365s] Level 1:colcon.colcon_core.package_discovery:discover_packages(prefix_path) discover
[0.367s] DEBUG:colcon.colcon_installed_package_information.package_discovery:Found 4 installed packages in /home/sberk/Desktop/paralel/install
[0.369s] DEBUG:colcon.colcon_installed_package_information.package_discovery:Found 328 installed packages in /opt/ros/jazzy
[0.371s] Level 1:colcon.colcon_core.package_discovery:discover_packages(prefix_path) using defaults
[0.437s] Level 5:colcon.colcon_core.verb:set package 'paralel' build argument 'cmake_args' from command line to 'None'
[0.438s] Level 5:colcon.colcon_core.verb:set package 'paralel' build argument 'cmake_target' from command line to 'None'
[0.438s] Level 5:colcon.colcon_core.verb:set package 'paralel' build argument 'cmake_target_skip_unavailable' from command line to 'False'
[0.438s] Level 5:colcon.colcon_core.verb:set package 'paralel' build argument 'cmake_clean_cache' from command line to 'False'
[0.438s] Level 5:colcon.colcon_core.verb:set package 'paralel' build argument 'cmake_clean_first' from command line to 'False'
[0.438s] Level 5:colcon.colcon_core.verb:set package 'paralel' build argument 'cmake_force_configure' from command line to 'False'
[0.438s] Level 5:colcon.colcon_core.verb:set package 'paralel' build argument 'ament_cmake_args' from command line to 'None'
[0.438s] Level 5:colcon.colcon_core.verb:set package 'paralel' build argument 'catkin_cmake_args' from command line to 'None'
[0.438s] Level 5:colcon.colcon_core.verb:set package 'paralel' build argument 'catkin_skip_building_tests' from command line to 'False'
[0.438s] DEBUG:colcon.colcon_core.verb:Building package 'paralel' with the following arguments: {'ament_cmake_args': None, 'build_base': '/home/sberk/Desktop/paralel/build/paralel', 'catkin_cmake_args': None, 'catkin_skip_building_tests': False, 'cmake_args': None, 'cmake_clean_cache': False, 'cmake_clean_first': False, 'cmake_force_configure': False, 'cmake_target': None, 'cmake_target_skip_unavailable': False, 'install_base': '/home/sberk/Desktop/paralel/install/paralel', 'merge_install': False, 'path': '/home/sberk/Desktop/paralel/src/paralel', 'symlink_install': False, 'test_result_base': None}
[0.438s] INFO:colcon.colcon_core.executor:Executing jobs using 'parallel' executor
[0.439s] DEBUG:colcon.colcon_parallel_executor.executor.parallel:run_until_complete
[0.439s] INFO:colcon.colcon_ros.task.ament_cmake.build:Building ROS package in '/home/sberk/Desktop/paralel/src/paralel' with build type 'ament_cmake'
[0.440s] INFO:colcon.colcon_cmake.task.cmake.build:Building CMake package in '/home/sberk/Desktop/paralel/src/paralel'
[0.442s] INFO:colcon.colcon_core.plugin_system:Skipping extension 'colcon_core.shell.bat': Not used on non-Windows systems
[0.442s] INFO:colcon.colcon_core.shell:Skip shell extension 'powershell' for command environment: Not usable outside of PowerShell
[0.442s] DEBUG:colcon.colcon_core.shell:Skip shell extension 'dsv' for command environment
[0.457s] DEBUG:colcon.colcon_core.event_handler.log_command:Invoking command in '/home/sberk/Desktop/paralel/build/paralel': CMAKE_PREFIX_PATH=/home/sberk/Desktop/paralel/install/sift_interfaces:/home/sberk/Desktop/paralel/install/paralel:/opt/ros/jazzy/opt/gz_sim_vendor:/opt/ros/jazzy/opt/gz_sensors_vendor:/opt/ros/jazzy/opt/gz_physics_vendor:/opt/ros/jazzy/opt/sdformat_vendor:/opt/ros/jazzy/opt/gz_gui_vendor:/opt/ros/jazzy/opt/gz_transport_vendor:/opt/ros/jazzy/opt/gz_rendering_vendor:/opt/ros/jazzy/opt/gz_plugin_vendor:/opt/ros/jazzy/opt/gz_fuel_tools_vendor:/opt/ros/jazzy/opt/gz_msgs_vendor:/opt/ros/jazzy/opt/gz_common_vendor:/opt/ros/jazzy/opt/gz_math_vendor:/opt/ros/jazzy/opt/gz_utils_vendor:/opt/ros/jazzy/opt/gz_tools_vendor:/opt/ros/jazzy/opt/gz_ogre_next_vendor:/opt/ros/jazzy/opt/gz_dartsim_vendor:/opt/ros/jazzy/opt/gz_cmake_vendor:/home/sberk/Desktop/paralel/install/sequential:/home/sberk/Desktop/paralel/install/parallel:/opt/ros/jazzy DEBUGINFOD_URLS=https://debuginfod.ubuntu.com PYTHONPATH=/home/sberk/Desktop/paralel/install/sift_interfaces/lib/python3.12/site-packages:/home/sberk/Desktop/paralel/install/sequential/lib/python3.12/site-packages:/home/sberk/Desktop/paralel/install/parallel/lib/python3.12/site-packages:/opt/ros/jazzy/lib/python3.12/site-packages VIRTUAL_ENV_PROMPT=(venv-ardupilot) /usr/bin/cmake --build /home/sberk/Desktop/paralel/build/paralel -- -j8 -l8
[10.757s] DEBUG:colcon.colcon_core.event_handler.log_command:Invoked command in '/home/sberk/Desktop/paralel/build/paralel' returned '0': CMAKE_PREFIX_PATH=/home/sberk/Desktop/paralel/install/sift_interfaces:/home/sberk/Desktop/paralel/install/paralel:/opt/ros/jazzy/opt/gz_sim_vendor:/opt/ros/jazzy/opt/gz_sensors_vendor:/opt/ros/jazzy/opt/gz_physics_vendor:/opt/ros/jazzy/opt/sdformat_vendor:/opt/ros/jazzy/opt/gz_gui_vendor:/opt/ros/jazzy/opt/gz_transport_vendor:/opt/ros/jazzy/opt/gz_rendering_vendor:/opt/ros/jazzy/opt/gz_plugin_vendor:/opt/ros/jazzy/opt/gz_fuel_tools_vendor:/opt/ros/jazzy/opt/gz_msgs_vendor:/opt/ros/jazzy/opt/gz_common_vendor:/opt/ros/jazzy/opt/gz_math_vendor:/opt/ros/jazzy/opt/gz_utils_vendor:/opt/ros/jazzy/opt/gz_tools_vendor:/opt/ros/jazzy/opt/gz_ogre_next_vendor:/opt/ros/jazzy/opt/gz_dartsim_vendor:/opt/ros/jazzy/opt/gz_cmake_vendor:/home/sberk/Desktop/paralel/install/sequential:/home/sberk/Desktop/paralel/install/parallel:/opt/ros/jazzy DEBUGINFOD_URLS=https://debuginfod.ubuntu.com PYTHONPATH=/home/sberk/Desktop/paralel/install/sift_interfaces/lib/python3.12/site-packages:/home/sberk/Desktop/paralel/install/sequential/lib/python3.12/site-packages:/home/sberk/Desktop/paralel/install/parallel/lib/python3.12/site-packages:/opt/ros/jazzy/lib/python3.12/site-packages VIRTUAL_ENV_PROMPT=(venv-ardupilot) /usr/bin/cmake --build /home/sberk/Desktop/paralel/build/paralel -- -j8 -l8
[10.773s] DEBUG:colcon.colcon_core.event_handler.log_command:Invoking command in '/home/sberk/Desktop/paralel/build/paralel': CMAKE_PREFIX_PATH=/home/sberk/Desktop/paralel/install/sift_interfaces:/home/sberk/Desktop/paralel/install/paralel:/opt/ros/jazzy/opt/gz_sim_vendor:/opt/ros/jazzy/opt/gz_sensors_vendor:/opt/ros/jazzy/opt/gz_physics_vendor:/opt/ros/jazzy/opt/sdformat_vendor:/opt/ros/jazzy/opt/gz_gui_vendor:/opt/ros/jazzy/opt/gz_transport_vendor:/opt/ros/jazzy/opt/gz_rendering_vendor:/opt/ros/jazzy/opt/gz_plugin_vendor:/opt/ros/jazzy/opt/gz_fuel_tools_vendor:/opt/ros/jazzy/opt/gz_msgs_vendor:/opt/ros/jazzy/opt/gz_common_vendor:/opt/ros/jazzy/opt/gz_math_vendor:/opt/ros/jazzy/opt/gz_utils_vendor:/opt/ros/jazzy/opt/gz_tools_vendor:/opt/ros/jazzy/opt/gz_ogre_next_vendor:/opt/ros/jazzy/opt/gz_dartsim_vendor:/opt/ros/jazzy/opt/gz_cmake_vendor:/home/sberk/Desktop/paralel/install/sequential:/home/sberk/Desktop/paralel/install/parallel:/opt/ros/jazzy DEBUGINFOD_URLS=https://debuginfod.ubuntu.com PYTHONPATH=/home/sberk/Desktop/paralel/install/sift_interfaces/lib/python3.12/site-packages:/home/sberk/Desktop/paralel/install/sequential/lib/python3.12/site-packages:/home/sberk/Desktop/paralel/install/parallel/lib/python3.12/site-packages:/opt/ros/jazzy/lib/python3.12/site-packages VIRTUAL_ENV_PROMPT=(venv-ardupilot) /usr/bin/cmake --install /home/sberk/Desktop/paralel/build/paralel
[10.796s] Level 1:colcon.colcon_core.environment:create_environment_scripts_only(paralel)
[10.800s] DEBUG:colcon.colcon_core.event_handler.log_command:Invoked command in '/home/sberk/Desktop/paralel/build/paralel' returned '0': CMAKE_PREFIX_PATH=/home/sberk/Desktop/paralel/install/sift_interfaces:/home/sberk/Desktop/paralel/install/paralel:/opt/ros/jazzy/opt/gz_sim_vendor:/opt/ros/jazzy/opt/gz_sensors_vendor:/opt/ros/jazzy/opt/gz_physics_vendor:/opt/ros/jazzy/opt/sdformat_vendor:/opt/ros/jazzy/opt/gz_gui_vendor:/opt/ros/jazzy/opt/gz_transport_vendor:/opt/ros/jazzy/opt/gz_rendering_vendor:/opt/ros/jazzy/opt/gz_plugin_vendor:/opt/ros/jazzy/opt/gz_fuel_tools_vendor:/opt/ros/jazzy/opt/gz_msgs_vendor:/opt/ros/jazzy/opt/gz_common_vendor:/opt/ros/jazzy/opt/gz_math_vendor:/opt/ros/jazzy/opt/gz_utils_vendor:/opt/ros/jazzy/opt/gz_tools_vendor:/opt/ros/jazzy/opt/gz_ogre_next_vendor:/opt/ros/jazzy/opt/gz_dartsim_vendor:/opt/ros/jazzy/opt/gz_cmake_vendor:/home/sberk/Desktop/paralel/install/sequential:/home/sberk/Desktop/paralel/install/parallel:/opt/ros/jazzy DEBUGINFOD_URLS=https://debuginfod.ubuntu.com PYTHONPATH=/home/sberk/Desktop/paralel/install/sift_interfaces/lib/python3.12/site-packages:/home/sberk/Desktop/paralel/install/sequential/lib/python3.12/site-packages:/home/sberk/Desktop/paralel/install/parallel/lib/python3.12/site-packages:/opt/ros/jazzy/lib/python3.12/site-packages VIRTUAL_ENV_PROMPT=(venv-ardupilot) /usr/bin/cmake --install /home/sberk/Desktop/paralel/build/paralel
[10.804s] Level 1:colcon.colcon_core.environment:checking '/home/sberk/Desktop/paralel/install/paralel' for CMake module files
[10.805s] Level 1:colcon.colcon_core.environment:checking '/home/sberk/Desktop/paralel/install/paralel' for CMake config files
[10.805s] Level 1:colcon.colcon_core.shell:create_environment_hook('paralel', 'cmake_prefix_path')
[10.805s] INFO:colcon.colcon_core.shell:Creating environment hook '/home/sberk/Desktop/paralel/install/paralel/share/paralel/hook/cmake_prefix_path.ps1'
[10.806s] INFO:colcon.colcon_core.shell:Creating environment descriptor '/home/sberk/Desktop/paralel/install/paralel/share/paralel/hook/cmake_prefix_path.dsv'
[10.807s] INFO:colcon.colcon_core.shell:Creating environment hook '/home/sberk/Desktop/paralel/install/paralel/share/paralel/hook/cmake_prefix_path.sh'
[10.808s] Level 1:colcon.colcon_core.environment:checking '/home/sberk/Desktop/paralel/install/paralel/lib'
[10.808s] Level 1:colcon.colcon_core.environment:checking '/home/sberk/Desktop/paralel/install/paralel/bin'
[10.808s] Level 1:colcon.colcon_core.environment:checking '/home/sberk/Desktop/paralel/install/paralel/lib/pkgconfig/paralel.pc'
[10.808s] Level 1:colcon.colcon_core.environment:checking '/home/sberk/Desktop/paralel/install/paralel/lib/python3.12/site-packages'
[10.809s] Level 1:colcon.colcon_core.environment:checking '/home/sberk/Desktop/paralel/install/paralel/bin'
[10.809s] INFO:colcon.colcon_core.shell:Creating package script '/home/sberk/Desktop/paralel/install/paralel/share/paralel/package.ps1'
[10.811s] INFO:colcon.colcon_core.shell:Creating package descriptor '/home/sberk/Desktop/paralel/install/paralel/share/paralel/package.dsv'
[10.813s] INFO:colcon.colcon_core.shell:Creating package script '/home/sberk/Desktop/paralel/install/paralel/share/paralel/package.sh'
[10.814s] INFO:colcon.colcon_core.shell:Creating package script '/home/sberk/Desktop/paralel/install/paralel/share/paralel/package.bash'
[10.815s] INFO:colcon.colcon_core.shell:Creating package script '/home/sberk/Desktop/paralel/install/paralel/share/paralel/package.zsh'
[10.817s] Level 1:colcon.colcon_core.environment:create_file_with_runtime_dependencies(/home/sberk/Desktop/paralel/install/paralel/share/colcon-core/packages/paralel)
[10.818s] Level 1:colcon.colcon_core.environment:create_environment_scripts_only(paralel)
[10.819s] Level 1:colcon.colcon_core.environment:checking '/home/sberk/Desktop/paralel/install/paralel' for CMake module files
[10.820s] Level 1:colcon.colcon_core.environment:checking '/home/sberk/Desktop/paralel/install/paralel' for CMake config files
[10.820s] Level 1:colcon.colcon_core.shell:create_environment_hook('paralel', 'cmake_prefix_path')
[10.821s] INFO:colcon.colcon_core.shell:Creating environment hook '/home/sberk/Desktop/paralel/install/paralel/share/paralel/hook/cmake_prefix_path.ps1'
[10.821s] INFO:colcon.colcon_core.shell:Creating environment descriptor '/home/sberk/Desktop/paralel/install/paralel/share/paralel/hook/cmake_prefix_path.dsv'
[10.822s] INFO:colcon.colcon_core.shell:Creating environment hook '/home/sberk/Desktop/paralel/install/paralel/share/paralel/hook/cmake_prefix_path.sh'
[10.823s] Level 1:colcon.colcon_core.environment:checking '/home/sberk/Desktop/paralel/install/paralel/lib'
[10.823s] Level 1:colcon.colcon_core.environment:checking '/home/sberk/Desktop/paralel/install/paralel/bin'
[10.823s] Level 1:colcon.colcon_core.environment:checking '/home/sberk/Desktop/paralel/install/paralel/lib/pkgconfig/paralel.pc'
[10.823s] Level 1:colcon.colcon_core.environment:checking '/home/sberk/Desktop/paralel/install/paralel/lib/python3.12/site-packages'
[10.823s] Level 1:colcon.colcon_core.environment:checking '/home/sberk/Desktop/paralel/install/paralel/bin'
[10.824s] INFO:colcon.colcon_core.shell:Creating package script '/home/sberk/Desktop/paralel/install/paralel/share/paralel/package.ps1'
[10.825s] INFO:colcon.colcon_core.shell:Creating package descriptor '/home/sberk/Desktop/paralel/install/paralel/share/paralel/package.dsv'
[10.826s] INFO:colcon.colcon_core.shell:Creating package script '/home/sberk/Desktop/paralel/install/paralel/share/paralel/package.sh'
[10.826s] INFO:colcon.colcon_core.shell:Creating package script '/home/sberk/Desktop/paralel/install/paralel/share/paralel/package.bash'
[10.827s] INFO:colcon.colcon_core.shell:Creating package script '/home/sberk/Desktop/paralel/install/paralel/share/paralel/package.zsh'
[10.828s] Level 1:colcon.colcon_core.environment:create_file_with_runtime_dependencies(/home/sberk/Desktop/paralel/install/paralel/share/colcon-core/packages/paralel)
[10.830s] DEBUG:colcon.colcon_parallel_executor.executor.parallel:closing loop
[10.830s] DEBUG:colcon.colcon_parallel_executor.executor.parallel:loop closed
[10.830s] DEBUG:colcon.colcon_parallel_executor.executor.parallel:run_until_complete finished with '0'
[10.830s] DEBUG:colcon.colcon_core.event_reactor:joining thread
[10.839s] INFO:colcon.colcon_core.plugin_system:Skipping extension 'colcon_notification.desktop_notification.terminal_notifier': Not used on non-Darwin systems
[10.839s] INFO:colcon.colcon_core.plugin_system:Skipping extension 'colcon_notification.desktop_notification.win32': Not used on non-Windows systems
[10.839s] INFO:colcon.colcon_notification.desktop_notification:Sending desktop notification using 'notify2'
[10.875s] DEBUG:colcon.colcon_core.event_reactor:joined thread
[10.875s] INFO:colcon.colcon_core.shell:Creating prefix script '/home/sberk/Desktop/paralel/install/local_setup.ps1'
[10.876s] INFO:colcon.colcon_core.shell:Creating prefix util module '/home/sberk/Desktop/paralel/install/_local_setup_util_ps1.py'
[10.877s] INFO:colcon.colcon_core.shell:Creating prefix chain script '/home/sberk/Desktop/paralel/install/setup.ps1'
[10.878s] INFO:colcon.colcon_core.shell:Creating prefix script '/home/sberk/Desktop/paralel/install/local_setup.sh'
[10.880s] INFO:colcon.colcon_core.shell:Creating prefix util module '/home/sberk/Desktop/paralel/install/_local_setup_util_sh.py'
[10.881s] INFO:colcon.colcon_core.shell:Creating prefix chain script '/home/sberk/Desktop/paralel/install/setup.sh'
[10.882s] INFO:colcon.colcon_core.shell:Creating prefix script '/home/sberk/Desktop/paralel/install/local_setup.bash'
[10.883s] INFO:colcon.colcon_core.shell:Creating prefix chain script '/home/sberk/Desktop/paralel/install/setup.bash'
[10.884s] INFO:colcon.colcon_core.shell:Creating prefix script '/home/sberk/Desktop/paralel/install/local_setup.zsh'
[10.885s] INFO:colcon.colcon_core.shell:Creating prefix chain script '/home/sberk/Desktop/paralel/install/setup.zsh'
