running egg_info
writing ../../build/sequential/sequential.egg-info/PKG-INFO
writing dependency_links to ../../build/sequential/sequential.egg-info/dependency_links.txt
writing entry points to ../../build/sequential/sequential.egg-info/entry_points.txt
writing requirements to ../../build/sequential/sequential.egg-info/requires.txt
writing top-level names to ../../build/sequential/sequential.egg-info/top_level.txt
reading manifest file '../../build/sequential/sequential.egg-info/SOURCES.txt'
writing manifest file '../../build/sequential/sequential.egg-info/SOURCES.txt'
running build
running build_py
running install
running install_lib
running install_data
running install_egg_info
removing '/home/sberk/Desktop/paralel/install/sequential/lib/python3.12/site-packages/sequential-0.0.1-py3.12.egg-info' (and everything under it)
Copying ../../build/sequential/sequential.egg-info to /home/sberk/Desktop/paralel/install/sequential/lib/python3.12/site-packages/sequential-0.0.1-py3.12.egg-info
running install_scripts
Installing flann_subscriber script to /home/sberk/Desktop/paralel/install/sequential/lib/sequential
Installing sift_publisher script to /home/sberk/Desktop/paralel/install/sequential/lib/sequential
writing list of installed files to '/home/sberk/Desktop/paralel/build/sequential/install.log'
