[ 25%] Built target paralel_cuda_kernels
[ 62%] Built target sift_publisher
[ 75%] [32mBuilding CXX object CMakeFiles/flann_subscriber.dir/src/flann_subscriber.cpp.o[0m
[ 87%] [32m[1mLinking CUDA device code CMakeFiles/flann_subscriber.dir/cmake_device_link.o[0m
[100%] [32m[1mLinking CXX executable flann_subscriber[0m
[100%] Built target flann_subscriber
-- Install configuration: ""
-- Installing: /home/sberk/Desktop/paralel/install/paralel/lib/paralel/sift_publisher
-- Set non-toolchain portion of runtime path of "/home/sberk/Desktop/paralel/install/paralel/lib/paralel/sift_publisher" to ""
-- Installing: /home/sberk/Desktop/paralel/install/paralel/lib/paralel/flann_subscriber
-- Set non-toolchain portion of runtime path of "/home/sberk/Desktop/paralel/install/paralel/lib/paralel/flann_subscriber" to ""
-- Installing: /home/sberk/Desktop/paralel/install/paralel/share/paralel/launch
-- Installing: /home/sberk/Desktop/paralel/install/paralel/share/paralel/launch/sift_matching.launch.py
-- Installing: /home/sberk/Desktop/paralel/install/paralel/include
-- Installing: /home/sberk/Desktop/paralel/install/paralel/include/paralel
-- Installing: /home/sberk/Desktop/paralel/install/paralel/include/paralel/cuda_kernels.hpp
-- Installing: /home/sberk/Desktop/paralel/install/paralel/include/paralel/perf_tracker.hpp
-- Installing: /home/sberk/Desktop/paralel/install/paralel/share/ament_index/resource_index/package_run_dependencies/paralel
-- Installing: /home/sberk/Desktop/paralel/install/paralel/share/ament_index/resource_index/parent_prefix_path/paralel
-- Installing: /home/sberk/Desktop/paralel/install/paralel/share/paralel/environment/ament_prefix_path.sh
-- Installing: /home/sberk/Desktop/paralel/install/paralel/share/paralel/environment/ament_prefix_path.dsv
-- Installing: /home/sberk/Desktop/paralel/install/paralel/share/paralel/environment/path.sh
-- Installing: /home/sberk/Desktop/paralel/install/paralel/share/paralel/environment/path.dsv
-- Installing: /home/sberk/Desktop/paralel/install/paralel/share/paralel/local_setup.bash
-- Installing: /home/sberk/Desktop/paralel/install/paralel/share/paralel/local_setup.sh
-- Installing: /home/sberk/Desktop/paralel/install/paralel/share/paralel/local_setup.zsh
-- Installing: /home/sberk/Desktop/paralel/install/paralel/share/paralel/local_setup.dsv
-- Installing: /home/sberk/Desktop/paralel/install/paralel/share/paralel/package.dsv
-- Installing: /home/sberk/Desktop/paralel/install/paralel/share/ament_index/resource_index/packages/paralel
-- Installing: /home/sberk/Desktop/paralel/install/paralel/share/paralel/cmake/paralelConfig.cmake
-- Installing: /home/sberk/Desktop/paralel/install/paralel/share/paralel/cmake/paralelConfig-version.cmake
-- Installing: /home/sberk/Desktop/paralel/install/paralel/share/paralel/package.xml
