[0.020s] Invoking command in '/home/sberk/Desktop/paralel/build/paralel': CMAKE_PREFIX_PATH=${CMAKE_PREFIX_PATH}:/home/sberk/Desktop/paralel/install/parallel:/home/sberk/Desktop/paralel/install/sequential:/opt/ros/jazzy DEBUGINFOD_URLS=https://debuginfod.ubuntu.com PYTHONPATH=/home/sberk/Desktop/paralel/install/sift_interfaces/lib/python3.12/site-packages:/home/sberk/Desktop/paralel/install/parallel/lib/python3.12/site-packages:/home/sberk/Desktop/paralel/install/sequential/lib/python3.12/site-packages:/opt/ros/jazzy/lib/python3.12/site-packages VIRTUAL_ENV_PROMPT=(venv-ardupilot) /usr/bin/cmake --build /home/sberk/Desktop/paralel/build/paralel -- -j8 -l8
[0.129s] [ 25%] Built target paralel_cuda_kernels
[0.193s] [ 62%] Built target sift_publisher
[0.193s] [ 75%] [32mBuilding CXX object CMakeFiles/flann_subscriber.dir/src/flann_subscriber.cpp.o[0m
[11.665s] [ 87%] [32m[1mLinking CUDA device code CMakeFiles/flann_subscriber.dir/cmake_device_link.o[0m
[11.695s] nvlink warning : Skipping incompatible '/usr/lib/x86_64-linux-gnu/libdl.a' when searching for -ldl
[11.698s] nvlink warning : Skipping incompatible '/usr/lib/x86_64-linux-gnu/librt.a' when searching for -lrt
[11.698s] nvlink warning : Skipping incompatible '/usr/lib/x86_64-linux-gnu/libpthread.a' when searching for -lpthread
[11.750s] [100%] [32m[1mLinking CXX executable flann_subscriber[0m
[12.749s] [100%] Built target flann_subscriber
[12.766s] Invoked command in '/home/sberk/Desktop/paralel/build/paralel' returned '0': CMAKE_PREFIX_PATH=${CMAKE_PREFIX_PATH}:/home/sberk/Desktop/paralel/install/parallel:/home/sberk/Desktop/paralel/install/sequential:/opt/ros/jazzy DEBUGINFOD_URLS=https://debuginfod.ubuntu.com PYTHONPATH=/home/sberk/Desktop/paralel/install/sift_interfaces/lib/python3.12/site-packages:/home/sberk/Desktop/paralel/install/parallel/lib/python3.12/site-packages:/home/sberk/Desktop/paralel/install/sequential/lib/python3.12/site-packages:/opt/ros/jazzy/lib/python3.12/site-packages VIRTUAL_ENV_PROMPT=(venv-ardupilot) /usr/bin/cmake --build /home/sberk/Desktop/paralel/build/paralel -- -j8 -l8
[12.779s] Invoking command in '/home/sberk/Desktop/paralel/build/paralel': CMAKE_PREFIX_PATH=${CMAKE_PREFIX_PATH}:/home/sberk/Desktop/paralel/install/parallel:/home/sberk/Desktop/paralel/install/sequential:/opt/ros/jazzy DEBUGINFOD_URLS=https://debuginfod.ubuntu.com PYTHONPATH=/home/sberk/Desktop/paralel/install/sift_interfaces/lib/python3.12/site-packages:/home/sberk/Desktop/paralel/install/parallel/lib/python3.12/site-packages:/home/sberk/Desktop/paralel/install/sequential/lib/python3.12/site-packages:/opt/ros/jazzy/lib/python3.12/site-packages VIRTUAL_ENV_PROMPT=(venv-ardupilot) /usr/bin/cmake --install /home/sberk/Desktop/paralel/build/paralel
[12.788s] -- Install configuration: ""
[12.788s] -- Installing: /home/sberk/Desktop/paralel/install/paralel/lib/paralel/sift_publisher
[12.789s] -- Set non-toolchain portion of runtime path of "/home/sberk/Desktop/paralel/install/paralel/lib/paralel/sift_publisher" to ""
[12.789s] -- Installing: /home/sberk/Desktop/paralel/install/paralel/lib/paralel/flann_subscriber
[12.796s] -- Set non-toolchain portion of runtime path of "/home/sberk/Desktop/paralel/install/paralel/lib/paralel/flann_subscriber" to ""
[12.796s] -- Installing: /home/sberk/Desktop/paralel/install/paralel/share/paralel/launch
[12.796s] -- Installing: /home/sberk/Desktop/paralel/install/paralel/share/paralel/launch/sift_matching.launch.py
[12.797s] -- Installing: /home/sberk/Desktop/paralel/install/paralel/include
[12.797s] -- Installing: /home/sberk/Desktop/paralel/install/paralel/include/paralel
[12.797s] -- Installing: /home/sberk/Desktop/paralel/install/paralel/include/paralel/cuda_kernels.hpp
[12.797s] -- Installing: /home/sberk/Desktop/paralel/install/paralel/include/paralel/perf_tracker.hpp
[12.797s] -- Installing: /home/sberk/Desktop/paralel/install/paralel/share/ament_index/resource_index/package_run_dependencies/paralel
[12.797s] -- Installing: /home/sberk/Desktop/paralel/install/paralel/share/ament_index/resource_index/parent_prefix_path/paralel
[12.797s] -- Installing: /home/sberk/Desktop/paralel/install/paralel/share/paralel/environment/ament_prefix_path.sh
[12.797s] -- Installing: /home/sberk/Desktop/paralel/install/paralel/share/paralel/environment/ament_prefix_path.dsv
[12.797s] -- Installing: /home/sberk/Desktop/paralel/install/paralel/share/paralel/environment/path.sh
[12.798s] -- Installing: /home/sberk/Desktop/paralel/install/paralel/share/paralel/environment/path.dsv
[12.798s] -- Installing: /home/sberk/Desktop/paralel/install/paralel/share/paralel/local_setup.bash
[12.798s] -- Installing: /home/sberk/Desktop/paralel/install/paralel/share/paralel/local_setup.sh
[12.798s] -- Installing: /home/sberk/Desktop/paralel/install/paralel/share/paralel/local_setup.zsh
[12.798s] -- Installing: /home/sberk/Desktop/paralel/install/paralel/share/paralel/local_setup.dsv
[12.799s] -- Installing: /home/sberk/Desktop/paralel/install/paralel/share/paralel/package.dsv
[12.799s] -- Installing: /home/sberk/Desktop/paralel/install/paralel/share/ament_index/resource_index/packages/paralel
[12.799s] -- Installing: /home/sberk/Desktop/paralel/install/paralel/share/paralel/cmake/paralelConfig.cmake
[12.799s] -- Installing: /home/sberk/Desktop/paralel/install/paralel/share/paralel/cmake/paralelConfig-version.cmake
[12.799s] -- Installing: /home/sberk/Desktop/paralel/install/paralel/share/paralel/package.xml
[12.801s] Invoked command in '/home/sberk/Desktop/paralel/build/paralel' returned '0': CMAKE_PREFIX_PATH=${CMAKE_PREFIX_PATH}:/home/sberk/Desktop/paralel/install/parallel:/home/sberk/Desktop/paralel/install/sequential:/opt/ros/jazzy DEBUGINFOD_URLS=https://debuginfod.ubuntu.com PYTHONPATH=/home/sberk/Desktop/paralel/install/sift_interfaces/lib/python3.12/site-packages:/home/sberk/Desktop/paralel/install/parallel/lib/python3.12/site-packages:/home/sberk/Desktop/paralel/install/sequential/lib/python3.12/site-packages:/opt/ros/jazzy/lib/python3.12/site-packages VIRTUAL_ENV_PROMPT=(venv-ardupilot) /usr/bin/cmake --install /home/sberk/Desktop/paralel/build/paralel
