[1.100s] Invoking command in '/home/sberk/Desktop/paralel/src/sequential': DEBUGINFOD_URLS=https://debuginfod.ubuntu.com PYTHONPATH=/home/sberk/Desktop/paralel/build/sequential/prefix_override:/usr/lib/python3/dist-packages/colcon_core/task/python/colcon_distutils_commands:/home/sberk/Desktop/paralel/install/sequential/lib/python3.12/site-packages:/home/sberk/Desktop/paralel/install/sift_interfaces/lib/python3.12/site-packages:/home/sberk/Desktop/paralel/install/parallel/lib/python3.12/site-packages:/home/sberk/Desktop/paralel/install/sequential/lib/python3.12/site-packages:/opt/ros/jazzy/lib/python3.12/site-packages VIRTUAL_ENV_PROMPT=(venv-ardupilot) /usr/bin/python3 -W ignore:setup.py install is deprecated -W ignore:easy_install command is deprecated setup.py egg_info --egg-base ../../build/sequential build --build-base /home/sberk/Desktop/paralel/build/sequential/build install --record /home/sberk/Desktop/paralel/build/sequential/install.log --single-version-externally-managed install_data
[1.469s] running egg_info
[1.469s] creating ../../build/sequential/sequential.egg-info
[1.497s] writing ../../build/sequential/sequential.egg-info/PKG-INFO
[1.498s] writing dependency_links to ../../build/sequential/sequential.egg-info/dependency_links.txt
[1.498s] writing entry points to ../../build/sequential/sequential.egg-info/entry_points.txt
[1.498s] writing requirements to ../../build/sequential/sequential.egg-info/requires.txt
[1.498s] writing top-level names to ../../build/sequential/sequential.egg-info/top_level.txt
[1.498s] writing manifest file '../../build/sequential/sequential.egg-info/SOURCES.txt'
[1.558s] reading manifest file '../../build/sequential/sequential.egg-info/SOURCES.txt'
[1.560s] writing manifest file '../../build/sequential/sequential.egg-info/SOURCES.txt'
[1.560s] running build
[1.560s] running build_py
[1.560s] creating /home/sberk/Desktop/paralel/build/sequential/build
[1.560s] creating /home/sberk/Desktop/paralel/build/sequential/build/lib
[1.561s] creating /home/sberk/Desktop/paralel/build/sequential/build/lib/sequential
[1.561s] copying sequential/__init__.py -> /home/sberk/Desktop/paralel/build/sequential/build/lib/sequential
[1.561s] copying sequential/flann_subscriber.py -> /home/sberk/Desktop/paralel/build/sequential/build/lib/sequential
[1.561s] copying sequential/sift_publisher.py -> /home/sberk/Desktop/paralel/build/sequential/build/lib/sequential
[1.562s] copying sequential/perf_utils.py -> /home/sberk/Desktop/paralel/build/sequential/build/lib/sequential
[1.562s] running install
[1.568s] running install_lib
[1.595s] creating /home/sberk/Desktop/paralel/install/sequential/lib/python3.12/site-packages/sequential
[1.595s] copying /home/sberk/Desktop/paralel/build/sequential/build/lib/sequential/__init__.py -> /home/sberk/Desktop/paralel/install/sequential/lib/python3.12/site-packages/sequential
[1.595s] copying /home/sberk/Desktop/paralel/build/sequential/build/lib/sequential/flann_subscriber.py -> /home/sberk/Desktop/paralel/install/sequential/lib/python3.12/site-packages/sequential
[1.595s] copying /home/sberk/Desktop/paralel/build/sequential/build/lib/sequential/sift_publisher.py -> /home/sberk/Desktop/paralel/install/sequential/lib/python3.12/site-packages/sequential
[1.595s] copying /home/sberk/Desktop/paralel/build/sequential/build/lib/sequential/perf_utils.py -> /home/sberk/Desktop/paralel/install/sequential/lib/python3.12/site-packages/sequential
[1.596s] byte-compiling /home/sberk/Desktop/paralel/install/sequential/lib/python3.12/site-packages/sequential/__init__.py to __init__.cpython-312.pyc
[1.596s] byte-compiling /home/sberk/Desktop/paralel/install/sequential/lib/python3.12/site-packages/sequential/flann_subscriber.py to flann_subscriber.cpython-312.pyc
[1.599s] byte-compiling /home/sberk/Desktop/paralel/install/sequential/lib/python3.12/site-packages/sequential/sift_publisher.py to sift_publisher.cpython-312.pyc
[1.601s] byte-compiling /home/sberk/Desktop/paralel/install/sequential/lib/python3.12/site-packages/sequential/perf_utils.py to perf_utils.cpython-312.pyc
[1.603s] running install_data
[1.603s] creating /home/sberk/Desktop/paralel/install/sequential/share/ament_index
[1.603s] creating /home/sberk/Desktop/paralel/install/sequential/share/ament_index/resource_index
[1.603s] creating /home/sberk/Desktop/paralel/install/sequential/share/ament_index/resource_index/packages
[1.603s] copying resource/sequential -> /home/sberk/Desktop/paralel/install/sequential/share/ament_index/resource_index/packages
[1.604s] copying package.xml -> /home/sberk/Desktop/paralel/install/sequential/share/sequential
[1.604s] creating /home/sberk/Desktop/paralel/install/sequential/share/sequential/launch
[1.604s] copying launch/sift_matching.launch.py -> /home/sberk/Desktop/paralel/install/sequential/share/sequential/launch
[1.604s] running install_egg_info
[1.633s] Copying ../../build/sequential/sequential.egg-info to /home/sberk/Desktop/paralel/install/sequential/lib/python3.12/site-packages/sequential-0.0.1-py3.12.egg-info
[1.635s] running install_scripts
[1.821s] Installing flann_subscriber script to /home/sberk/Desktop/paralel/install/sequential/lib/sequential
[1.822s] Installing sift_publisher script to /home/sberk/Desktop/paralel/install/sequential/lib/sequential
[1.822s] writing list of installed files to '/home/sberk/Desktop/paralel/build/sequential/install.log'
[1.884s] Invoked command in '/home/sberk/Desktop/paralel/src/sequential' returned '0': DEBUGINFOD_URLS=https://debuginfod.ubuntu.com PYTHONPATH=/home/sberk/Desktop/paralel/build/sequential/prefix_override:/usr/lib/python3/dist-packages/colcon_core/task/python/colcon_distutils_commands:/home/sberk/Desktop/paralel/install/sequential/lib/python3.12/site-packages:/home/sberk/Desktop/paralel/install/sift_interfaces/lib/python3.12/site-packages:/home/sberk/Desktop/paralel/install/parallel/lib/python3.12/site-packages:/home/sberk/Desktop/paralel/install/sequential/lib/python3.12/site-packages:/opt/ros/jazzy/lib/python3.12/site-packages VIRTUAL_ENV_PROMPT=(venv-ardupilot) /usr/bin/python3 -W ignore:setup.py install is deprecated -W ignore:easy_install command is deprecated setup.py egg_info --egg-base ../../build/sequential build --build-base /home/sberk/Desktop/paralel/build/sequential/build install --record /home/sberk/Desktop/paralel/build/sequential/install.log --single-version-externally-managed install_data
