[0.111s] DEBUG:colcon:Command line arguments: ['/usr/bin/colcon', 'build', '--packages-select', 'sequential']
[0.112s] DEBUG:colcon:Parsed command line arguments: Namespace(log_base=None, log_level=None, verb_name='build', build_base='build', install_base='install', merge_install=False, symlink_install=False, test_result_base=None, continue_on_error=False, executor='parallel', parallel_workers=8, event_handlers=None, ignore_user_meta=False, metas=['./colcon.meta'], base_paths=['.'], packages_ignore=None, packages_ignore_regex=None, paths=None, packages_up_to=None, packages_up_to_regex=None, packages_above=None, packages_above_and_dependencies=None, packages_above_depth=None, packages_select_by_dep=None, packages_skip_by_dep=None, packages_skip_up_to=None, packages_select_build_failed=False, packages_skip_build_finished=False, packages_select_test_failures=False, packages_skip_test_passed=False, packages_select=['sequential'], packages_skip=None, packages_select_regex=None, packages_skip_regex=None, packages_start=None, packages_end=None, allow_overriding=[], cmake_args=None, cmake_target=None, cmake_target_skip_unavailable=False, cmake_clean_cache=False, cmake_clean_first=False, cmake_force_configure=False, ament_cmake_args=None, catkin_cmake_args=None, catkin_skip_building_tests=False, mixin_files=None, mixin=None, verb_parser=<colcon_mixin.mixin.mixin_argument.MixinArgumentDecorator object at 0x79944a48b6e0>, verb_extension=<colcon_core.verb.build.BuildVerb object at 0x79944a48b170>, main=<bound method BuildVerb.main of <colcon_core.verb.build.BuildVerb object at 0x79944a48b170>>, mixin_verb=('build',))
[0.147s] Level 1:colcon.colcon_core.package_discovery:discover_packages(colcon_meta) check parameters
[0.147s] Level 1:colcon.colcon_core.package_discovery:discover_packages(recursive) check parameters
[0.147s] Level 1:colcon.colcon_core.package_discovery:discover_packages(ignore) check parameters
[0.147s] Level 1:colcon.colcon_core.package_discovery:discover_packages(path) check parameters
[0.147s] Level 1:colcon.colcon_core.package_discovery:discover_packages(colcon_meta) discover
[0.147s] Level 1:colcon.colcon_core.package_discovery:discover_packages(recursive) discover
[0.147s] INFO:colcon.colcon_core.package_discovery:Crawling recursively for packages in '/home/sberk/Desktop/paralel'
[0.147s] Level 1:colcon.colcon_core.package_identification:_identify(.) by extensions ['ignore', 'ignore_ament_install']
[0.147s] Level 1:colcon.colcon_core.package_identification:_identify(.) by extension 'ignore'
[0.147s] Level 1:colcon.colcon_core.package_identification:_identify(.) by extension 'ignore_ament_install'
[0.147s] Level 1:colcon.colcon_core.package_identification:_identify(.) by extensions ['colcon_pkg']
[0.147s] Level 1:colcon.colcon_core.package_identification:_identify(.) by extension 'colcon_pkg'
[0.147s] Level 1:colcon.colcon_core.package_identification:_identify(.) by extensions ['colcon_meta']
[0.147s] Level 1:colcon.colcon_core.package_identification:_identify(.) by extension 'colcon_meta'
[0.147s] Level 1:colcon.colcon_core.package_identification:_identify(.) by extensions ['ros']
[0.147s] Level 1:colcon.colcon_core.package_identification:_identify(.) by extension 'ros'
[0.170s] Level 1:colcon.colcon_core.package_identification:_identify(.) by extensions ['cmake', 'python']
[0.170s] Level 1:colcon.colcon_core.package_identification:_identify(.) by extension 'cmake'
[0.170s] Level 1:colcon.colcon_core.package_identification:_identify(.) by extension 'python'
[0.170s] Level 1:colcon.colcon_core.package_identification:_identify(.) by extensions ['python_setup_py']
[0.170s] Level 1:colcon.colcon_core.package_identification:_identify(.) by extension 'python_setup_py'
[0.170s] Level 1:colcon.colcon_core.package_identification:_identify(build) by extensions ['ignore', 'ignore_ament_install']
[0.170s] Level 1:colcon.colcon_core.package_identification:_identify(build) by extension 'ignore'
[0.170s] Level 1:colcon.colcon_core.package_identification:_identify(build) ignored
[0.170s] Level 1:colcon.colcon_core.package_identification:_identify(install) by extensions ['ignore', 'ignore_ament_install']
[0.170s] Level 1:colcon.colcon_core.package_identification:_identify(install) by extension 'ignore'
[0.170s] Level 1:colcon.colcon_core.package_identification:_identify(install) ignored
[0.171s] Level 1:colcon.colcon_core.package_identification:_identify(log) by extensions ['ignore', 'ignore_ament_install']
[0.171s] Level 1:colcon.colcon_core.package_identification:_identify(log) by extension 'ignore'
[0.171s] Level 1:colcon.colcon_core.package_identification:_identify(log) ignored
[0.171s] Level 1:colcon.colcon_core.package_identification:_identify(src) by extensions ['ignore', 'ignore_ament_install']
[0.171s] Level 1:colcon.colcon_core.package_identification:_identify(src) by extension 'ignore'
[0.171s] Level 1:colcon.colcon_core.package_identification:_identify(src) by extension 'ignore_ament_install'
[0.171s] Level 1:colcon.colcon_core.package_identification:_identify(src) by extensions ['colcon_pkg']
[0.171s] Level 1:colcon.colcon_core.package_identification:_identify(src) by extension 'colcon_pkg'
[0.171s] Level 1:colcon.colcon_core.package_identification:_identify(src) by extensions ['colcon_meta']
[0.171s] Level 1:colcon.colcon_core.package_identification:_identify(src) by extension 'colcon_meta'
[0.171s] Level 1:colcon.colcon_core.package_identification:_identify(src) by extensions ['ros']
[0.171s] Level 1:colcon.colcon_core.package_identification:_identify(src) by extension 'ros'
[0.171s] Level 1:colcon.colcon_core.package_identification:_identify(src) by extensions ['cmake', 'python']
[0.171s] Level 1:colcon.colcon_core.package_identification:_identify(src) by extension 'cmake'
[0.171s] Level 1:colcon.colcon_core.package_identification:_identify(src) by extension 'python'
[0.171s] Level 1:colcon.colcon_core.package_identification:_identify(src) by extensions ['python_setup_py']
[0.171s] Level 1:colcon.colcon_core.package_identification:_identify(src) by extension 'python_setup_py'
[0.171s] Level 1:colcon.colcon_core.package_identification:_identify(src/paralel) by extensions ['ignore', 'ignore_ament_install']
[0.171s] Level 1:colcon.colcon_core.package_identification:_identify(src/paralel) by extension 'ignore'
[0.172s] Level 1:colcon.colcon_core.package_identification:_identify(src/paralel) by extension 'ignore_ament_install'
[0.172s] Level 1:colcon.colcon_core.package_identification:_identify(src/paralel) by extensions ['colcon_pkg']
[0.172s] Level 1:colcon.colcon_core.package_identification:_identify(src/paralel) by extension 'colcon_pkg'
[0.172s] Level 1:colcon.colcon_core.package_identification:_identify(src/paralel) by extensions ['colcon_meta']
[0.172s] Level 1:colcon.colcon_core.package_identification:_identify(src/paralel) by extension 'colcon_meta'
[0.172s] Level 1:colcon.colcon_core.package_identification:_identify(src/paralel) by extensions ['ros']
[0.172s] Level 1:colcon.colcon_core.package_identification:_identify(src/paralel) by extension 'ros'
[0.174s] DEBUG:colcon.colcon_core.package_identification:Package 'src/paralel' with type 'ros.ament_cmake' and name 'paralel'
[0.174s] Level 1:colcon.colcon_core.package_identification:_identify(src/parallel) by extensions ['ignore', 'ignore_ament_install']
[0.174s] Level 1:colcon.colcon_core.package_identification:_identify(src/parallel) by extension 'ignore'
[0.174s] Level 1:colcon.colcon_core.package_identification:_identify(src/parallel) by extension 'ignore_ament_install'
[0.174s] Level 1:colcon.colcon_core.package_identification:_identify(src/parallel) by extensions ['colcon_pkg']
[0.174s] Level 1:colcon.colcon_core.package_identification:_identify(src/parallel) by extension 'colcon_pkg'
[0.174s] Level 1:colcon.colcon_core.package_identification:_identify(src/parallel) by extensions ['colcon_meta']
[0.174s] Level 1:colcon.colcon_core.package_identification:_identify(src/parallel) by extension 'colcon_meta'
[0.174s] Level 1:colcon.colcon_core.package_identification:_identify(src/parallel) by extensions ['ros']
[0.174s] Level 1:colcon.colcon_core.package_identification:_identify(src/parallel) by extension 'ros'
[0.175s] DEBUG:colcon.colcon_core.package_identification:Package 'src/parallel' with type 'ros.ament_python' and name 'parallel'
[0.175s] Level 1:colcon.colcon_core.package_identification:_identify(src/sequential) by extensions ['ignore', 'ignore_ament_install']
[0.175s] Level 1:colcon.colcon_core.package_identification:_identify(src/sequential) by extension 'ignore'
[0.175s] Level 1:colcon.colcon_core.package_identification:_identify(src/sequential) by extension 'ignore_ament_install'
[0.175s] Level 1:colcon.colcon_core.package_identification:_identify(src/sequential) by extensions ['colcon_pkg']
[0.175s] Level 1:colcon.colcon_core.package_identification:_identify(src/sequential) by extension 'colcon_pkg'
[0.175s] Level 1:colcon.colcon_core.package_identification:_identify(src/sequential) by extensions ['colcon_meta']
[0.175s] Level 1:colcon.colcon_core.package_identification:_identify(src/sequential) by extension 'colcon_meta'
[0.175s] Level 1:colcon.colcon_core.package_identification:_identify(src/sequential) by extensions ['ros']
[0.175s] Level 1:colcon.colcon_core.package_identification:_identify(src/sequential) by extension 'ros'
[0.176s] DEBUG:colcon.colcon_core.package_identification:Package 'src/sequential' with type 'ros.ament_python' and name 'sequential'
[0.176s] Level 1:colcon.colcon_core.package_identification:_identify(src/sift_interfaces) by extensions ['ignore', 'ignore_ament_install']
[0.176s] Level 1:colcon.colcon_core.package_identification:_identify(src/sift_interfaces) by extension 'ignore'
[0.176s] Level 1:colcon.colcon_core.package_identification:_identify(src/sift_interfaces) by extension 'ignore_ament_install'
[0.176s] Level 1:colcon.colcon_core.package_identification:_identify(src/sift_interfaces) by extensions ['colcon_pkg']
[0.176s] Level 1:colcon.colcon_core.package_identification:_identify(src/sift_interfaces) by extension 'colcon_pkg'
[0.176s] Level 1:colcon.colcon_core.package_identification:_identify(src/sift_interfaces) by extensions ['colcon_meta']
[0.176s] Level 1:colcon.colcon_core.package_identification:_identify(src/sift_interfaces) by extension 'colcon_meta'
[0.176s] Level 1:colcon.colcon_core.package_identification:_identify(src/sift_interfaces) by extensions ['ros']
[0.176s] Level 1:colcon.colcon_core.package_identification:_identify(src/sift_interfaces) by extension 'ros'
[0.176s] DEBUG:colcon.colcon_core.package_identification:Package 'src/sift_interfaces' with type 'ros.ament_cmake' and name 'sift_interfaces'
[0.176s] Level 1:colcon.colcon_core.package_discovery:discover_packages(recursive) using defaults
[0.176s] Level 1:colcon.colcon_core.package_discovery:discover_packages(ignore) discover
[0.177s] Level 1:colcon.colcon_core.package_discovery:discover_packages(ignore) using defaults
[0.177s] Level 1:colcon.colcon_core.package_discovery:discover_packages(path) discover
[0.177s] Level 1:colcon.colcon_core.package_discovery:discover_packages(path) using defaults
[0.193s] INFO:colcon.colcon_core.package_selection:Skipping not selected package 'sift_interfaces' in 'src/sift_interfaces'
[0.193s] INFO:colcon.colcon_core.package_selection:Skipping not selected package 'paralel' in 'src/paralel'
[0.193s] INFO:colcon.colcon_core.package_selection:Skipping not selected package 'parallel' in 'src/parallel'
[0.193s] Level 1:colcon.colcon_core.package_discovery:discover_packages(prefix_path) check parameters
[0.193s] Level 1:colcon.colcon_core.package_discovery:discover_packages(prefix_path) discover
[0.194s] DEBUG:colcon.colcon_installed_package_information.package_discovery:Found 4 installed packages in /home/sberk/Desktop/paralel/install
[0.196s] DEBUG:colcon.colcon_installed_package_information.package_discovery:Found 328 installed packages in /opt/ros/jazzy
[0.197s] Level 1:colcon.colcon_core.package_discovery:discover_packages(prefix_path) using defaults
[0.240s] Level 5:colcon.colcon_core.verb:set package 'sequential' build argument 'cmake_args' from command line to 'None'
[0.240s] Level 5:colcon.colcon_core.verb:set package 'sequential' build argument 'cmake_target' from command line to 'None'
[0.240s] Level 5:colcon.colcon_core.verb:set package 'sequential' build argument 'cmake_target_skip_unavailable' from command line to 'False'
[0.240s] Level 5:colcon.colcon_core.verb:set package 'sequential' build argument 'cmake_clean_cache' from command line to 'False'
[0.240s] Level 5:colcon.colcon_core.verb:set package 'sequential' build argument 'cmake_clean_first' from command line to 'False'
[0.240s] Level 5:colcon.colcon_core.verb:set package 'sequential' build argument 'cmake_force_configure' from command line to 'False'
[0.240s] Level 5:colcon.colcon_core.verb:set package 'sequential' build argument 'ament_cmake_args' from command line to 'None'
[0.240s] Level 5:colcon.colcon_core.verb:set package 'sequential' build argument 'catkin_cmake_args' from command line to 'None'
[0.240s] Level 5:colcon.colcon_core.verb:set package 'sequential' build argument 'catkin_skip_building_tests' from command line to 'False'
[0.240s] DEBUG:colcon.colcon_core.verb:Building package 'sequential' with the following arguments: {'ament_cmake_args': None, 'build_base': '/home/sberk/Desktop/paralel/build/sequential', 'catkin_cmake_args': None, 'catkin_skip_building_tests': False, 'cmake_args': None, 'cmake_clean_cache': False, 'cmake_clean_first': False, 'cmake_force_configure': False, 'cmake_target': None, 'cmake_target_skip_unavailable': False, 'install_base': '/home/sberk/Desktop/paralel/install/sequential', 'merge_install': False, 'path': '/home/sberk/Desktop/paralel/src/sequential', 'symlink_install': False, 'test_result_base': None}
[0.240s] INFO:colcon.colcon_core.executor:Executing jobs using 'parallel' executor
[0.241s] DEBUG:colcon.colcon_parallel_executor.executor.parallel:run_until_complete
[0.241s] INFO:colcon.colcon_ros.task.ament_python.build:Building ROS package in '/home/sberk/Desktop/paralel/src/sequential' with build type 'ament_python'
[0.241s] Level 1:colcon.colcon_core.shell:create_environment_hook('sequential', 'ament_prefix_path')
[0.243s] INFO:colcon.colcon_core.plugin_system:Skipping extension 'colcon_core.shell.bat': Not used on non-Windows systems
[0.243s] INFO:colcon.colcon_core.shell:Creating environment hook '/home/sberk/Desktop/paralel/install/sequential/share/sequential/hook/ament_prefix_path.ps1'
[0.244s] INFO:colcon.colcon_core.shell:Creating environment descriptor '/home/sberk/Desktop/paralel/install/sequential/share/sequential/hook/ament_prefix_path.dsv'
[0.244s] INFO:colcon.colcon_core.shell:Creating environment hook '/home/sberk/Desktop/paralel/install/sequential/share/sequential/hook/ament_prefix_path.sh'
[0.245s] INFO:colcon.colcon_core.shell:Skip shell extension 'powershell' for command environment: Not usable outside of PowerShell
[0.245s] DEBUG:colcon.colcon_core.shell:Skip shell extension 'dsv' for command environment
[0.501s] INFO:colcon.colcon_core.task.python.build:Building Python package in '/home/sberk/Desktop/paralel/src/sequential'
[0.502s] INFO:colcon.colcon_core.shell:Skip shell extension 'powershell' for command environment: Not usable outside of PowerShell
[0.502s] DEBUG:colcon.colcon_core.shell:Skip shell extension 'dsv' for command environment
[1.507s] DEBUG:colcon.colcon_core.event_handler.log_command:Invoking command in '/home/sberk/Desktop/paralel/src/sequential': CMAKE_PREFIX_PATH=/home/sberk/Desktop/paralel/install/sift_interfaces:/home/sberk/Desktop/paralel/install/paralel:/opt/ros/jazzy/opt/gz_sim_vendor:/opt/ros/jazzy/opt/gz_sensors_vendor:/opt/ros/jazzy/opt/gz_physics_vendor:/opt/ros/jazzy/opt/sdformat_vendor:/opt/ros/jazzy/opt/gz_gui_vendor:/opt/ros/jazzy/opt/gz_transport_vendor:/opt/ros/jazzy/opt/gz_rendering_vendor:/opt/ros/jazzy/opt/gz_plugin_vendor:/opt/ros/jazzy/opt/gz_fuel_tools_vendor:/opt/ros/jazzy/opt/gz_msgs_vendor:/opt/ros/jazzy/opt/gz_common_vendor:/opt/ros/jazzy/opt/gz_math_vendor:/opt/ros/jazzy/opt/gz_utils_vendor:/opt/ros/jazzy/opt/gz_tools_vendor:/opt/ros/jazzy/opt/gz_ogre_next_vendor:/opt/ros/jazzy/opt/gz_dartsim_vendor:/opt/ros/jazzy/opt/gz_cmake_vendor DEBUGINFOD_URLS=https://debuginfod.ubuntu.com PYTHONPATH=/home/sberk/Desktop/paralel/build/sequential/prefix_override:/usr/lib/python3/dist-packages/colcon_core/task/python/colcon_distutils_commands:/home/sberk/Desktop/paralel/install/sequential/lib/python3.12/site-packages:/home/sberk/Desktop/paralel/install/sift_interfaces/lib/python3.12/site-packages:/home/sberk/Desktop/paralel/install/sequential/lib/python3.12/site-packages:/home/sberk/Desktop/paralel/install/parallel/lib/python3.12/site-packages:/opt/ros/jazzy/lib/python3.12/site-packages VIRTUAL_ENV_PROMPT=(venv-ardupilot) /usr/bin/python3 -W ignore:setup.py install is deprecated -W ignore:easy_install command is deprecated setup.py egg_info --egg-base ../../build/sequential build --build-base /home/sberk/Desktop/paralel/build/sequential/build install --record /home/sberk/Desktop/paralel/build/sequential/install.log --single-version-externally-managed install_data
[2.260s] DEBUG:colcon.colcon_core.event_handler.log_command:Invoked command in '/home/sberk/Desktop/paralel/src/sequential' returned '0': CMAKE_PREFIX_PATH=/home/sberk/Desktop/paralel/install/sift_interfaces:/home/sberk/Desktop/paralel/install/paralel:/opt/ros/jazzy/opt/gz_sim_vendor:/opt/ros/jazzy/opt/gz_sensors_vendor:/opt/ros/jazzy/opt/gz_physics_vendor:/opt/ros/jazzy/opt/sdformat_vendor:/opt/ros/jazzy/opt/gz_gui_vendor:/opt/ros/jazzy/opt/gz_transport_vendor:/opt/ros/jazzy/opt/gz_rendering_vendor:/opt/ros/jazzy/opt/gz_plugin_vendor:/opt/ros/jazzy/opt/gz_fuel_tools_vendor:/opt/ros/jazzy/opt/gz_msgs_vendor:/opt/ros/jazzy/opt/gz_common_vendor:/opt/ros/jazzy/opt/gz_math_vendor:/opt/ros/jazzy/opt/gz_utils_vendor:/opt/ros/jazzy/opt/gz_tools_vendor:/opt/ros/jazzy/opt/gz_ogre_next_vendor:/opt/ros/jazzy/opt/gz_dartsim_vendor:/opt/ros/jazzy/opt/gz_cmake_vendor DEBUGINFOD_URLS=https://debuginfod.ubuntu.com PYTHONPATH=/home/sberk/Desktop/paralel/build/sequential/prefix_override:/usr/lib/python3/dist-packages/colcon_core/task/python/colcon_distutils_commands:/home/sberk/Desktop/paralel/install/sequential/lib/python3.12/site-packages:/home/sberk/Desktop/paralel/install/sift_interfaces/lib/python3.12/site-packages:/home/sberk/Desktop/paralel/install/sequential/lib/python3.12/site-packages:/home/sberk/Desktop/paralel/install/parallel/lib/python3.12/site-packages:/opt/ros/jazzy/lib/python3.12/site-packages VIRTUAL_ENV_PROMPT=(venv-ardupilot) /usr/bin/python3 -W ignore:setup.py install is deprecated -W ignore:easy_install command is deprecated setup.py egg_info --egg-base ../../build/sequential build --build-base /home/sberk/Desktop/paralel/build/sequential/build install --record /home/sberk/Desktop/paralel/build/sequential/install.log --single-version-externally-managed install_data
[2.263s] Level 1:colcon.colcon_core.environment:checking '/home/sberk/Desktop/paralel/install/sequential' for CMake module files
[2.263s] Level 1:colcon.colcon_core.environment:checking '/home/sberk/Desktop/paralel/install/sequential' for CMake config files
[2.264s] Level 1:colcon.colcon_core.environment:checking '/home/sberk/Desktop/paralel/install/sequential/lib'
[2.264s] Level 1:colcon.colcon_core.environment:checking '/home/sberk/Desktop/paralel/install/sequential/bin'
[2.264s] Level 1:colcon.colcon_core.environment:checking '/home/sberk/Desktop/paralel/install/sequential/lib/pkgconfig/sequential.pc'
[2.265s] Level 1:colcon.colcon_core.environment:checking '/home/sberk/Desktop/paralel/install/sequential/lib/python3.12/site-packages'
[2.265s] Level 1:colcon.colcon_core.shell:create_environment_hook('sequential', 'pythonpath')
[2.265s] INFO:colcon.colcon_core.shell:Creating environment hook '/home/sberk/Desktop/paralel/install/sequential/share/sequential/hook/pythonpath.ps1'
[2.266s] INFO:colcon.colcon_core.shell:Creating environment descriptor '/home/sberk/Desktop/paralel/install/sequential/share/sequential/hook/pythonpath.dsv'
[2.266s] INFO:colcon.colcon_core.shell:Creating environment hook '/home/sberk/Desktop/paralel/install/sequential/share/sequential/hook/pythonpath.sh'
[2.267s] Level 1:colcon.colcon_core.environment:checking '/home/sberk/Desktop/paralel/install/sequential/bin'
[2.267s] Level 1:colcon.colcon_core.environment:create_environment_scripts_only(sequential)
[2.267s] INFO:colcon.colcon_core.shell:Creating package script '/home/sberk/Desktop/paralel/install/sequential/share/sequential/package.ps1'
[2.268s] INFO:colcon.colcon_core.shell:Creating package descriptor '/home/sberk/Desktop/paralel/install/sequential/share/sequential/package.dsv'
[2.269s] INFO:colcon.colcon_core.shell:Creating package script '/home/sberk/Desktop/paralel/install/sequential/share/sequential/package.sh'
[2.270s] INFO:colcon.colcon_core.shell:Creating package script '/home/sberk/Desktop/paralel/install/sequential/share/sequential/package.bash'
[2.271s] INFO:colcon.colcon_core.shell:Creating package script '/home/sberk/Desktop/paralel/install/sequential/share/sequential/package.zsh'
[2.272s] Level 1:colcon.colcon_core.environment:create_file_with_runtime_dependencies(/home/sberk/Desktop/paralel/install/sequential/share/colcon-core/packages/sequential)
[2.272s] DEBUG:colcon.colcon_parallel_executor.executor.parallel:closing loop
[2.273s] DEBUG:colcon.colcon_parallel_executor.executor.parallel:loop closed
[2.273s] DEBUG:colcon.colcon_parallel_executor.executor.parallel:run_until_complete finished with '0'
[2.274s] DEBUG:colcon.colcon_core.event_reactor:joining thread
[2.282s] INFO:colcon.colcon_core.plugin_system:Skipping extension 'colcon_notification.desktop_notification.terminal_notifier': Not used on non-Darwin systems
[2.282s] INFO:colcon.colcon_core.plugin_system:Skipping extension 'colcon_notification.desktop_notification.win32': Not used on non-Windows systems
[2.282s] INFO:colcon.colcon_notification.desktop_notification:Sending desktop notification using 'notify2'
[2.294s] DEBUG:colcon.colcon_core.event_reactor:joined thread
[2.294s] INFO:colcon.colcon_core.shell:Creating prefix script '/home/sberk/Desktop/paralel/install/local_setup.ps1'
[2.296s] INFO:colcon.colcon_core.shell:Creating prefix util module '/home/sberk/Desktop/paralel/install/_local_setup_util_ps1.py'
[2.297s] INFO:colcon.colcon_core.shell:Creating prefix chain script '/home/sberk/Desktop/paralel/install/setup.ps1'
[2.299s] INFO:colcon.colcon_core.shell:Creating prefix script '/home/sberk/Desktop/paralel/install/local_setup.sh'
[2.300s] INFO:colcon.colcon_core.shell:Creating prefix util module '/home/sberk/Desktop/paralel/install/_local_setup_util_sh.py'
[2.301s] INFO:colcon.colcon_core.shell:Creating prefix chain script '/home/sberk/Desktop/paralel/install/setup.sh'
[2.302s] INFO:colcon.colcon_core.shell:Creating prefix script '/home/sberk/Desktop/paralel/install/local_setup.bash'
[2.303s] INFO:colcon.colcon_core.shell:Creating prefix chain script '/home/sberk/Desktop/paralel/install/setup.bash'
[2.304s] INFO:colcon.colcon_core.shell:Creating prefix script '/home/sberk/Desktop/paralel/install/local_setup.zsh'
[2.304s] INFO:colcon.colcon_core.shell:Creating prefix chain script '/home/sberk/Desktop/paralel/install/setup.zsh'
