[0.158s] DEBUG:colcon:Command line arguments: ['/usr/bin/colcon', 'build', '--packages-select', 'sequential', 'parallel']
[0.158s] DEBUG:colcon:Parsed command line arguments: Namespace(log_base=None, log_level=None, verb_name='build', build_base='build', install_base='install', merge_install=False, symlink_install=False, test_result_base=None, continue_on_error=False, executor='parallel', parallel_workers=8, event_handlers=None, ignore_user_meta=False, metas=['./colcon.meta'], base_paths=['.'], packages_ignore=None, packages_ignore_regex=None, paths=None, packages_up_to=None, packages_up_to_regex=None, packages_above=None, packages_above_and_dependencies=None, packages_above_depth=None, packages_select_by_dep=None, packages_skip_by_dep=None, packages_skip_up_to=None, packages_select_build_failed=False, packages_skip_build_finished=False, packages_select_test_failures=False, packages_skip_test_passed=False, packages_select=['sequential', 'parallel'], packages_skip=None, packages_select_regex=None, packages_skip_regex=None, packages_start=None, packages_end=None, allow_overriding=[], cmake_args=None, cmake_target=None, cmake_target_skip_unavailable=False, cmake_clean_cache=False, cmake_clean_first=False, cmake_force_configure=False, ament_cmake_args=None, catkin_cmake_args=None, catkin_skip_building_tests=False, mixin_files=None, mixin=None, verb_parser=<colcon_mixin.mixin.mixin_argument.MixinArgumentDecorator object at 0x76c5edd86f00>, verb_extension=<colcon_core.verb.build.BuildVerb object at 0x76c5edd86930>, main=<bound method BuildVerb.main of <colcon_core.verb.build.BuildVerb object at 0x76c5edd86930>>, mixin_verb=('build',))
[0.215s] Level 1:colcon.colcon_core.package_discovery:discover_packages(colcon_meta) check parameters
[0.215s] Level 1:colcon.colcon_core.package_discovery:discover_packages(recursive) check parameters
[0.216s] Level 1:colcon.colcon_core.package_discovery:discover_packages(ignore) check parameters
[0.216s] Level 1:colcon.colcon_core.package_discovery:discover_packages(path) check parameters
[0.216s] Level 1:colcon.colcon_core.package_discovery:discover_packages(colcon_meta) discover
[0.216s] Level 1:colcon.colcon_core.package_discovery:discover_packages(recursive) discover
[0.216s] INFO:colcon.colcon_core.package_discovery:Crawling recursively for packages in '/home/sberk/Desktop/paralel'
[0.216s] Level 1:colcon.colcon_core.package_identification:_identify(.) by extensions ['ignore', 'ignore_ament_install']
[0.216s] Level 1:colcon.colcon_core.package_identification:_identify(.) by extension 'ignore'
[0.216s] Level 1:colcon.colcon_core.package_identification:_identify(.) by extension 'ignore_ament_install'
[0.216s] Level 1:colcon.colcon_core.package_identification:_identify(.) by extensions ['colcon_pkg']
[0.216s] Level 1:colcon.colcon_core.package_identification:_identify(.) by extension 'colcon_pkg'
[0.216s] Level 1:colcon.colcon_core.package_identification:_identify(.) by extensions ['colcon_meta']
[0.216s] Level 1:colcon.colcon_core.package_identification:_identify(.) by extension 'colcon_meta'
[0.216s] Level 1:colcon.colcon_core.package_identification:_identify(.) by extensions ['ros']
[0.216s] Level 1:colcon.colcon_core.package_identification:_identify(.) by extension 'ros'
[0.261s] Level 1:colcon.colcon_core.package_identification:_identify(.) by extensions ['cmake', 'python']
[0.261s] Level 1:colcon.colcon_core.package_identification:_identify(.) by extension 'cmake'
[0.261s] Level 1:colcon.colcon_core.package_identification:_identify(.) by extension 'python'
[0.261s] Level 1:colcon.colcon_core.package_identification:_identify(.) by extensions ['python_setup_py']
[0.261s] Level 1:colcon.colcon_core.package_identification:_identify(.) by extension 'python_setup_py'
[0.262s] Level 1:colcon.colcon_core.package_identification:_identify(build) by extensions ['ignore', 'ignore_ament_install']
[0.262s] Level 1:colcon.colcon_core.package_identification:_identify(build) by extension 'ignore'
[0.262s] Level 1:colcon.colcon_core.package_identification:_identify(build) ignored
[0.262s] Level 1:colcon.colcon_core.package_identification:_identify(install) by extensions ['ignore', 'ignore_ament_install']
[0.262s] Level 1:colcon.colcon_core.package_identification:_identify(install) by extension 'ignore'
[0.262s] Level 1:colcon.colcon_core.package_identification:_identify(install) ignored
[0.262s] Level 1:colcon.colcon_core.package_identification:_identify(log) by extensions ['ignore', 'ignore_ament_install']
[0.262s] Level 1:colcon.colcon_core.package_identification:_identify(log) by extension 'ignore'
[0.263s] Level 1:colcon.colcon_core.package_identification:_identify(log) ignored
[0.263s] Level 1:colcon.colcon_core.package_identification:_identify(src) by extensions ['ignore', 'ignore_ament_install']
[0.263s] Level 1:colcon.colcon_core.package_identification:_identify(src) by extension 'ignore'
[0.263s] Level 1:colcon.colcon_core.package_identification:_identify(src) by extension 'ignore_ament_install'
[0.263s] Level 1:colcon.colcon_core.package_identification:_identify(src) by extensions ['colcon_pkg']
[0.263s] Level 1:colcon.colcon_core.package_identification:_identify(src) by extension 'colcon_pkg'
[0.263s] Level 1:colcon.colcon_core.package_identification:_identify(src) by extensions ['colcon_meta']
[0.263s] Level 1:colcon.colcon_core.package_identification:_identify(src) by extension 'colcon_meta'
[0.263s] Level 1:colcon.colcon_core.package_identification:_identify(src) by extensions ['ros']
[0.263s] Level 1:colcon.colcon_core.package_identification:_identify(src) by extension 'ros'
[0.264s] Level 1:colcon.colcon_core.package_identification:_identify(src) by extensions ['cmake', 'python']
[0.264s] Level 1:colcon.colcon_core.package_identification:_identify(src) by extension 'cmake'
[0.264s] Level 1:colcon.colcon_core.package_identification:_identify(src) by extension 'python'
[0.264s] Level 1:colcon.colcon_core.package_identification:_identify(src) by extensions ['python_setup_py']
[0.264s] Level 1:colcon.colcon_core.package_identification:_identify(src) by extension 'python_setup_py'
[0.264s] Level 1:colcon.colcon_core.package_identification:_identify(src/parallel) by extensions ['ignore', 'ignore_ament_install']
[0.264s] Level 1:colcon.colcon_core.package_identification:_identify(src/parallel) by extension 'ignore'
[0.264s] Level 1:colcon.colcon_core.package_identification:_identify(src/parallel) by extension 'ignore_ament_install'
[0.264s] Level 1:colcon.colcon_core.package_identification:_identify(src/parallel) by extensions ['colcon_pkg']
[0.264s] Level 1:colcon.colcon_core.package_identification:_identify(src/parallel) by extension 'colcon_pkg'
[0.264s] Level 1:colcon.colcon_core.package_identification:_identify(src/parallel) by extensions ['colcon_meta']
[0.264s] Level 1:colcon.colcon_core.package_identification:_identify(src/parallel) by extension 'colcon_meta'
[0.264s] Level 1:colcon.colcon_core.package_identification:_identify(src/parallel) by extensions ['ros']
[0.264s] Level 1:colcon.colcon_core.package_identification:_identify(src/parallel) by extension 'ros'
[0.268s] DEBUG:colcon.colcon_core.package_identification:Package 'src/parallel' with type 'ros.ament_python' and name 'parallel'
[0.268s] Level 1:colcon.colcon_core.package_identification:_identify(src/sequential) by extensions ['ignore', 'ignore_ament_install']
[0.268s] Level 1:colcon.colcon_core.package_identification:_identify(src/sequential) by extension 'ignore'
[0.268s] Level 1:colcon.colcon_core.package_identification:_identify(src/sequential) by extension 'ignore_ament_install'
[0.269s] Level 1:colcon.colcon_core.package_identification:_identify(src/sequential) by extensions ['colcon_pkg']
[0.269s] Level 1:colcon.colcon_core.package_identification:_identify(src/sequential) by extension 'colcon_pkg'
[0.269s] Level 1:colcon.colcon_core.package_identification:_identify(src/sequential) by extensions ['colcon_meta']
[0.269s] Level 1:colcon.colcon_core.package_identification:_identify(src/sequential) by extension 'colcon_meta'
[0.269s] Level 1:colcon.colcon_core.package_identification:_identify(src/sequential) by extensions ['ros']
[0.269s] Level 1:colcon.colcon_core.package_identification:_identify(src/sequential) by extension 'ros'
[0.269s] DEBUG:colcon.colcon_core.package_identification:Package 'src/sequential' with type 'ros.ament_python' and name 'sequential'
[0.269s] Level 1:colcon.colcon_core.package_identification:_identify(src/sift_interfaces) by extensions ['ignore', 'ignore_ament_install']
[0.269s] Level 1:colcon.colcon_core.package_identification:_identify(src/sift_interfaces) by extension 'ignore'
[0.269s] Level 1:colcon.colcon_core.package_identification:_identify(src/sift_interfaces) by extension 'ignore_ament_install'
[0.269s] Level 1:colcon.colcon_core.package_identification:_identify(src/sift_interfaces) by extensions ['colcon_pkg']
[0.269s] Level 1:colcon.colcon_core.package_identification:_identify(src/sift_interfaces) by extension 'colcon_pkg'
[0.270s] Level 1:colcon.colcon_core.package_identification:_identify(src/sift_interfaces) by extensions ['colcon_meta']
[0.270s] Level 1:colcon.colcon_core.package_identification:_identify(src/sift_interfaces) by extension 'colcon_meta'
[0.270s] Level 1:colcon.colcon_core.package_identification:_identify(src/sift_interfaces) by extensions ['ros']
[0.270s] Level 1:colcon.colcon_core.package_identification:_identify(src/sift_interfaces) by extension 'ros'
[0.271s] DEBUG:colcon.colcon_core.package_identification:Package 'src/sift_interfaces' with type 'ros.ament_cmake' and name 'sift_interfaces'
[0.271s] Level 1:colcon.colcon_core.package_discovery:discover_packages(recursive) using defaults
[0.272s] Level 1:colcon.colcon_core.package_discovery:discover_packages(ignore) discover
[0.272s] Level 1:colcon.colcon_core.package_discovery:discover_packages(ignore) using defaults
[0.272s] Level 1:colcon.colcon_core.package_discovery:discover_packages(path) discover
[0.272s] Level 1:colcon.colcon_core.package_discovery:discover_packages(path) using defaults
[0.294s] INFO:colcon.colcon_core.package_selection:Skipping not selected package 'sift_interfaces' in 'src/sift_interfaces'
[0.294s] Level 1:colcon.colcon_core.package_discovery:discover_packages(prefix_path) check parameters
[0.294s] Level 1:colcon.colcon_core.package_discovery:discover_packages(prefix_path) discover
[0.295s] WARNING:colcon.colcon_ros.prefix_path.ament:The path '/home/sberk/Desktop/paralel/install/sequential' in the environment variable AMENT_PREFIX_PATH doesn't exist
[0.296s] DEBUG:colcon.colcon_installed_package_information.package_discovery:Found 1 installed packages in /home/sberk/Desktop/paralel/install
[0.298s] DEBUG:colcon.colcon_installed_package_information.package_discovery:Found 328 installed packages in /opt/ros/jazzy
[0.300s] Level 1:colcon.colcon_core.package_discovery:discover_packages(prefix_path) using defaults
[0.366s] Level 5:colcon.colcon_core.verb:set package 'parallel' build argument 'cmake_args' from command line to 'None'
[0.366s] Level 5:colcon.colcon_core.verb:set package 'parallel' build argument 'cmake_target' from command line to 'None'
[0.366s] Level 5:colcon.colcon_core.verb:set package 'parallel' build argument 'cmake_target_skip_unavailable' from command line to 'False'
[0.366s] Level 5:colcon.colcon_core.verb:set package 'parallel' build argument 'cmake_clean_cache' from command line to 'False'
[0.366s] Level 5:colcon.colcon_core.verb:set package 'parallel' build argument 'cmake_clean_first' from command line to 'False'
[0.366s] Level 5:colcon.colcon_core.verb:set package 'parallel' build argument 'cmake_force_configure' from command line to 'False'
[0.366s] Level 5:colcon.colcon_core.verb:set package 'parallel' build argument 'ament_cmake_args' from command line to 'None'
[0.366s] Level 5:colcon.colcon_core.verb:set package 'parallel' build argument 'catkin_cmake_args' from command line to 'None'
[0.366s] Level 5:colcon.colcon_core.verb:set package 'parallel' build argument 'catkin_skip_building_tests' from command line to 'False'
[0.366s] DEBUG:colcon.colcon_core.verb:Building package 'parallel' with the following arguments: {'ament_cmake_args': None, 'build_base': '/home/sberk/Desktop/paralel/build/parallel', 'catkin_cmake_args': None, 'catkin_skip_building_tests': False, 'cmake_args': None, 'cmake_clean_cache': False, 'cmake_clean_first': False, 'cmake_force_configure': False, 'cmake_target': None, 'cmake_target_skip_unavailable': False, 'install_base': '/home/sberk/Desktop/paralel/install/parallel', 'merge_install': False, 'path': '/home/sberk/Desktop/paralel/src/parallel', 'symlink_install': False, 'test_result_base': None}
[0.366s] Level 5:colcon.colcon_core.verb:set package 'sequential' build argument 'cmake_args' from command line to 'None'
[0.366s] Level 5:colcon.colcon_core.verb:set package 'sequential' build argument 'cmake_target' from command line to 'None'
[0.366s] Level 5:colcon.colcon_core.verb:set package 'sequential' build argument 'cmake_target_skip_unavailable' from command line to 'False'
[0.366s] Level 5:colcon.colcon_core.verb:set package 'sequential' build argument 'cmake_clean_cache' from command line to 'False'
[0.366s] Level 5:colcon.colcon_core.verb:set package 'sequential' build argument 'cmake_clean_first' from command line to 'False'
[0.366s] Level 5:colcon.colcon_core.verb:set package 'sequential' build argument 'cmake_force_configure' from command line to 'False'
[0.366s] Level 5:colcon.colcon_core.verb:set package 'sequential' build argument 'ament_cmake_args' from command line to 'None'
[0.366s] Level 5:colcon.colcon_core.verb:set package 'sequential' build argument 'catkin_cmake_args' from command line to 'None'
[0.366s] Level 5:colcon.colcon_core.verb:set package 'sequential' build argument 'catkin_skip_building_tests' from command line to 'False'
[0.366s] DEBUG:colcon.colcon_core.verb:Building package 'sequential' with the following arguments: {'ament_cmake_args': None, 'build_base': '/home/sberk/Desktop/paralel/build/sequential', 'catkin_cmake_args': None, 'catkin_skip_building_tests': False, 'cmake_args': None, 'cmake_clean_cache': False, 'cmake_clean_first': False, 'cmake_force_configure': False, 'cmake_target': None, 'cmake_target_skip_unavailable': False, 'install_base': '/home/sberk/Desktop/paralel/install/sequential', 'merge_install': False, 'path': '/home/sberk/Desktop/paralel/src/sequential', 'symlink_install': False, 'test_result_base': None}
[0.366s] INFO:colcon.colcon_core.executor:Executing jobs using 'parallel' executor
[0.367s] DEBUG:colcon.colcon_parallel_executor.executor.parallel:run_until_complete
[0.367s] INFO:colcon.colcon_ros.task.ament_python.build:Building ROS package in '/home/sberk/Desktop/paralel/src/parallel' with build type 'ament_python'
[0.368s] Level 1:colcon.colcon_core.shell:create_environment_hook('parallel', 'ament_prefix_path')
[0.369s] INFO:colcon.colcon_core.plugin_system:Skipping extension 'colcon_core.shell.bat': Not used on non-Windows systems
[0.369s] INFO:colcon.colcon_core.shell:Creating environment hook '/home/sberk/Desktop/paralel/install/parallel/share/parallel/hook/ament_prefix_path.ps1'
[0.370s] INFO:colcon.colcon_core.shell:Creating environment descriptor '/home/sberk/Desktop/paralel/install/parallel/share/parallel/hook/ament_prefix_path.dsv'
[0.372s] INFO:colcon.colcon_core.shell:Creating environment hook '/home/sberk/Desktop/paralel/install/parallel/share/parallel/hook/ament_prefix_path.sh'
[0.373s] INFO:colcon.colcon_core.shell:Skip shell extension 'powershell' for command environment: Not usable outside of PowerShell
[0.373s] DEBUG:colcon.colcon_core.shell:Skip shell extension 'dsv' for command environment
[0.379s] INFO:colcon.colcon_ros.task.ament_python.build:Building ROS package in '/home/sberk/Desktop/paralel/src/sequential' with build type 'ament_python'
[0.380s] Level 1:colcon.colcon_core.shell:create_environment_hook('sequential', 'ament_prefix_path')
[0.381s] INFO:colcon.colcon_core.shell:Creating environment hook '/home/sberk/Desktop/paralel/install/sequential/share/sequential/hook/ament_prefix_path.ps1'
[0.381s] INFO:colcon.colcon_core.shell:Creating environment descriptor '/home/sberk/Desktop/paralel/install/sequential/share/sequential/hook/ament_prefix_path.dsv'
[0.382s] INFO:colcon.colcon_core.shell:Creating environment hook '/home/sberk/Desktop/paralel/install/sequential/share/sequential/hook/ament_prefix_path.sh'
[0.383s] INFO:colcon.colcon_core.shell:Skip shell extension 'powershell' for command environment: Not usable outside of PowerShell
[0.383s] DEBUG:colcon.colcon_core.shell:Skip shell extension 'dsv' for command environment
[0.746s] INFO:colcon.colcon_core.task.python.build:Building Python package in '/home/sberk/Desktop/paralel/src/parallel'
[0.747s] INFO:colcon.colcon_core.shell:Skip shell extension 'powershell' for command environment: Not usable outside of PowerShell
[0.747s] DEBUG:colcon.colcon_core.shell:Skip shell extension 'dsv' for command environment
[1.075s] INFO:colcon.colcon_core.task.python.build:Building Python package in '/home/sberk/Desktop/paralel/src/sequential'
[1.075s] INFO:colcon.colcon_core.shell:Skip shell extension 'powershell' for command environment: Not usable outside of PowerShell
[1.075s] DEBUG:colcon.colcon_core.shell:Skip shell extension 'dsv' for command environment
[1.989s] DEBUG:colcon.colcon_core.event_handler.log_command:Invoking command in '/home/sberk/Desktop/paralel/src/sequential': DEBUGINFOD_URLS=https://debuginfod.ubuntu.com PYTHONPATH=/home/sberk/Desktop/paralel/build/sequential/prefix_override:/usr/lib/python3/dist-packages/colcon_core/task/python/colcon_distutils_commands:/home/sberk/Desktop/paralel/install/sequential/lib/python3.12/site-packages:/home/sberk/Desktop/paralel/install/sift_interfaces/lib/python3.12/site-packages:/home/sberk/Desktop/paralel/install/sequential/lib/python3.12/site-packages:/opt/ros/jazzy/lib/python3.12/site-packages VIRTUAL_ENV_PROMPT=(venv-ardupilot) /usr/bin/python3 -W ignore:setup.py install is deprecated -W ignore:easy_install command is deprecated setup.py egg_info --egg-base ../../build/sequential build --build-base /home/sberk/Desktop/paralel/build/sequential/build install --record /home/sberk/Desktop/paralel/build/sequential/install.log --single-version-externally-managed install_data
[2.001s] DEBUG:colcon.colcon_core.event_handler.log_command:Invoking command in '/home/sberk/Desktop/paralel/src/parallel': DEBUGINFOD_URLS=https://debuginfod.ubuntu.com PYTHONPATH=/home/sberk/Desktop/paralel/build/parallel/prefix_override:/usr/lib/python3/dist-packages/colcon_core/task/python/colcon_distutils_commands:/home/sberk/Desktop/paralel/install/parallel/lib/python3.12/site-packages:/home/sberk/Desktop/paralel/install/sift_interfaces/lib/python3.12/site-packages:/home/sberk/Desktop/paralel/install/sequential/lib/python3.12/site-packages:/opt/ros/jazzy/lib/python3.12/site-packages VIRTUAL_ENV_PROMPT=(venv-ardupilot) /usr/bin/python3 -W ignore:setup.py install is deprecated -W ignore:easy_install command is deprecated setup.py egg_info --egg-base ../../build/parallel build --build-base /home/sberk/Desktop/paralel/build/parallel/build install --record /home/sberk/Desktop/paralel/build/parallel/install.log --single-version-externally-managed install_data
[2.818s] DEBUG:colcon.colcon_core.event_handler.log_command:Invoked command in '/home/sberk/Desktop/paralel/src/sequential' returned '0': DEBUGINFOD_URLS=https://debuginfod.ubuntu.com PYTHONPATH=/home/sberk/Desktop/paralel/build/sequential/prefix_override:/usr/lib/python3/dist-packages/colcon_core/task/python/colcon_distutils_commands:/home/sberk/Desktop/paralel/install/sequential/lib/python3.12/site-packages:/home/sberk/Desktop/paralel/install/sift_interfaces/lib/python3.12/site-packages:/home/sberk/Desktop/paralel/install/sequential/lib/python3.12/site-packages:/opt/ros/jazzy/lib/python3.12/site-packages VIRTUAL_ENV_PROMPT=(venv-ardupilot) /usr/bin/python3 -W ignore:setup.py install is deprecated -W ignore:easy_install command is deprecated setup.py egg_info --egg-base ../../build/sequential build --build-base /home/sberk/Desktop/paralel/build/sequential/build install --record /home/sberk/Desktop/paralel/build/sequential/install.log --single-version-externally-managed install_data
[2.820s] Level 1:colcon.colcon_core.environment:checking '/home/sberk/Desktop/paralel/install/sequential' for CMake module files
[2.821s] Level 1:colcon.colcon_core.environment:checking '/home/sberk/Desktop/paralel/install/sequential' for CMake config files
[2.822s] Level 1:colcon.colcon_core.environment:checking '/home/sberk/Desktop/paralel/install/sequential/lib'
[2.823s] Level 1:colcon.colcon_core.environment:checking '/home/sberk/Desktop/paralel/install/sequential/bin'
[2.823s] Level 1:colcon.colcon_core.environment:checking '/home/sberk/Desktop/paralel/install/sequential/lib/pkgconfig/sequential.pc'
[2.823s] Level 1:colcon.colcon_core.environment:checking '/home/sberk/Desktop/paralel/install/sequential/lib/python3.12/site-packages'
[2.823s] Level 1:colcon.colcon_core.shell:create_environment_hook('sequential', 'pythonpath')
[2.823s] INFO:colcon.colcon_core.shell:Creating environment hook '/home/sberk/Desktop/paralel/install/sequential/share/sequential/hook/pythonpath.ps1'
[2.824s] INFO:colcon.colcon_core.shell:Creating environment descriptor '/home/sberk/Desktop/paralel/install/sequential/share/sequential/hook/pythonpath.dsv'
[2.824s] INFO:colcon.colcon_core.shell:Creating environment hook '/home/sberk/Desktop/paralel/install/sequential/share/sequential/hook/pythonpath.sh'
[2.825s] Level 1:colcon.colcon_core.environment:checking '/home/sberk/Desktop/paralel/install/sequential/bin'
[2.825s] Level 1:colcon.colcon_core.environment:create_environment_scripts_only(sequential)
[2.825s] INFO:colcon.colcon_core.shell:Creating package script '/home/sberk/Desktop/paralel/install/sequential/share/sequential/package.ps1'
[2.827s] INFO:colcon.colcon_core.shell:Creating package descriptor '/home/sberk/Desktop/paralel/install/sequential/share/sequential/package.dsv'
[2.827s] INFO:colcon.colcon_core.shell:Creating package script '/home/sberk/Desktop/paralel/install/sequential/share/sequential/package.sh'
[2.828s] INFO:colcon.colcon_core.shell:Creating package script '/home/sberk/Desktop/paralel/install/sequential/share/sequential/package.bash'
[2.829s] INFO:colcon.colcon_core.shell:Creating package script '/home/sberk/Desktop/paralel/install/sequential/share/sequential/package.zsh'
[2.830s] Level 1:colcon.colcon_core.environment:create_file_with_runtime_dependencies(/home/sberk/Desktop/paralel/install/sequential/share/colcon-core/packages/sequential)
[2.833s] Level 1:colcon.colcon_core.environment:checking '/home/sberk/Desktop/paralel/install/parallel' for CMake module files
[2.833s] DEBUG:colcon.colcon_core.event_handler.log_command:Invoked command in '/home/sberk/Desktop/paralel/src/parallel' returned '0': DEBUGINFOD_URLS=https://debuginfod.ubuntu.com PYTHONPATH=/home/sberk/Desktop/paralel/build/parallel/prefix_override:/usr/lib/python3/dist-packages/colcon_core/task/python/colcon_distutils_commands:/home/sberk/Desktop/paralel/install/parallel/lib/python3.12/site-packages:/home/sberk/Desktop/paralel/install/sift_interfaces/lib/python3.12/site-packages:/home/sberk/Desktop/paralel/install/sequential/lib/python3.12/site-packages:/opt/ros/jazzy/lib/python3.12/site-packages VIRTUAL_ENV_PROMPT=(venv-ardupilot) /usr/bin/python3 -W ignore:setup.py install is deprecated -W ignore:easy_install command is deprecated setup.py egg_info --egg-base ../../build/parallel build --build-base /home/sberk/Desktop/paralel/build/parallel/build install --record /home/sberk/Desktop/paralel/build/parallel/install.log --single-version-externally-managed install_data
[2.833s] Level 1:colcon.colcon_core.environment:checking '/home/sberk/Desktop/paralel/install/parallel' for CMake config files
[2.834s] Level 1:colcon.colcon_core.environment:checking '/home/sberk/Desktop/paralel/install/parallel/lib'
[2.834s] Level 1:colcon.colcon_core.environment:checking '/home/sberk/Desktop/paralel/install/parallel/bin'
[2.834s] Level 1:colcon.colcon_core.environment:checking '/home/sberk/Desktop/paralel/install/parallel/lib/pkgconfig/parallel.pc'
[2.834s] Level 1:colcon.colcon_core.environment:checking '/home/sberk/Desktop/paralel/install/parallel/lib/python3.12/site-packages'
[2.834s] Level 1:colcon.colcon_core.shell:create_environment_hook('parallel', 'pythonpath')
[2.834s] INFO:colcon.colcon_core.shell:Creating environment hook '/home/sberk/Desktop/paralel/install/parallel/share/parallel/hook/pythonpath.ps1'
[2.835s] INFO:colcon.colcon_core.shell:Creating environment descriptor '/home/sberk/Desktop/paralel/install/parallel/share/parallel/hook/pythonpath.dsv'
[2.835s] INFO:colcon.colcon_core.shell:Creating environment hook '/home/sberk/Desktop/paralel/install/parallel/share/parallel/hook/pythonpath.sh'
[2.836s] Level 1:colcon.colcon_core.environment:checking '/home/sberk/Desktop/paralel/install/parallel/bin'
[2.836s] Level 1:colcon.colcon_core.environment:create_environment_scripts_only(parallel)
[2.836s] INFO:colcon.colcon_core.shell:Creating package script '/home/sberk/Desktop/paralel/install/parallel/share/parallel/package.ps1'
[2.837s] INFO:colcon.colcon_core.shell:Creating package descriptor '/home/sberk/Desktop/paralel/install/parallel/share/parallel/package.dsv'
[2.838s] INFO:colcon.colcon_core.shell:Creating package script '/home/sberk/Desktop/paralel/install/parallel/share/parallel/package.sh'
[2.839s] INFO:colcon.colcon_core.shell:Creating package script '/home/sberk/Desktop/paralel/install/parallel/share/parallel/package.bash'
[2.839s] INFO:colcon.colcon_core.shell:Creating package script '/home/sberk/Desktop/paralel/install/parallel/share/parallel/package.zsh'
[2.839s] Level 1:colcon.colcon_core.environment:create_file_with_runtime_dependencies(/home/sberk/Desktop/paralel/install/parallel/share/colcon-core/packages/parallel)
[2.840s] DEBUG:colcon.colcon_parallel_executor.executor.parallel:closing loop
[2.840s] DEBUG:colcon.colcon_parallel_executor.executor.parallel:loop closed
[2.840s] DEBUG:colcon.colcon_parallel_executor.executor.parallel:run_until_complete finished with '0'
[2.840s] DEBUG:colcon.colcon_core.event_reactor:joining thread
[2.845s] INFO:colcon.colcon_core.plugin_system:Skipping extension 'colcon_notification.desktop_notification.terminal_notifier': Not used on non-Darwin systems
[2.845s] INFO:colcon.colcon_core.plugin_system:Skipping extension 'colcon_notification.desktop_notification.win32': Not used on non-Windows systems
[2.845s] INFO:colcon.colcon_notification.desktop_notification:Sending desktop notification using 'notify2'
[2.863s] DEBUG:colcon.colcon_core.event_reactor:joined thread
[2.863s] INFO:colcon.colcon_core.shell:Creating prefix script '/home/sberk/Desktop/paralel/install/local_setup.ps1'
[2.865s] INFO:colcon.colcon_core.shell:Creating prefix util module '/home/sberk/Desktop/paralel/install/_local_setup_util_ps1.py'
[2.866s] INFO:colcon.colcon_core.shell:Creating prefix chain script '/home/sberk/Desktop/paralel/install/setup.ps1'
[2.868s] INFO:colcon.colcon_core.shell:Creating prefix script '/home/sberk/Desktop/paralel/install/local_setup.sh'
[2.868s] INFO:colcon.colcon_core.shell:Creating prefix util module '/home/sberk/Desktop/paralel/install/_local_setup_util_sh.py'
[2.869s] INFO:colcon.colcon_core.shell:Creating prefix chain script '/home/sberk/Desktop/paralel/install/setup.sh'
[2.872s] INFO:colcon.colcon_core.shell:Creating prefix script '/home/sberk/Desktop/paralel/install/local_setup.bash'
[2.872s] INFO:colcon.colcon_core.shell:Creating prefix chain script '/home/sberk/Desktop/paralel/install/setup.bash'
[2.874s] INFO:colcon.colcon_core.shell:Creating prefix script '/home/sberk/Desktop/paralel/install/local_setup.zsh'
[2.874s] INFO:colcon.colcon_core.shell:Creating prefix chain script '/home/sberk/Desktop/paralel/install/setup.zsh'
