running egg_info
creating ../../build/sequential/sequential.egg-info
writing ../../build/sequential/sequential.egg-info/PKG-INFO
writing dependency_links to ../../build/sequential/sequential.egg-info/dependency_links.txt
writing entry points to ../../build/sequential/sequential.egg-info/entry_points.txt
writing requirements to ../../build/sequential/sequential.egg-info/requires.txt
writing top-level names to ../../build/sequential/sequential.egg-info/top_level.txt
writing manifest file '../../build/sequential/sequential.egg-info/SOURCES.txt'
reading manifest file '../../build/sequential/sequential.egg-info/SOURCES.txt'
writing manifest file '../../build/sequential/sequential.egg-info/SOURCES.txt'
running build
running build_py
creating /home/sberk/Desktop/paralel/build/sequential/build
creating /home/sberk/Desktop/paralel/build/sequential/build/lib
creating /home/sberk/Desktop/paralel/build/sequential/build/lib/sequential
copying sequential/__init__.py -> /home/sberk/Desktop/paralel/build/sequential/build/lib/sequential
copying sequential/flann_subscriber.py -> /home/sberk/Desktop/paralel/build/sequential/build/lib/sequential
copying sequential/sift_publisher.py -> /home/sberk/Desktop/paralel/build/sequential/build/lib/sequential
copying sequential/perf_utils.py -> /home/sberk/Desktop/paralel/build/sequential/build/lib/sequential
running install
running install_lib
creating /home/sberk/Desktop/paralel/install/sequential/lib/python3.12/site-packages/sequential
copying /home/sberk/Desktop/paralel/build/sequential/build/lib/sequential/__init__.py -> /home/sberk/Desktop/paralel/install/sequential/lib/python3.12/site-packages/sequential
copying /home/sberk/Desktop/paralel/build/sequential/build/lib/sequential/flann_subscriber.py -> /home/sberk/Desktop/paralel/install/sequential/lib/python3.12/site-packages/sequential
copying /home/sberk/Desktop/paralel/build/sequential/build/lib/sequential/sift_publisher.py -> /home/sberk/Desktop/paralel/install/sequential/lib/python3.12/site-packages/sequential
copying /home/sberk/Desktop/paralel/build/sequential/build/lib/sequential/perf_utils.py -> /home/sberk/Desktop/paralel/install/sequential/lib/python3.12/site-packages/sequential
byte-compiling /home/sberk/Desktop/paralel/install/sequential/lib/python3.12/site-packages/sequential/__init__.py to __init__.cpython-312.pyc
byte-compiling /home/sberk/Desktop/paralel/install/sequential/lib/python3.12/site-packages/sequential/flann_subscriber.py to flann_subscriber.cpython-312.pyc
byte-compiling /home/sberk/Desktop/paralel/install/sequential/lib/python3.12/site-packages/sequential/sift_publisher.py to sift_publisher.cpython-312.pyc
byte-compiling /home/sberk/Desktop/paralel/install/sequential/lib/python3.12/site-packages/sequential/perf_utils.py to perf_utils.cpython-312.pyc
running install_data
creating /home/sberk/Desktop/paralel/install/sequential/share/ament_index
creating /home/sberk/Desktop/paralel/install/sequential/share/ament_index/resource_index
creating /home/sberk/Desktop/paralel/install/sequential/share/ament_index/resource_index/packages
copying resource/sequential -> /home/sberk/Desktop/paralel/install/sequential/share/ament_index/resource_index/packages
copying package.xml -> /home/sberk/Desktop/paralel/install/sequential/share/sequential
creating /home/sberk/Desktop/paralel/install/sequential/share/sequential/launch
copying launch/sift_matching.launch.py -> /home/sberk/Desktop/paralel/install/sequential/share/sequential/launch
running install_egg_info
Copying ../../build/sequential/sequential.egg-info to /home/sberk/Desktop/paralel/install/sequential/lib/python3.12/site-packages/sequential-0.0.1-py3.12.egg-info
running install_scripts
Installing flann_subscriber script to /home/sberk/Desktop/paralel/install/sequential/lib/sequential
Installing sift_publisher script to /home/sberk/Desktop/paralel/install/sequential/lib/sequential
writing list of installed files to '/home/sberk/Desktop/paralel/build/sequential/install.log'
