[1.608s] Invoking command in '/home/sberk/Desktop/paralel/src/sequential': DEBUGINFOD_URLS=https://debuginfod.ubuntu.com PYTHONPATH=/home/sberk/Desktop/paralel/build/sequential/prefix_override:/usr/lib/python3/dist-packages/colcon_core/task/python/colcon_distutils_commands:/home/sberk/Desktop/paralel/install/sequential/lib/python3.12/site-packages:/home/sberk/Desktop/paralel/install/sift_interfaces/lib/python3.12/site-packages:/home/sberk/Desktop/paralel/install/sequential/lib/python3.12/site-packages:/opt/ros/jazzy/lib/python3.12/site-packages VIRTUAL_ENV_PROMPT=(venv-ardupilot) /usr/bin/python3 -W ignore:setup.py install is deprecated -W ignore:easy_install command is deprecated setup.py egg_info --egg-base ../../build/sequential build --build-base /home/sberk/Desktop/paralel/build/sequential/build install --record /home/sberk/Desktop/paralel/build/sequential/install.log --single-version-externally-managed install_data
[1.970s] running egg_info
[1.970s] creating ../../build/sequential/sequential.egg-info
[1.998s] writing ../../build/sequential/sequential.egg-info/PKG-INFO
[1.998s] writing dependency_links to ../../build/sequential/sequential.egg-info/dependency_links.txt
[1.999s] writing entry points to ../../build/sequential/sequential.egg-info/entry_points.txt
[1.999s] writing requirements to ../../build/sequential/sequential.egg-info/requires.txt
[1.999s] writing top-level names to ../../build/sequential/sequential.egg-info/top_level.txt
[1.999s] writing manifest file '../../build/sequential/sequential.egg-info/SOURCES.txt'
[2.058s] reading manifest file '../../build/sequential/sequential.egg-info/SOURCES.txt'
[2.059s] writing manifest file '../../build/sequential/sequential.egg-info/SOURCES.txt'
[2.059s] running build
[2.059s] running build_py
[2.059s] creating /home/sberk/Desktop/paralel/build/sequential/build
[2.059s] creating /home/sberk/Desktop/paralel/build/sequential/build/lib
[2.060s] creating /home/sberk/Desktop/paralel/build/sequential/build/lib/sequential
[2.060s] copying sequential/__init__.py -> /home/sberk/Desktop/paralel/build/sequential/build/lib/sequential
[2.060s] copying sequential/flann_subscriber.py -> /home/sberk/Desktop/paralel/build/sequential/build/lib/sequential
[2.060s] copying sequential/sift_publisher.py -> /home/sberk/Desktop/paralel/build/sequential/build/lib/sequential
[2.060s] copying sequential/perf_utils.py -> /home/sberk/Desktop/paralel/build/sequential/build/lib/sequential
[2.060s] running install
[2.068s] running install_lib
[2.102s] creating /home/sberk/Desktop/paralel/install/sequential/lib/python3.12/site-packages/sequential
[2.102s] copying /home/sberk/Desktop/paralel/build/sequential/build/lib/sequential/__init__.py -> /home/sberk/Desktop/paralel/install/sequential/lib/python3.12/site-packages/sequential
[2.102s] copying /home/sberk/Desktop/paralel/build/sequential/build/lib/sequential/flann_subscriber.py -> /home/sberk/Desktop/paralel/install/sequential/lib/python3.12/site-packages/sequential
[2.102s] copying /home/sberk/Desktop/paralel/build/sequential/build/lib/sequential/sift_publisher.py -> /home/sberk/Desktop/paralel/install/sequential/lib/python3.12/site-packages/sequential
[2.102s] copying /home/sberk/Desktop/paralel/build/sequential/build/lib/sequential/perf_utils.py -> /home/sberk/Desktop/paralel/install/sequential/lib/python3.12/site-packages/sequential
[2.103s] byte-compiling /home/sberk/Desktop/paralel/install/sequential/lib/python3.12/site-packages/sequential/__init__.py to __init__.cpython-312.pyc
[2.103s] byte-compiling /home/sberk/Desktop/paralel/install/sequential/lib/python3.12/site-packages/sequential/flann_subscriber.py to flann_subscriber.cpython-312.pyc
[2.108s] byte-compiling /home/sberk/Desktop/paralel/install/sequential/lib/python3.12/site-packages/sequential/sift_publisher.py to sift_publisher.cpython-312.pyc
[2.114s] byte-compiling /home/sberk/Desktop/paralel/install/sequential/lib/python3.12/site-packages/sequential/perf_utils.py to perf_utils.cpython-312.pyc
[2.114s] running install_data
[2.114s] creating /home/sberk/Desktop/paralel/install/sequential/share/ament_index
[2.114s] creating /home/sberk/Desktop/paralel/install/sequential/share/ament_index/resource_index
[2.115s] creating /home/sberk/Desktop/paralel/install/sequential/share/ament_index/resource_index/packages
[2.115s] copying resource/sequential -> /home/sberk/Desktop/paralel/install/sequential/share/ament_index/resource_index/packages
[2.115s] copying package.xml -> /home/sberk/Desktop/paralel/install/sequential/share/sequential
[2.115s] creating /home/sberk/Desktop/paralel/install/sequential/share/sequential/launch
[2.115s] copying launch/sift_matching.launch.py -> /home/sberk/Desktop/paralel/install/sequential/share/sequential/launch
[2.115s] running install_egg_info
[2.154s] Copying ../../build/sequential/sequential.egg-info to /home/sberk/Desktop/paralel/install/sequential/lib/python3.12/site-packages/sequential-0.0.1-py3.12.egg-info
[2.156s] running install_scripts
[2.371s] Installing flann_subscriber script to /home/sberk/Desktop/paralel/install/sequential/lib/sequential
[2.372s] Installing sift_publisher script to /home/sberk/Desktop/paralel/install/sequential/lib/sequential
[2.372s] writing list of installed files to '/home/sberk/Desktop/paralel/build/sequential/install.log'
[2.437s] Invoked command in '/home/sberk/Desktop/paralel/src/sequential' returned '0': DEBUGINFOD_URLS=https://debuginfod.ubuntu.com PYTHONPATH=/home/sberk/Desktop/paralel/build/sequential/prefix_override:/usr/lib/python3/dist-packages/colcon_core/task/python/colcon_distutils_commands:/home/sberk/Desktop/paralel/install/sequential/lib/python3.12/site-packages:/home/sberk/Desktop/paralel/install/sift_interfaces/lib/python3.12/site-packages:/home/sberk/Desktop/paralel/install/sequential/lib/python3.12/site-packages:/opt/ros/jazzy/lib/python3.12/site-packages VIRTUAL_ENV_PROMPT=(venv-ardupilot) /usr/bin/python3 -W ignore:setup.py install is deprecated -W ignore:easy_install command is deprecated setup.py egg_info --egg-base ../../build/sequential build --build-base /home/sberk/Desktop/paralel/build/sequential/build install --record /home/sberk/Desktop/paralel/build/sequential/install.log --single-version-externally-managed install_data
